<?xml version="1.0" encoding="UTF-8"?>
<coverage generated="1687354533661" clover="3.2.0">
  <project timestamp="1687354533662" name="All files">
    <metrics statements="512" coveredstatements="412" conditionals="202" coveredconditionals="140" methods="70" coveredmethods="60" elements="784" coveredelements="612" complexity="0" loc="512" ncloc="512" packages="6" files="17" classes="17"/>
    <package name="server">
      <metrics statements="36" coveredstatements="33" conditionals="4" coveredconditionals="1" methods="1" coveredmethods="0"/>
      <file name="index.js" path="/Users/pratikbhandari/Desktop/echo-hybrid/server/index.js">
        <metrics statements="36" coveredstatements="33" conditionals="4" coveredconditionals="1" methods="1" coveredmethods="0"/>
        <line num="34" count="22" type="stmt"/>
        <line num="36" count="22" type="stmt"/>
        <line num="37" count="22" type="stmt"/>
        <line num="38" count="22" type="stmt"/>
        <line num="40" count="22" type="stmt"/>
        <line num="41" count="22" type="stmt"/>
        <line num="42" count="22" type="stmt"/>
        <line num="43" count="22" type="stmt"/>
        <line num="44" count="22" type="stmt"/>
        <line num="45" count="22" type="stmt"/>
        <line num="46" count="22" type="stmt"/>
        <line num="47" count="22" type="stmt"/>
        <line num="48" count="22" type="stmt"/>
        <line num="49" count="22" type="stmt"/>
        <line num="50" count="22" type="stmt"/>
        <line num="51" count="22" type="stmt"/>
        <line num="52" count="22" type="stmt"/>
        <line num="53" count="22" type="stmt"/>
        <line num="54" count="22" type="stmt"/>
        <line num="55" count="22" type="stmt"/>
        <line num="56" count="22" type="stmt"/>
        <line num="57" count="22" type="stmt"/>
        <line num="58" count="22" type="stmt"/>
        <line num="59" count="22" type="stmt"/>
        <line num="60" count="22" type="stmt"/>
        <line num="61" count="22" type="stmt"/>
        <line num="62" count="22" type="stmt"/>
        <line num="63" count="22" type="stmt"/>
        <line num="64" count="22" type="stmt"/>
        <line num="65" count="22" type="stmt"/>
        <line num="66" count="22" type="stmt"/>
        <line num="69" count="22" type="stmt"/>
        <line num="71" count="22" type="cond" truecount="1" falsecount="1"/>
        <line num="72" count="0" type="cond" truecount="0" falsecount="2"/>
        <line num="73" count="0" type="stmt"/>
        <line num="74" count="0" type="stmt"/>
      </file>
    </package>
    <package name="server.__tests__">
      <metrics statements="69" coveredstatements="68" conditionals="34" coveredconditionals="33" methods="13" coveredmethods="13"/>
      <file name="utils.js" path="/Users/pratikbhandari/Desktop/echo-hybrid/server/__tests__/utils.js">
        <metrics statements="69" coveredstatements="68" conditionals="34" coveredconditionals="33" methods="13" coveredmethods="13"/>
        <line num="5" count="22" type="stmt"/>
        <line num="11" count="22" type="stmt"/>
        <line num="17" count="121" type="stmt"/>
        <line num="24" count="121" type="cond" truecount="2" falsecount="0"/>
        <line num="25" count="119" type="stmt"/>
        <line num="28" count="121" type="cond" truecount="2" falsecount="0"/>
        <line num="29" count="118" type="stmt"/>
        <line num="36" count="118" type="stmt"/>
        <line num="39" count="121" type="stmt"/>
        <line num="42" count="22" type="stmt"/>
        <line num="43" count="122" type="stmt"/>
        <line num="44" count="122" type="stmt"/>
        <line num="49" count="22" type="stmt"/>
        <line num="50" count="285" type="stmt"/>
        <line num="52" count="285" type="stmt"/>
        <line num="55" count="22" type="stmt"/>
        <line num="56" count="9" type="stmt"/>
        <line num="58" count="9" type="stmt"/>
        <line num="61" count="22" type="cond" truecount="1" falsecount="0"/>
        <line num="62" count="294" type="stmt"/>
        <line num="73" count="294" type="stmt"/>
        <line num="77" count="294" type="stmt"/>
        <line num="80" count="22" type="stmt"/>
        <line num="81" count="120" type="cond" truecount="2" falsecount="0"/>
        <line num="82" count="106" type="stmt"/>
        <line num="85" count="120" type="stmt"/>
        <line num="90" count="22" type="stmt"/>
        <line num="91" count="2" type="stmt"/>
        <line num="95" count="2" type="stmt"/>
        <line num="98" count="22" type="stmt"/>
        <line num="104" count="35" type="stmt"/>
        <line num="108" count="35" type="stmt"/>
        <line num="116" count="35" type="stmt"/>
        <line num="118" count="35" type="stmt"/>
        <line num="124" count="35" type="stmt"/>
        <line num="126" count="35" type="cond" truecount="2" falsecount="0"/>
        <line num="127" count="34" type="stmt"/>
        <line num="134" count="35" type="stmt"/>
        <line num="137" count="22" type="stmt"/>
        <line num="144" count="79" type="cond" truecount="1" falsecount="1"/>
        <line num="145" count="0" type="stmt"/>
        <line num="148" count="79" type="cond" truecount="2" falsecount="0"/>
        <line num="149" count="23" type="stmt"/>
        <line num="154" count="79" type="stmt"/>
        <line num="168" count="79" type="stmt"/>
        <line num="169" count="157" type="stmt"/>
        <line num="172" count="79" type="stmt"/>
        <line num="174" count="79" type="stmt"/>
        <line num="177" count="22" type="stmt"/>
        <line num="189" count="48" type="cond" truecount="2" falsecount="0"/>
        <line num="190" count="4" type="stmt"/>
        <line num="193" count="48" type="cond" truecount="2" falsecount="0"/>
        <line num="194" count="4" type="stmt"/>
        <line num="198" count="4" type="stmt"/>
        <line num="201" count="48" type="stmt"/>
        <line num="208" count="48" type="stmt"/>
        <line num="211" count="22" type="stmt"/>
        <line num="212" count="62" type="cond" truecount="2" falsecount="0"/>
        <line num="213" count="41" type="stmt"/>
        <line num="221" count="62" type="stmt"/>
        <line num="226" count="62" type="stmt"/>
        <line num="229" count="22" type="stmt"/>
        <line num="238" count="19" type="stmt"/>
        <line num="243" count="19" type="cond" truecount="2" falsecount="0"/>
        <line num="244" count="3" type="stmt"/>
        <line num="247" count="19" type="stmt"/>
        <line num="250" count="22" type="stmt"/>
        <line num="251" count="3" type="stmt"/>
        <line num="255" count="3" type="stmt"/>
      </file>
    </package>
    <package name="server.__tests__.utils">
      <metrics statements="72" coveredstatements="72" conditionals="17" coveredconditionals="17" methods="17" coveredmethods="17"/>
      <file name="address.utils.js" path="/Users/pratikbhandari/Desktop/echo-hybrid/server/__tests__/utils/address.utils.js">
        <metrics statements="3" coveredstatements="3" conditionals="8" coveredconditionals="8" methods="1" coveredmethods="1"/>
        <line num="3" count="22" type="stmt"/>
        <line num="9" count="155" type="stmt"/>
        <line num="18" count="155" type="stmt"/>
      </file>
      <file name="business.utils.js" path="/Users/pratikbhandari/Desktop/echo-hybrid/server/__tests__/utils/business.utils.js">
        <metrics statements="12" coveredstatements="12" conditionals="5" coveredconditionals="5" methods="3" coveredmethods="3"/>
        <line num="3" count="1" type="stmt"/>
        <line num="11" count="14" type="stmt"/>
        <line num="18" count="14" type="cond" truecount="2" falsecount="0"/>
        <line num="19" count="6" type="stmt"/>
        <line num="22" count="14" type="stmt"/>
        <line num="24" count="14" type="stmt"/>
        <line num="27" count="1" type="stmt"/>
        <line num="34" count="12" type="stmt"/>
        <line num="41" count="12" type="stmt"/>
        <line num="44" count="1" type="stmt"/>
        <line num="45" count="3" type="stmt"/>
        <line num="49" count="3" type="stmt"/>
      </file>
      <file name="order.utils.js" path="/Users/pratikbhandari/Desktop/echo-hybrid/server/__tests__/utils/order.utils.js">
        <metrics statements="33" coveredstatements="33" conditionals="0" coveredconditionals="0" methods="7" coveredmethods="7"/>
        <line num="9" count="7" type="stmt"/>
        <line num="10" count="42" type="stmt"/>
        <line num="15" count="42" type="stmt"/>
        <line num="18" count="7" type="stmt"/>
        <line num="19" count="50" type="stmt"/>
        <line num="23" count="50" type="stmt"/>
        <line num="26" count="7" type="stmt"/>
        <line num="27" count="7" type="stmt"/>
        <line num="31" count="7" type="stmt"/>
        <line num="34" count="7" type="stmt"/>
        <line num="35" count="20" type="stmt"/>
        <line num="39" count="20" type="stmt"/>
        <line num="42" count="7" type="stmt"/>
        <line num="43" count="14" type="stmt"/>
        <line num="44" count="14" type="stmt"/>
        <line num="46" count="14" type="stmt"/>
        <line num="49" count="7" type="stmt"/>
        <line num="50" count="15" type="stmt"/>
        <line num="54" count="15" type="stmt"/>
        <line num="57" count="7" type="stmt"/>
        <line num="58" count="9" type="stmt"/>
        <line num="60" count="9" type="stmt"/>
        <line num="61" count="9" type="stmt"/>
        <line num="64" count="9" type="stmt"/>
        <line num="65" count="9" type="stmt"/>
        <line num="66" count="9" type="stmt"/>
        <line num="73" count="9" type="stmt"/>
        <line num="74" count="9" type="stmt"/>
        <line num="75" count="9" type="stmt"/>
        <line num="76" count="9" type="stmt"/>
        <line num="78" count="9" type="stmt"/>
        <line num="79" count="9" type="stmt"/>
        <line num="98" count="9" type="stmt"/>
      </file>
      <file name="product.utils.js" path="/Users/pratikbhandari/Desktop/echo-hybrid/server/__tests__/utils/product.utils.js">
        <metrics statements="6" coveredstatements="6" conditionals="0" coveredconditionals="0" methods="1" coveredmethods="1"/>
        <line num="8" count="5" type="stmt"/>
        <line num="9" count="8" type="stmt"/>
        <line num="14" count="8" type="stmt"/>
        <line num="15" count="8" type="stmt"/>
        <line num="16" count="8" type="stmt"/>
        <line num="23" count="8" type="stmt"/>
      </file>
      <file name="report.utils.js" path="/Users/pratikbhandari/Desktop/echo-hybrid/server/__tests__/utils/report.utils.js">
        <metrics statements="6" coveredstatements="6" conditionals="0" coveredconditionals="0" methods="2" coveredmethods="2"/>
        <line num="3" count="1" type="stmt"/>
        <line num="4" count="4" type="stmt"/>
        <line num="11" count="4" type="stmt"/>
        <line num="14" count="1" type="stmt"/>
        <line num="15" count="6" type="stmt"/>
        <line num="19" count="6" type="stmt"/>
      </file>
      <file name="review.utils.js" path="/Users/pratikbhandari/Desktop/echo-hybrid/server/__tests__/utils/review.utils.js">
        <metrics statements="9" coveredstatements="9" conditionals="4" coveredconditionals="4" methods="2" coveredmethods="2"/>
        <line num="3" count="3" type="stmt"/>
        <line num="11" count="22" type="stmt"/>
        <line num="16" count="22" type="cond" truecount="2" falsecount="0"/>
        <line num="17" count="4" type="stmt"/>
        <line num="20" count="22" type="stmt"/>
        <line num="22" count="22" type="stmt"/>
        <line num="25" count="3" type="stmt"/>
        <line num="26" count="3" type="stmt"/>
        <line num="30" count="3" type="stmt"/>
      </file>
      <file name="suspension.utils.js" path="/Users/pratikbhandari/Desktop/echo-hybrid/server/__tests__/utils/suspension.utils.js">
        <metrics statements="3" coveredstatements="3" conditionals="0" coveredconditionals="0" methods="1" coveredmethods="1"/>
        <line num="3" count="2" type="stmt"/>
        <line num="11" count="19" type="stmt"/>
        <line num="18" count="19" type="stmt"/>
      </file>
    </package>
    <package name="server.controllers">
      <metrics statements="247" coveredstatements="163" conditionals="108" coveredconditionals="61" methods="22" coveredmethods="16"/>
      <file name="account.controllers.js" path="/Users/pratikbhandari/Desktop/echo-hybrid/server/controllers/account.controllers.js">
        <metrics statements="59" coveredstatements="48" conditionals="20" coveredconditionals="17" methods="4" coveredmethods="4"/>
        <line num="12" count="22" type="stmt"/>
        <line num="14" count="22" type="stmt"/>
        <line num="15" count="2" type="stmt"/>
        <line num="17" count="2" type="cond" truecount="2" falsecount="0"/>
        <line num="18" count="1" type="stmt"/>
        <line num="21" count="1" type="stmt"/>
        <line num="22" count="1" type="stmt"/>
        <line num="27" count="1" type="stmt"/>
        <line num="34" count="1" type="stmt"/>
        <line num="40" count="1" type="stmt"/>
        <line num="44" count="0" type="stmt"/>
        <line num="48" count="22" type="stmt"/>
        <line num="49" count="3" type="stmt"/>
        <line num="50" count="3" type="stmt"/>
        <line num="52" count="3" type="cond" truecount="2" falsecount="0"/>
        <line num="53" count="1" type="stmt"/>
        <line num="56" count="2" type="cond" truecount="2" falsecount="0"/>
        <line num="57" count="1" type="stmt"/>
        <line num="60" count="1" type="stmt"/>
        <line num="61" count="1" type="stmt"/>
        <line num="65" count="1" type="stmt"/>
        <line num="71" count="1" type="cond" truecount="1" falsecount="1"/>
        <line num="72" count="1" type="stmt"/>
        <line num="75" count="0" type="stmt"/>
        <line num="87" count="0" type="stmt"/>
        <line num="91" count="0" type="stmt"/>
        <line num="95" count="22" type="stmt"/>
        <line num="96" count="4" type="stmt"/>
        <line num="98" count="4" type="cond" truecount="2" falsecount="0"/>
        <line num="99" count="1" type="stmt"/>
        <line num="102" count="3" type="stmt"/>
        <line num="103" count="3" type="stmt"/>
        <line num="109" count="3" type="cond" truecount="2" falsecount="0"/>
        <line num="110" count="1" type="stmt"/>
        <line num="113" count="2" type="stmt"/>
        <line num="118" count="2" type="stmt"/>
        <line num="126" count="2" type="stmt"/>
        <line num="132" count="2" type="stmt"/>
        <line num="134" count="0" type="stmt"/>
        <line num="138" count="22" type="stmt"/>
        <line num="139" count="6" type="stmt"/>
        <line num="140" count="6" type="stmt"/>
        <line num="142" count="6" type="cond" truecount="2" falsecount="0"/>
        <line num="143" count="4" type="stmt"/>
        <line num="146" count="2" type="stmt"/>
        <line num="147" count="2" type="stmt"/>
        <line num="153" count="2" type="cond" truecount="2" falsecount="0"/>
        <line num="154" count="1" type="stmt"/>
        <line num="157" count="1" type="stmt"/>
        <line num="163" count="1" type="cond" truecount="1" falsecount="1"/>
        <line num="164" count="0" type="stmt"/>
        <line num="172" count="1" type="stmt"/>
        <line num="178" count="1" type="cond" truecount="1" falsecount="1"/>
        <line num="179" count="1" type="stmt"/>
        <line num="183" count="0" type="stmt"/>
        <line num="184" count="0" type="stmt"/>
        <line num="186" count="0" type="stmt"/>
        <line num="202" count="0" type="stmt"/>
        <line num="204" count="0" type="stmt"/>
      </file>
      <file name="report.controllers.js" path="/Users/pratikbhandari/Desktop/echo-hybrid/server/controllers/report.controllers.js">
        <metrics statements="61" coveredstatements="33" conditionals="38" coveredconditionals="19" methods="4" coveredmethods="2"/>
        <line num="12" count="22" type="stmt"/>
        <line num="13" count="4" type="stmt"/>
        <line num="14" count="4" type="stmt"/>
        <line num="15" count="4" type="cond" truecount="1" falsecount="1"/>
        <line num="16" count="4" type="stmt"/>
        <line num="17" count="4" type="stmt"/>
        <line num="20" count="4" type="stmt"/>
        <line num="22" count="4" type="cond" truecount="1" falsecount="1"/>
        <line num="23" count="0" type="stmt"/>
        <line num="26" count="4" type="stmt"/>
        <line num="50" count="4" type="stmt"/>
        <line num="57" count="4" type="cond" truecount="1" falsecount="1"/>
        <line num="58" count="0" type="stmt"/>
        <line num="62" count="4" type="cond" truecount="2" falsecount="0"/>
        <line num="63" count="1" type="cond" truecount="1" falsecount="1"/>
        <line num="64" count="0" type="stmt"/>
        <line num="71" count="4" type="cond" truecount="2" falsecount="0"/>
        <line num="72" count="1" type="cond" truecount="1" falsecount="1"/>
        <line num="73" count="0" type="stmt"/>
        <line num="80" count="4" type="cond" truecount="2" falsecount="0"/>
        <line num="81" count="1" type="cond" truecount="1" falsecount="1"/>
        <line num="82" count="0" type="stmt"/>
        <line num="87" count="4" type="cond" truecount="2" falsecount="0"/>
        <line num="88" count="1" type="cond" truecount="1" falsecount="1"/>
        <line num="89" count="0" type="stmt"/>
        <line num="95" count="4" type="stmt"/>
        <line num="102" count="4" type="stmt"/>
        <line num="103" count="4" type="stmt"/>
        <line num="108" count="4" type="stmt"/>
        <line num="113" count="4" type="stmt"/>
        <line num="115" count="0" type="stmt"/>
        <line num="117" count="0" type="cond" truecount="0" falsecount="2"/>
        <line num="118" count="0" type="stmt"/>
        <line num="126" count="0" type="stmt"/>
        <line num="130" count="22" type="stmt"/>
        <line num="131" count="0" type="cond" truecount="0" falsecount="2"/>
        <line num="132" count="0" type="cond" truecount="0" falsecount="2"/>
        <line num="133" count="0" type="stmt"/>
        <line num="134" count="0" type="stmt"/>
        <line num="136" count="0" type="cond" truecount="0" falsecount="2"/>
        <line num="137" count="0" type="stmt"/>
        <line num="139" count="0" type="cond" truecount="0" falsecount="2"/>
        <line num="140" count="0" type="stmt"/>
        <line num="143" count="0" type="stmt"/>
        <line num="150" count="0" type="stmt"/>
        <line num="151" count="0" type="stmt"/>
        <line num="166" count="0" type="stmt"/>
        <line num="168" count="0" type="stmt"/>
        <line num="172" count="22" type="stmt"/>
        <line num="173" count="5" type="cond" truecount="1" falsecount="1"/>
        <line num="175" count="5" type="stmt"/>
        <line num="176" count="5" type="stmt"/>
        <line num="182" count="4" type="stmt"/>
        <line num="184" count="1" type="cond" truecount="1" falsecount="1"/>
        <line num="189" count="1" type="stmt"/>
        <line num="192" count="0" type="stmt"/>
        <line num="196" count="22" type="stmt"/>
        <line num="197" count="0" type="stmt"/>
        <line num="198" count="0" type="stmt"/>
        <line num="207" count="0" type="stmt"/>
        <line num="209" count="0" type="stmt"/>
      </file>
      <file name="store.controllers.js" path="/Users/pratikbhandari/Desktop/echo-hybrid/server/controllers/store.controllers.js">
        <metrics statements="64" coveredstatements="30" conditionals="30" coveredconditionals="9" methods="7" coveredmethods="4"/>
        <line num="9" count="22" type="stmt"/>
        <line num="10" count="76" type="stmt"/>
        <line num="11" count="76" type="stmt"/>
        <line num="13" count="76" type="stmt"/>
        <line num="15" count="76" type="cond" truecount="2" falsecount="0"/>
        <line num="16" count="2" type="stmt"/>
        <line num="19" count="74" type="cond" truecount="2" falsecount="0"/>
        <line num="20" count="2" type="stmt"/>
        <line num="23" count="72" type="stmt"/>
        <line num="25" count="72" type="stmt"/>
        <line num="29" count="72" type="cond" truecount="2" falsecount="0"/>
        <line num="30" count="5" type="stmt"/>
        <line num="38" count="67" type="stmt"/>
        <line num="45" count="67" type="stmt"/>
        <line num="47" count="0" type="stmt"/>
        <line num="51" count="22" type="stmt"/>
        <line num="52" count="0" type="cond" truecount="0" falsecount="2"/>
        <line num="54" count="0" type="stmt"/>
        <line num="55" count="0" type="stmt"/>
        <line num="77" count="0" type="cond" truecount="0" falsecount="2"/>
        <line num="78" count="0" type="stmt"/>
        <line num="81" count="0" type="cond" truecount="0" falsecount="2"/>
        <line num="82" count="0" type="stmt"/>
        <line num="86" count="0" type="cond" truecount="0" falsecount="4"/>
        <line num="87" count="0" type="stmt"/>
        <line num="94" count="0" type="stmt"/>
        <line num="96" count="0" type="stmt"/>
        <line num="97" count="0" type="stmt"/>
        <line num="101" count="22" type="stmt"/>
        <line num="102" count="0" type="stmt"/>
        <line num="103" count="0" type="cond" truecount="0" falsecount="2"/>
        <line num="104" count="0" type="cond" truecount="0" falsecount="2"/>
        <line num="105" count="0" type="cond" truecount="0" falsecount="2"/>
        <line num="106" count="0" type="cond" truecount="0" falsecount="2"/>
        <line num="107" count="0" type="stmt"/>
        <line num="109" count="0" type="stmt"/>
        <line num="110" count="0" type="stmt"/>
        <line num="132" count="0" type="stmt"/>
        <line num="139" count="0" type="stmt"/>
        <line num="141" count="0" type="cond" truecount="0" falsecount="2"/>
        <line num="142" count="0" type="stmt"/>
        <line num="147" count="0" type="stmt"/>
        <line num="165" count="0" type="stmt"/>
        <line num="178" count="0" type="stmt"/>
        <line num="179" count="0" type="stmt"/>
        <line num="206" count="0" type="stmt"/>
        <line num="208" count="0" type="stmt"/>
        <line num="209" count="0" type="stmt"/>
        <line num="213" count="22" type="stmt"/>
        <line num="214" count="3" type="stmt"/>
        <line num="215" count="3" type="stmt"/>
        <line num="216" count="3" type="stmt"/>
        <line num="218" count="3" type="cond" truecount="2" falsecount="0"/>
        <line num="219" count="1" type="stmt"/>
        <line num="222" count="2" type="stmt"/>
        <line num="239" count="4" type="stmt"/>
        <line num="247" count="2" type="cond" truecount="1" falsecount="1"/>
        <line num="248" count="0" type="stmt"/>
        <line num="257" count="2" type="stmt"/>
        <line num="258" count="2" type="stmt"/>
        <line num="259" count="2" type="stmt"/>
        <line num="262" count="2" type="stmt"/>
        <line num="264" count="2" type="stmt"/>
        <line num="266" count="0" type="stmt"/>
      </file>
      <file name="user.controllers.js" path="/Users/pratikbhandari/Desktop/echo-hybrid/server/controllers/user.controllers.js">
        <metrics statements="63" coveredstatements="52" conditionals="20" coveredconditionals="16" methods="7" coveredmethods="6"/>
        <line num="11" count="22" type="stmt"/>
        <line num="13" count="9" type="stmt"/>
        <line num="14" count="9" type="stmt"/>
        <line num="16" count="9" type="stmt"/>
        <line num="22" count="9" type="cond" truecount="2" falsecount="0"/>
        <line num="23" count="6" type="stmt"/>
        <line num="26" count="3" type="stmt"/>
        <line num="27" count="3" type="stmt"/>
        <line num="29" count="3" type="cond" truecount="1" falsecount="1"/>
        <line num="32" count="3" type="stmt"/>
        <line num="33" count="3" type="stmt"/>
        <line num="38" count="3" type="stmt"/>
        <line num="41" count="3" type="stmt"/>
        <line num="50" count="3" type="stmt"/>
        <line num="52" count="0" type="stmt"/>
        <line num="54" count="0" type="stmt"/>
        <line num="58" count="22" type="stmt"/>
        <line num="59" count="5" type="stmt"/>
        <line num="60" count="5" type="stmt"/>
        <line num="62" count="5" type="cond" truecount="2" falsecount="0"/>
        <line num="63" count="1" type="stmt"/>
        <line num="67" count="4" type="stmt"/>
        <line num="69" count="4" type="cond" truecount="2" falsecount="0"/>
        <line num="70" count="2" type="stmt"/>
        <line num="73" count="2" type="stmt"/>
        <line num="74" count="2" type="stmt"/>
        <line num="76" count="2" type="cond" truecount="2" falsecount="0"/>
        <line num="77" count="1" type="stmt"/>
        <line num="81" count="1" type="stmt"/>
        <line num="82" count="1" type="stmt"/>
        <line num="85" count="1" type="stmt"/>
        <line num="92" count="1" type="stmt"/>
        <line num="94" count="0" type="stmt"/>
        <line num="96" count="0" type="stmt"/>
        <line num="100" count="22" type="stmt"/>
        <line num="101" count="2" type="stmt"/>
        <line num="103" count="2" type="cond" truecount="2" falsecount="0"/>
        <line num="104" count="1" type="stmt"/>
        <line num="107" count="1" type="stmt"/>
        <line num="108" count="1" type="stmt"/>
        <line num="116" count="1" type="stmt"/>
        <line num="122" count="1" type="stmt"/>
        <line num="124" count="0" type="stmt"/>
        <line num="128" count="22" type="stmt"/>
        <line num="130" count="0" type="stmt"/>
        <line num="132" count="0" type="stmt"/>
        <line num="133" count="0" type="stmt"/>
        <line num="142" count="0" type="stmt"/>
        <line num="146" count="0" type="stmt"/>
        <line num="150" count="22" type="stmt"/>
        <line num="151" count="4" type="stmt"/>
        <line num="153" count="4" type="stmt"/>
        <line num="158" count="22" type="stmt"/>
        <line num="159" count="120" type="cond" truecount="2" falsecount="0"/>
        <line num="161" count="120" type="stmt"/>
        <line num="162" count="120" type="stmt"/>
        <line num="175" count="118" type="stmt"/>
        <line num="177" count="2" type="stmt"/>
        <line num="181" count="22" type="stmt"/>
        <line num="182" count="122" type="cond" truecount="1" falsecount="1"/>
        <line num="184" count="122" type="stmt"/>
        <line num="185" count="122" type="stmt"/>
        <line num="195" count="0" type="stmt"/>
      </file>
    </package>
    <package name="server.middleware">
      <metrics statements="35" coveredstatements="29" conditionals="39" coveredconditionals="28" methods="1" coveredmethods="1"/>
      <file name="auth.middleware.js" path="/Users/pratikbhandari/Desktop/echo-hybrid/server/middleware/auth.middleware.js">
        <metrics statements="35" coveredstatements="29" conditionals="39" coveredconditionals="28" methods="1" coveredmethods="1"/>
        <line num="6" count="22" type="stmt"/>
        <line num="7" count="1182" type="stmt"/>
        <line num="8" count="1182" type="stmt"/>
        <line num="9" count="1182" type="stmt"/>
        <line num="11" count="1182" type="cond" truecount="2" falsecount="0"/>
        <line num="12" count="1" type="stmt"/>
        <line num="15" count="1181" type="stmt"/>
        <line num="16" count="1181" type="cond" truecount="1" falsecount="1"/>
        <line num="18" count="1181" type="stmt"/>
        <line num="19" count="1181" type="stmt"/>
        <line num="21" count="1177" type="cond" truecount="1" falsecount="1"/>
        <line num="23" count="1177" type="stmt"/>
        <line num="43" count="1177" type="cond" truecount="1" falsecount="1"/>
        <line num="44" count="0" type="stmt"/>
        <line num="47" count="1177" type="cond" truecount="1" falsecount="1"/>
        <line num="52" count="0" type="stmt"/>
        <line num="57" count="1177" type="cond" truecount="2" falsecount="2"/>
        <line num="59" count="0" type="stmt"/>
        <line num="64" count="1177" type="cond" truecount="4" falsecount="0"/>
        <line num="66" count="6" type="stmt"/>
        <line num="74" count="1171" type="cond" truecount="1" falsecount="1"/>
        <line num="79" count="0" type="stmt"/>
        <line num="87" count="1171" type="cond" truecount="1" falsecount="1"/>
        <line num="91" count="0" type="stmt"/>
        <line num="99" count="1171" type="cond" truecount="2" falsecount="0"/>
        <line num="103" count="9" type="stmt"/>
        <line num="111" count="1162" type="stmt"/>
        <line num="113" count="0" type="stmt"/>
        <line num="116" count="4" type="stmt"/>
        <line num="117" count="4" type="stmt"/>
        <line num="119" count="4" type="cond" truecount="1" falsecount="1"/>
        <line num="120" count="4" type="stmt"/>
        <line num="121" count="4" type="stmt"/>
        <line num="124" count="4" type="stmt"/>
        <line num="127" count="1162" type="stmt"/>
      </file>
    </package>
    <package name="server.routes">
      <metrics statements="53" coveredstatements="47" conditionals="0" coveredconditionals="0" methods="16" coveredmethods="13"/>
      <file name="report.routes.js" path="/Users/pratikbhandari/Desktop/echo-hybrid/server/routes/report.routes.js">
        <metrics statements="17" coveredstatements="13" conditionals="0" coveredconditionals="0" methods="5" coveredmethods="3"/>
        <line num="11" count="22" type="stmt"/>
        <line num="12" count="22" type="stmt"/>
        <line num="14" count="22" type="stmt"/>
        <line num="17" count="4" type="stmt"/>
        <line num="18" count="4" type="stmt"/>
        <line num="19" count="4" type="stmt"/>
        <line num="26" count="4" type="stmt"/>
        <line num="31" count="22" type="stmt"/>
        <line num="34" count="0" type="stmt"/>
        <line num="35" count="0" type="stmt"/>
        <line num="40" count="22" type="stmt"/>
        <line num="43" count="6" type="stmt"/>
        <line num="44" count="6" type="stmt"/>
        <line num="49" count="22" type="stmt"/>
        <line num="52" count="0" type="stmt"/>
        <line num="53" count="0" type="stmt"/>
        <line num="58" count="22" type="stmt"/>
      </file>
      <file name="store.routes.js" path="/Users/pratikbhandari/Desktop/echo-hybrid/server/routes/store.routes.js">
        <metrics statements="16" coveredstatements="14" conditionals="0" coveredconditionals="0" methods="5" coveredmethods="4"/>
        <line num="11" count="22" type="stmt"/>
        <line num="12" count="22" type="stmt"/>
        <line num="14" count="22" type="stmt"/>
        <line num="17" count="78" type="stmt"/>
        <line num="18" count="78" type="stmt"/>
        <line num="21" count="78" type="stmt"/>
        <line num="26" count="22" type="stmt"/>
        <line num="28" count="22" type="stmt"/>
        <line num="31" count="0" type="stmt"/>
        <line num="34" count="0" type="stmt"/>
        <line num="39" count="22" type="stmt"/>
        <line num="42" count="3" type="stmt"/>
        <line num="54" count="3" type="stmt"/>
        <line num="57" count="3" type="stmt"/>
        <line num="58" count="3" type="stmt"/>
        <line num="62" count="22" type="stmt"/>
      </file>
      <file name="user.routes.js" path="/Users/pratikbhandari/Desktop/echo-hybrid/server/routes/user.routes.js">
        <metrics statements="20" coveredstatements="20" conditionals="0" coveredconditionals="0" methods="6" coveredmethods="6"/>
        <line num="16" count="22" type="stmt"/>
        <line num="18" count="22" type="stmt"/>
        <line num="21" count="12" type="stmt"/>
        <line num="26" count="12" type="stmt"/>
        <line num="32" count="22" type="stmt"/>
        <line num="35" count="5" type="stmt"/>
        <line num="38" count="5" type="stmt"/>
        <line num="43" count="22" type="stmt"/>
        <line num="46" count="2" type="stmt"/>
        <line num="49" count="2" type="stmt"/>
        <line num="54" count="22" type="stmt"/>
        <line num="56" count="22" type="stmt"/>
        <line num="59" count="4" type="stmt"/>
        <line num="64" count="4" type="stmt"/>
        <line num="71" count="22" type="stmt"/>
        <line num="74" count="120" type="stmt"/>
        <line num="75" count="120" type="stmt"/>
        <line num="80" count="22" type="stmt"/>
        <line num="83" count="122" type="stmt"/>
        <line num="84" count="122" type="stmt"/>
      </file>
    </package>
  </project>
</coverage>
