{"/Users/pratikbhandari/Desktop/echo-hybrid/server/index.js": {"path":"/Users/pratikbhandari/Desktop/echo-hybrid/server/index.js","statementMap":{"0":{"start":{"line":34,"column":0},"end":{"line":34,"column":16}},"1":{"start":{"line":36,"column":19},"end":{"line":36,"column":28}},"2":{"start":{"line":37,"column":15},"end":{"line":37,"column":37}},"3":{"start":{"line":38,"column":11},"end":{"line":38,"column":56}},"4":{"start":{"line":40,"column":0},"end":{"line":40,"column":16}},"5":{"start":{"line":41,"column":0},"end":{"line":41,"column":24}},"6":{"start":{"line":42,"column":0},"end":{"line":42,"column":33}},"7":{"start":{"line":43,"column":0},"end":{"line":43,"column":40}},"8":{"start":{"line":44,"column":0},"end":{"line":44,"column":34}},"9":{"start":{"line":45,"column":0},"end":{"line":45,"column":36}},"10":{"start":{"line":46,"column":0},"end":{"line":46,"column":40}},"11":{"start":{"line":47,"column":0},"end":{"line":47,"column":42}},"12":{"start":{"line":48,"column":0},"end":{"line":48,"column":41}},"13":{"start":{"line":49,"column":0},"end":{"line":49,"column":47}},"14":{"start":{"line":50,"column":0},"end":{"line":50,"column":45}},"15":{"start":{"line":51,"column":0},"end":{"line":51,"column":44}},"16":{"start":{"line":52,"column":0},"end":{"line":52,"column":54}},"17":{"start":{"line":53,"column":0},"end":{"line":53,"column":42}},"18":{"start":{"line":54,"column":0},"end":{"line":54,"column":47}},"19":{"start":{"line":55,"column":0},"end":{"line":55,"column":59}},"20":{"start":{"line":56,"column":0},"end":{"line":56,"column":36}},"21":{"start":{"line":57,"column":0},"end":{"line":57,"column":40}},"22":{"start":{"line":58,"column":0},"end":{"line":58,"column":38}},"23":{"start":{"line":59,"column":0},"end":{"line":59,"column":44}},"24":{"start":{"line":60,"column":0},"end":{"line":60,"column":34}},"25":{"start":{"line":61,"column":0},"end":{"line":61,"column":36}},"26":{"start":{"line":62,"column":0},"end":{"line":62,"column":42}},"27":{"start":{"line":63,"column":0},"end":{"line":63,"column":50}},"28":{"start":{"line":64,"column":0},"end":{"line":64,"column":45}},"29":{"start":{"line":65,"column":0},"end":{"line":65,"column":50}},"30":{"start":{"line":66,"column":0},"end":{"line":66,"column":33}},"31":{"start":{"line":69,"column":0},"end":{"line":69,"column":22}},"32":{"start":{"line":71,"column":0},"end":{"line":76,"column":1}},"33":{"start":{"line":72,"column":17},"end":{"line":72,"column":41}},"34":{"start":{"line":73,"column":4},"end":{"line":75,"column":7}},"35":{"start":{"line":74,"column":8},"end":{"line":74,"column":63}}},"fnMap":{"0":{"name":"(anonymous_0)","decl":{"start":{"line":73,"column":24},"end":{"line":73,"column":25}},"loc":{"start":{"line":73,"column":30},"end":{"line":75,"column":5}},"line":73}},"branchMap":{"0":{"loc":{"start":{"line":71,"column":0},"end":{"line":76,"column":1}},"type":"if","locations":[{"start":{"line":71,"column":0},"end":{"line":76,"column":1}},{"start":{},"end":{}}],"line":71},"1":{"loc":{"start":{"line":72,"column":17},"end":{"line":72,"column":41}},"type":"binary-expr","locations":[{"start":{"line":72,"column":17},"end":{"line":72,"column":33}},{"start":{"line":72,"column":37},"end":{"line":72,"column":41}}],"line":72}},"s":{"0":22,"1":22,"2":22,"3":22,"4":22,"5":22,"6":22,"7":22,"8":22,"9":22,"10":22,"11":22,"12":22,"13":22,"14":22,"15":22,"16":22,"17":22,"18":22,"19":22,"20":22,"21":22,"22":22,"23":22,"24":22,"25":22,"26":22,"27":22,"28":22,"29":22,"30":22,"31":22,"32":22,"33":0,"34":0,"35":0},"f":{"0":0},"b":{"0":[0,22],"1":[0,0]},"_coverageSchema":"1a1c01bbd47fc00a2c39e90264f33305004495a9","hash":"f97846d0f5c96ffaf42f6426eaf101329d58f6f5"}
,"/Users/pratikbhandari/Desktop/echo-hybrid/server/__tests__/utils.js": {"path":"/Users/pratikbhandari/Desktop/echo-hybrid/server/__tests__/utils.js","statementMap":{"0":{"start":{"line":5,"column":24},"end":{"line":9,"column":1}},"1":{"start":{"line":11,"column":29},"end":{"line":40,"column":1}},"2":{"start":{"line":17,"column":21},"end":{"line":22,"column":10}},"3":{"start":{"line":24,"column":4},"end":{"line":26,"column":5}},"4":{"start":{"line":25,"column":8},"end":{"line":25,"column":54}},"5":{"start":{"line":28,"column":4},"end":{"line":37,"column":5}},"6":{"start":{"line":29,"column":32},"end":{"line":34,"column":9}},"7":{"start":{"line":36,"column":8},"end":{"line":36,"column":66}},"8":{"start":{"line":39,"column":4},"end":{"line":39,"column":30}},"9":{"start":{"line":42,"column":26},"end":{"line":47,"column":1}},"10":{"start":{"line":43,"column":23},"end":{"line":43,"column":47}},"11":{"start":{"line":44,"column":4},"end":{"line":46,"column":54}},"12":{"start":{"line":49,"column":29},"end":{"line":53,"column":1}},"13":{"start":{"line":50,"column":21},"end":{"line":50,"column":45}},"14":{"start":{"line":52,"column":4},"end":{"line":52,"column":36}},"15":{"start":{"line":55,"column":41},"end":{"line":59,"column":1}},"16":{"start":{"line":56,"column":21},"end":{"line":56,"column":67}},"17":{"start":{"line":58,"column":4},"end":{"line":58,"column":36}},"18":{"start":{"line":61,"column":29},"end":{"line":78,"column":1}},"19":{"start":{"line":62,"column":23},"end":{"line":71,"column":5}},"20":{"start":{"line":73,"column":21},"end":{"line":75,"column":25}},"21":{"start":{"line":77,"column":4},"end":{"line":77,"column":20}},"22":{"start":{"line":80,"column":33},"end":{"line":88,"column":1}},"23":{"start":{"line":81,"column":4},"end":{"line":83,"column":5}},"24":{"start":{"line":82,"column":8},"end":{"line":82,"column":46}},"25":{"start":{"line":85,"column":4},"end":{"line":87,"column":54}},"26":{"start":{"line":90,"column":34},"end":{"line":96,"column":1}},"27":{"start":{"line":91,"column":21},"end":{"line":93,"column":48}},"28":{"start":{"line":95,"column":4},"end":{"line":95,"column":20}},"29":{"start":{"line":98,"column":30},"end":{"line":135,"column":1}},"30":{"start":{"line":104,"column":4},"end":{"line":106,"column":49}},"31":{"start":{"line":108,"column":21},"end":{"line":114,"column":47}},"32":{"start":{"line":116,"column":23},"end":{"line":116,"column":47}},"33":{"start":{"line":118,"column":28},"end":{"line":123,"column":5}},"34":{"start":{"line":124,"column":4},"end":{"line":124,"column":66}},"35":{"start":{"line":126,"column":4},"end":{"line":132,"column":5}},"36":{"start":{"line":127,"column":8},"end":{"line":131,"column":58}},"37":{"start":{"line":134,"column":4},"end":{"line":134,"column":34}},"38":{"start":{"line":137,"column":29},"end":{"line":175,"column":1}},"39":{"start":{"line":144,"column":4},"end":{"line":146,"column":5}},"40":{"start":{"line":145,"column":8},"end":{"line":145,"column":24}},"41":{"start":{"line":148,"column":4},"end":{"line":152,"column":5}},"42":{"start":{"line":149,"column":8},"end":{"line":151,"column":53}},"43":{"start":{"line":154,"column":20},"end":{"line":166,"column":38}},"44":{"start":{"line":168,"column":4},"end":{"line":170,"column":5}},"45":{"start":{"line":168,"column":17},"end":{"line":168,"column":18}},"46":{"start":{"line":169,"column":8},"end":{"line":169,"column":62}},"47":{"start":{"line":172,"column":21},"end":{"line":172,"column":34}},"48":{"start":{"line":174,"column":4},"end":{"line":174,"column":20}},"49":{"start":{"line":177,"column":36},"end":{"line":209,"column":1}},"50":{"start":{"line":189,"column":4},"end":{"line":191,"column":5}},"51":{"start":{"line":190,"column":8},"end":{"line":190,"column":41}},"52":{"start":{"line":193,"column":4},"end":{"line":199,"column":5}},"53":{"start":{"line":194,"column":31},"end":{"line":196,"column":22}},"54":{"start":{"line":198,"column":8},"end":{"line":198,"column":38}},"55":{"start":{"line":201,"column":21},"end":{"line":206,"column":10}},"56":{"start":{"line":208,"column":4},"end":{"line":208,"column":20}},"57":{"start":{"line":211,"column":24},"end":{"line":227,"column":1}},"58":{"start":{"line":212,"column":4},"end":{"line":219,"column":5}},"59":{"start":{"line":213,"column":8},"end":{"line":218,"column":11}},"60":{"start":{"line":221,"column":21},"end":{"line":224,"column":19}},"61":{"start":{"line":226,"column":4},"end":{"line":226,"column":20}},"62":{"start":{"line":229,"column":39},"end":{"line":248,"column":1}},"63":{"start":{"line":238,"column":21},"end":{"line":241,"column":28}},"64":{"start":{"line":243,"column":4},"end":{"line":245,"column":5}},"65":{"start":{"line":244,"column":8},"end":{"line":244,"column":54}},"66":{"start":{"line":247,"column":4},"end":{"line":247,"column":20}},"67":{"start":{"line":250,"column":39},"end":{"line":256,"column":1}},"68":{"start":{"line":251,"column":21},"end":{"line":253,"column":48}},"69":{"start":{"line":255,"column":4},"end":{"line":255,"column":20}}},"fnMap":{"0":{"name":"(anonymous_0)","decl":{"start":{"line":11,"column":29},"end":{"line":11,"column":30}},"loc":{"start":{"line":16,"column":5},"end":{"line":40,"column":1}},"line":16},"1":{"name":"(anonymous_1)","decl":{"start":{"line":42,"column":26},"end":{"line":42,"column":27}},"loc":{"start":{"line":42,"column":49},"end":{"line":47,"column":1}},"line":42},"2":{"name":"(anonymous_2)","decl":{"start":{"line":49,"column":29},"end":{"line":49,"column":30}},"loc":{"start":{"line":49,"column":44},"end":{"line":53,"column":1}},"line":49},"3":{"name":"(anonymous_3)","decl":{"start":{"line":55,"column":41},"end":{"line":55,"column":42}},"loc":{"start":{"line":55,"column":56},"end":{"line":59,"column":1}},"line":55},"4":{"name":"(anonymous_4)","decl":{"start":{"line":61,"column":29},"end":{"line":61,"column":30}},"loc":{"start":{"line":61,"column":60},"end":{"line":78,"column":1}},"line":61},"5":{"name":"(anonymous_5)","decl":{"start":{"line":80,"column":33},"end":{"line":80,"column":34}},"loc":{"start":{"line":80,"column":68},"end":{"line":88,"column":1}},"line":80},"6":{"name":"(anonymous_6)","decl":{"start":{"line":90,"column":34},"end":{"line":90,"column":35}},"loc":{"start":{"line":90,"column":56},"end":{"line":96,"column":1}},"line":90},"7":{"name":"(anonymous_7)","decl":{"start":{"line":98,"column":30},"end":{"line":98,"column":31}},"loc":{"start":{"line":103,"column":5},"end":{"line":135,"column":1}},"line":103},"8":{"name":"(anonymous_8)","decl":{"start":{"line":137,"column":29},"end":{"line":137,"column":30}},"loc":{"start":{"line":143,"column":5},"end":{"line":175,"column":1}},"line":143},"9":{"name":"(anonymous_9)","decl":{"start":{"line":177,"column":36},"end":{"line":177,"column":37}},"loc":{"start":{"line":188,"column":5},"end":{"line":209,"column":1}},"line":188},"10":{"name":"(anonymous_10)","decl":{"start":{"line":211,"column":24},"end":{"line":211,"column":25}},"loc":{"start":{"line":211,"column":78},"end":{"line":227,"column":1}},"line":211},"11":{"name":"(anonymous_11)","decl":{"start":{"line":229,"column":39},"end":{"line":229,"column":40}},"loc":{"start":{"line":237,"column":5},"end":{"line":248,"column":1}},"line":237},"12":{"name":"(anonymous_12)","decl":{"start":{"line":250,"column":39},"end":{"line":250,"column":40}},"loc":{"start":{"line":250,"column":74},"end":{"line":256,"column":1}},"line":250}},"branchMap":{"0":{"loc":{"start":{"line":13,"column":4},"end":{"line":13,"column":24}},"type":"default-arg","locations":[{"start":{"line":13,"column":20},"end":{"line":13,"column":24}}],"line":13},"1":{"loc":{"start":{"line":15,"column":4},"end":{"line":15,"column":18}},"type":"default-arg","locations":[{"start":{"line":15,"column":14},"end":{"line":15,"column":18}}],"line":15},"2":{"loc":{"start":{"line":24,"column":4},"end":{"line":26,"column":5}},"type":"if","locations":[{"start":{"line":24,"column":4},"end":{"line":26,"column":5}},{"start":{},"end":{}}],"line":24},"3":{"loc":{"start":{"line":28,"column":4},"end":{"line":37,"column":5}},"type":"if","locations":[{"start":{"line":28,"column":4},"end":{"line":37,"column":5}},{"start":{},"end":{}}],"line":28},"4":{"loc":{"start":{"line":61,"column":41},"end":{"line":61,"column":55}},"type":"default-arg","locations":[{"start":{"line":61,"column":48},"end":{"line":61,"column":55}}],"line":61},"5":{"loc":{"start":{"line":64,"column":12},"end":{"line":66,"column":44}},"type":"cond-expr","locations":[{"start":{"line":65,"column":18},"end":{"line":65,"column":41}},{"start":{"line":66,"column":18},"end":{"line":66,"column":44}}],"line":64},"6":{"loc":{"start":{"line":68,"column":12},"end":{"line":70,"column":47}},"type":"cond-expr","locations":[{"start":{"line":69,"column":18},"end":{"line":69,"column":44}},{"start":{"line":70,"column":18},"end":{"line":70,"column":47}}],"line":68},"7":{"loc":{"start":{"line":81,"column":4},"end":{"line":83,"column":5}},"type":"if","locations":[{"start":{"line":81,"column":4},"end":{"line":83,"column":5}},{"start":{},"end":{}}],"line":81},"8":{"loc":{"start":{"line":102,"column":4},"end":{"line":102,"column":25}},"type":"default-arg","locations":[{"start":{"line":102,"column":21},"end":{"line":102,"column":25}}],"line":102},"9":{"loc":{"start":{"line":126,"column":4},"end":{"line":132,"column":5}},"type":"if","locations":[{"start":{"line":126,"column":4},"end":{"line":132,"column":5}},{"start":{},"end":{}}],"line":126},"10":{"loc":{"start":{"line":140,"column":4},"end":{"line":140,"column":22}},"type":"default-arg","locations":[{"start":{"line":140,"column":18},"end":{"line":140,"column":22}}],"line":140},"11":{"loc":{"start":{"line":141,"column":4},"end":{"line":141,"column":19}},"type":"default-arg","locations":[{"start":{"line":141,"column":18},"end":{"line":141,"column":19}}],"line":141},"12":{"loc":{"start":{"line":142,"column":4},"end":{"line":142,"column":24}},"type":"default-arg","locations":[{"start":{"line":142,"column":16},"end":{"line":142,"column":24}}],"line":142},"13":{"loc":{"start":{"line":144,"column":4},"end":{"line":146,"column":5}},"type":"if","locations":[{"start":{"line":144,"column":4},"end":{"line":146,"column":5}},{"start":{},"end":{}}],"line":144},"14":{"loc":{"start":{"line":148,"column":4},"end":{"line":152,"column":5}},"type":"if","locations":[{"start":{"line":148,"column":4},"end":{"line":152,"column":5}},{"start":{},"end":{}}],"line":148},"15":{"loc":{"start":{"line":181,"column":4},"end":{"line":181,"column":18}},"type":"default-arg","locations":[{"start":{"line":181,"column":14},"end":{"line":181,"column":18}}],"line":181},"16":{"loc":{"start":{"line":182,"column":4},"end":{"line":187,"column":5}},"type":"default-arg","locations":[{"start":{"line":182,"column":17},"end":{"line":187,"column":5}}],"line":182},"17":{"loc":{"start":{"line":189,"column":4},"end":{"line":191,"column":5}},"type":"if","locations":[{"start":{"line":189,"column":4},"end":{"line":191,"column":5}},{"start":{},"end":{}}],"line":189},"18":{"loc":{"start":{"line":193,"column":4},"end":{"line":199,"column":5}},"type":"if","locations":[{"start":{"line":193,"column":4},"end":{"line":199,"column":5}},{"start":{},"end":{}}],"line":193},"19":{"loc":{"start":{"line":212,"column":4},"end":{"line":219,"column":5}},"type":"if","locations":[{"start":{"line":212,"column":4},"end":{"line":219,"column":5}},{"start":{},"end":{}}],"line":212},"20":{"loc":{"start":{"line":232,"column":4},"end":{"line":236,"column":5}},"type":"default-arg","locations":[{"start":{"line":232,"column":20},"end":{"line":236,"column":5}}],"line":232},"21":{"loc":{"start":{"line":243,"column":4},"end":{"line":245,"column":5}},"type":"if","locations":[{"start":{"line":243,"column":4},"end":{"line":245,"column":5}},{"start":{},"end":{}}],"line":243}},"s":{"0":22,"1":22,"2":121,"3":121,"4":119,"5":121,"6":118,"7":118,"8":121,"9":22,"10":122,"11":122,"12":22,"13":285,"14":285,"15":22,"16":9,"17":9,"18":22,"19":294,"20":294,"21":294,"22":22,"23":120,"24":106,"25":120,"26":22,"27":2,"28":2,"29":22,"30":35,"31":35,"32":35,"33":35,"34":35,"35":35,"36":34,"37":35,"38":22,"39":79,"40":0,"41":79,"42":23,"43":79,"44":79,"45":79,"46":157,"47":79,"48":79,"49":22,"50":48,"51":4,"52":48,"53":4,"54":4,"55":48,"56":48,"57":22,"58":62,"59":41,"60":62,"61":62,"62":22,"63":19,"64":19,"65":3,"66":19,"67":22,"68":3,"69":3},"f":{"0":121,"1":122,"2":285,"3":9,"4":294,"5":120,"6":2,"7":35,"8":79,"9":48,"10":62,"11":19,"12":3},"b":{"0":[70],"1":[119],"2":[119,2],"3":[118,3],"4":[285],"5":[285,9],"6":[285,9],"7":[106,14],"8":[34],"9":[34,1],"10":[8],"11":[47],"12":[48],"13":[0,79],"14":[23,56],"15":[1],"16":[4],"17":[4,44],"18":[4,44],"19":[41,21],"20":[4],"21":[3,16]},"_coverageSchema":"1a1c01bbd47fc00a2c39e90264f33305004495a9","hash":"6f5f542f54ae7584c0d063d5eab66e4afd88f49e"}
,"/Users/pratikbhandari/Desktop/echo-hybrid/server/__tests__/utils/address.utils.js": {"path":"/Users/pratikbhandari/Desktop/echo-hybrid/server/__tests__/utils/address.utils.js","statementMap":{"0":{"start":{"line":3,"column":26},"end":{"line":19,"column":1}},"1":{"start":{"line":9,"column":21},"end":{"line":16,"column":10}},"2":{"start":{"line":18,"column":4},"end":{"line":18,"column":20}}},"fnMap":{"0":{"name":"(anonymous_0)","decl":{"start":{"line":3,"column":26},"end":{"line":3,"column":27}},"loc":{"start":{"line":8,"column":5},"end":{"line":19,"column":1}},"line":8}},"branchMap":{"0":{"loc":{"start":{"line":6,"column":4},"end":{"line":6,"column":17}},"type":"default-arg","locations":[{"start":{"line":6,"column":11},"end":{"line":6,"column":17}}],"line":6},"1":{"loc":{"start":{"line":7,"column":4},"end":{"line":7,"column":25}},"type":"default-arg","locations":[{"start":{"line":7,"column":21},"end":{"line":7,"column":25}}],"line":7},"2":{"loc":{"start":{"line":13,"column":22},"end":{"line":13,"column":66}},"type":"cond-expr","locations":[{"start":{"line":13,"column":39},"end":{"line":13,"column":48}},{"start":{"line":13,"column":51},"end":{"line":13,"column":66}}],"line":13},"3":{"loc":{"start":{"line":14,"column":18},"end":{"line":14,"column":56}},"type":"cond-expr","locations":[{"start":{"line":14,"column":35},"end":{"line":14,"column":46}},{"start":{"line":14,"column":49},"end":{"line":14,"column":56}}],"line":14},"4":{"loc":{"start":{"line":15,"column":18},"end":{"line":15,"column":60}},"type":"cond-expr","locations":[{"start":{"line":15,"column":35},"end":{"line":15,"column":46}},{"start":{"line":15,"column":49},"end":{"line":15,"column":60}}],"line":15}},"s":{"0":22,"1":155,"2":155},"f":{"0":155},"b":{"0":[1],"1":[90],"2":[141,14],"3":[141,14],"4":[141,14]},"_coverageSchema":"1a1c01bbd47fc00a2c39e90264f33305004495a9","hash":"c6183cbee6723d0c8c028c0984fce4bee81f0a96"}
,"/Users/pratikbhandari/Desktop/echo-hybrid/server/__tests__/utils/business.utils.js": {"path":"/Users/pratikbhandari/Desktop/echo-hybrid/server/__tests__/utils/business.utils.js","statementMap":{"0":{"start":{"line":3,"column":32},"end":{"line":25,"column":1}},"1":{"start":{"line":11,"column":20},"end":{"line":16,"column":30}},"2":{"start":{"line":18,"column":4},"end":{"line":20,"column":5}},"3":{"start":{"line":19,"column":8},"end":{"line":19,"column":56}},"4":{"start":{"line":22,"column":21},"end":{"line":22,"column":34}},"5":{"start":{"line":24,"column":4},"end":{"line":24,"column":20}},"6":{"start":{"line":27,"column":43},"end":{"line":42,"column":1}},"7":{"start":{"line":34,"column":21},"end":{"line":39,"column":10}},"8":{"start":{"line":41,"column":4},"end":{"line":41,"column":20}},"9":{"start":{"line":44,"column":30},"end":{"line":50,"column":1}},"10":{"start":{"line":45,"column":21},"end":{"line":47,"column":48}},"11":{"start":{"line":49,"column":4},"end":{"line":49,"column":20}}},"fnMap":{"0":{"name":"(anonymous_0)","decl":{"start":{"line":3,"column":32},"end":{"line":3,"column":33}},"loc":{"start":{"line":10,"column":5},"end":{"line":25,"column":1}},"line":10},"1":{"name":"(anonymous_1)","decl":{"start":{"line":27,"column":43},"end":{"line":27,"column":44}},"loc":{"start":{"line":33,"column":5},"end":{"line":42,"column":1}},"line":33},"2":{"name":"(anonymous_2)","decl":{"start":{"line":44,"column":30},"end":{"line":44,"column":31}},"loc":{"start":{"line":44,"column":64},"end":{"line":50,"column":1}},"line":44}},"branchMap":{"0":{"loc":{"start":{"line":6,"column":4},"end":{"line":6,"column":13}},"type":"default-arg","locations":[{"start":{"line":6,"column":11},"end":{"line":6,"column":13}}],"line":6},"1":{"loc":{"start":{"line":7,"column":4},"end":{"line":7,"column":12}},"type":"default-arg","locations":[{"start":{"line":7,"column":10},"end":{"line":7,"column":12}}],"line":7},"2":{"loc":{"start":{"line":8,"column":4},"end":{"line":8,"column":14}},"type":"default-arg","locations":[{"start":{"line":8,"column":12},"end":{"line":8,"column":14}}],"line":8},"3":{"loc":{"start":{"line":18,"column":4},"end":{"line":20,"column":5}},"type":"if","locations":[{"start":{"line":18,"column":4},"end":{"line":20,"column":5}},{"start":{},"end":{}}],"line":18}},"s":{"0":1,"1":14,"2":14,"3":6,"4":14,"5":14,"6":1,"7":12,"8":12,"9":1,"10":3,"11":3},"f":{"0":14,"1":12,"2":3},"b":{"0":[1],"1":[2],"2":[5],"3":[6,8]},"_coverageSchema":"1a1c01bbd47fc00a2c39e90264f33305004495a9","hash":"8ad9e08fe880defa102560bde30ff4e975c7cc48"}
,"/Users/pratikbhandari/Desktop/echo-hybrid/server/__tests__/utils/order.utils.js": {"path":"/Users/pratikbhandari/Desktop/echo-hybrid/server/__tests__/utils/order.utils.js","statementMap":{"0":{"start":{"line":9,"column":26},"end":{"line":16,"column":1}},"1":{"start":{"line":10,"column":21},"end":{"line":13,"column":24}},"2":{"start":{"line":15,"column":4},"end":{"line":15,"column":20}},"3":{"start":{"line":18,"column":28},"end":{"line":24,"column":1}},"4":{"start":{"line":19,"column":21},"end":{"line":21,"column":48}},"5":{"start":{"line":23,"column":4},"end":{"line":23,"column":20}},"6":{"start":{"line":26,"column":27},"end":{"line":32,"column":1}},"7":{"start":{"line":27,"column":21},"end":{"line":29,"column":48}},"8":{"start":{"line":31,"column":4},"end":{"line":31,"column":20}},"9":{"start":{"line":34,"column":33},"end":{"line":40,"column":1}},"10":{"start":{"line":35,"column":21},"end":{"line":37,"column":48}},"11":{"start":{"line":39,"column":4},"end":{"line":39,"column":20}},"12":{"start":{"line":42,"column":28},"end":{"line":47,"column":1}},"13":{"start":{"line":43,"column":4},"end":{"line":43,"column":55}},"14":{"start":{"line":44,"column":4},"end":{"line":44,"column":55}},"15":{"start":{"line":46,"column":4},"end":{"line":46,"column":11}},"16":{"start":{"line":49,"column":39},"end":{"line":55,"column":1}},"17":{"start":{"line":50,"column":21},"end":{"line":52,"column":48}},"18":{"start":{"line":54,"column":4},"end":{"line":54,"column":20}},"19":{"start":{"line":57,"column":36},"end":{"line":106,"column":1}},"20":{"start":{"line":58,"column":24},"end":{"line":58,"column":60}},"21":{"start":{"line":60,"column":22},"end":{"line":60,"column":58}},"22":{"start":{"line":61,"column":30},"end":{"line":62,"column":21}},"23":{"start":{"line":64,"column":22},"end":{"line":64,"column":59}},"24":{"start":{"line":65,"column":4},"end":{"line":65,"column":53}},"25":{"start":{"line":66,"column":27},"end":{"line":72,"column":5}},"26":{"start":{"line":73,"column":24},"end":{"line":73,"column":51}},"27":{"start":{"line":74,"column":4},"end":{"line":74,"column":48}},"28":{"start":{"line":75,"column":29},"end":{"line":75,"column":77}},"29":{"start":{"line":76,"column":26},"end":{"line":76,"column":55}},"30":{"start":{"line":78,"column":4},"end":{"line":78,"column":74}},"31":{"start":{"line":79,"column":4},"end":{"line":96,"column":6}},"32":{"start":{"line":98,"column":4},"end":{"line":105,"column":6}}},"fnMap":{"0":{"name":"(anonymous_0)","decl":{"start":{"line":9,"column":26},"end":{"line":9,"column":27}},"loc":{"start":{"line":9,"column":70},"end":{"line":16,"column":1}},"line":9},"1":{"name":"(anonymous_1)","decl":{"start":{"line":18,"column":28},"end":{"line":18,"column":29}},"loc":{"start":{"line":18,"column":67},"end":{"line":24,"column":1}},"line":18},"2":{"name":"(anonymous_2)","decl":{"start":{"line":26,"column":27},"end":{"line":26,"column":28}},"loc":{"start":{"line":26,"column":58},"end":{"line":32,"column":1}},"line":26},"3":{"name":"(anonymous_3)","decl":{"start":{"line":34,"column":33},"end":{"line":34,"column":34}},"loc":{"start":{"line":34,"column":64},"end":{"line":40,"column":1}},"line":34},"4":{"name":"(anonymous_4)","decl":{"start":{"line":42,"column":28},"end":{"line":42,"column":29}},"loc":{"start":{"line":42,"column":59},"end":{"line":47,"column":1}},"line":42},"5":{"name":"(anonymous_5)","decl":{"start":{"line":49,"column":39},"end":{"line":49,"column":40}},"loc":{"start":{"line":49,"column":78},"end":{"line":55,"column":1}},"line":49},"6":{"name":"(anonymous_6)","decl":{"start":{"line":57,"column":36},"end":{"line":57,"column":37}},"loc":{"start":{"line":57,"column":51},"end":{"line":106,"column":1}},"line":57}},"branchMap":{},"s":{"0":7,"1":42,"2":42,"3":7,"4":50,"5":50,"6":7,"7":7,"8":7,"9":7,"10":20,"11":20,"12":7,"13":14,"14":14,"15":14,"16":7,"17":15,"18":15,"19":7,"20":9,"21":9,"22":9,"23":9,"24":9,"25":9,"26":9,"27":9,"28":9,"29":9,"30":9,"31":9,"32":9},"f":{"0":42,"1":50,"2":7,"3":20,"4":14,"5":15,"6":9},"b":{},"_coverageSchema":"1a1c01bbd47fc00a2c39e90264f33305004495a9","hash":"fa42e78934a3462598a4f8284afa4a6ea9c6d461"}
,"/Users/pratikbhandari/Desktop/echo-hybrid/server/__tests__/utils/product.utils.js": {"path":"/Users/pratikbhandari/Desktop/echo-hybrid/server/__tests__/utils/product.utils.js","statementMap":{"0":{"start":{"line":8,"column":26},"end":{"line":24,"column":1}},"1":{"start":{"line":9,"column":18},"end":{"line":13,"column":16}},"2":{"start":{"line":14,"column":4},"end":{"line":14,"column":51}},"3":{"start":{"line":15,"column":4},"end":{"line":15,"column":56}},"4":{"start":{"line":16,"column":21},"end":{"line":21,"column":5}},"5":{"start":{"line":23,"column":4},"end":{"line":23,"column":20}}},"fnMap":{"0":{"name":"(anonymous_0)","decl":{"start":{"line":8,"column":26},"end":{"line":8,"column":27}},"loc":{"start":{"line":8,"column":77},"end":{"line":24,"column":1}},"line":8}},"branchMap":{},"s":{"0":5,"1":8,"2":8,"3":8,"4":8,"5":8},"f":{"0":8},"b":{},"_coverageSchema":"1a1c01bbd47fc00a2c39e90264f33305004495a9","hash":"d02d2bddf7cc1201f12ed391504d44101679cf75"}
,"/Users/pratikbhandari/Desktop/echo-hybrid/server/__tests__/utils/report.utils.js": {"path":"/Users/pratikbhandari/Desktop/echo-hybrid/server/__tests__/utils/report.utils.js","statementMap":{"0":{"start":{"line":3,"column":28},"end":{"line":12,"column":1}},"1":{"start":{"line":4,"column":21},"end":{"line":9,"column":10}},"2":{"start":{"line":11,"column":4},"end":{"line":11,"column":20}},"3":{"start":{"line":14,"column":28},"end":{"line":20,"column":1}},"4":{"start":{"line":15,"column":21},"end":{"line":17,"column":48}},"5":{"start":{"line":19,"column":4},"end":{"line":19,"column":20}}},"fnMap":{"0":{"name":"(anonymous_0)","decl":{"start":{"line":3,"column":28},"end":{"line":3,"column":29}},"loc":{"start":{"line":3,"column":79},"end":{"line":12,"column":1}},"line":3},"1":{"name":"(anonymous_1)","decl":{"start":{"line":14,"column":28},"end":{"line":14,"column":29}},"loc":{"start":{"line":14,"column":60},"end":{"line":20,"column":1}},"line":14}},"branchMap":{},"s":{"0":1,"1":4,"2":4,"3":1,"4":6,"5":6},"f":{"0":4,"1":6},"b":{},"_coverageSchema":"1a1c01bbd47fc00a2c39e90264f33305004495a9","hash":"1c1f01f3309ed79b089e05664f2741ba460c744f"}
,"/Users/pratikbhandari/Desktop/echo-hybrid/server/__tests__/utils/review.utils.js": {"path":"/Users/pratikbhandari/Desktop/echo-hybrid/server/__tests__/utils/review.utils.js","statementMap":{"0":{"start":{"line":3,"column":26},"end":{"line":23,"column":1}},"1":{"start":{"line":11,"column":20},"end":{"line":14,"column":34}},"2":{"start":{"line":16,"column":4},"end":{"line":18,"column":5}},"3":{"start":{"line":17,"column":8},"end":{"line":17,"column":51}},"4":{"start":{"line":20,"column":21},"end":{"line":20,"column":34}},"5":{"start":{"line":22,"column":4},"end":{"line":22,"column":20}},"6":{"start":{"line":25,"column":28},"end":{"line":31,"column":1}},"7":{"start":{"line":26,"column":21},"end":{"line":28,"column":48}},"8":{"start":{"line":30,"column":4},"end":{"line":30,"column":20}}},"fnMap":{"0":{"name":"(anonymous_0)","decl":{"start":{"line":3,"column":26},"end":{"line":3,"column":27}},"loc":{"start":{"line":10,"column":5},"end":{"line":23,"column":1}},"line":10},"1":{"name":"(anonymous_1)","decl":{"start":{"line":25,"column":28},"end":{"line":25,"column":29}},"loc":{"start":{"line":25,"column":60},"end":{"line":31,"column":1}},"line":25}},"branchMap":{"0":{"loc":{"start":{"line":14,"column":23},"end":{"line":14,"column":33}},"type":"binary-expr","locations":[{"start":{"line":14,"column":23},"end":{"line":14,"column":27}},{"start":{"line":14,"column":31},"end":{"line":14,"column":33}}],"line":14},"1":{"loc":{"start":{"line":16,"column":4},"end":{"line":18,"column":5}},"type":"if","locations":[{"start":{"line":16,"column":4},"end":{"line":18,"column":5}},{"start":{},"end":{}}],"line":16}},"s":{"0":3,"1":22,"2":22,"3":4,"4":22,"5":22,"6":3,"7":3,"8":3},"f":{"0":22,"1":3},"b":{"0":[22,10],"1":[4,18]},"_coverageSchema":"1a1c01bbd47fc00a2c39e90264f33305004495a9","hash":"8c2846d50debe03499a185560cf2288c462b7fe5"}
,"/Users/pratikbhandari/Desktop/echo-hybrid/server/__tests__/utils/suspension.utils.js": {"path":"/Users/pratikbhandari/Desktop/echo-hybrid/server/__tests__/utils/suspension.utils.js","statementMap":{"0":{"start":{"line":3,"column":33},"end":{"line":19,"column":1}},"1":{"start":{"line":11,"column":21},"end":{"line":16,"column":10}},"2":{"start":{"line":18,"column":4},"end":{"line":18,"column":20}}},"fnMap":{"0":{"name":"(anonymous_0)","decl":{"start":{"line":3,"column":33},"end":{"line":3,"column":34}},"loc":{"start":{"line":10,"column":5},"end":{"line":19,"column":1}},"line":10}},"branchMap":{},"s":{"0":2,"1":19,"2":19},"f":{"0":19},"b":{},"_coverageSchema":"1a1c01bbd47fc00a2c39e90264f33305004495a9","hash":"e6a5b526bf8b6c593b857b0b14053344dd6890ee"}
,"/Users/pratikbhandari/Desktop/echo-hybrid/server/controllers/account.controllers.js": {"path":"/Users/pratikbhandari/Desktop/echo-hybrid/server/controllers/account.controllers.js","statementMap":{"0":{"start":{"line":12,"column":17},"end":{"line":12,"column":50}},"1":{"start":{"line":14,"column":41},"end":{"line":46,"column":1}},"2":{"start":{"line":15,"column":17},"end":{"line":15,"column":29}},"3":{"start":{"line":17,"column":4},"end":{"line":19,"column":5}},"4":{"start":{"line":18,"column":8},"end":{"line":18,"column":50}},"5":{"start":{"line":21,"column":4},"end":{"line":45,"column":5}},"6":{"start":{"line":22,"column":33},"end":{"line":25,"column":9}},"7":{"start":{"line":27,"column":36},"end":{"line":31,"column":10}},"8":{"start":{"line":34,"column":8},"end":{"line":38,"column":10}},"9":{"start":{"line":40,"column":8},"end":{"line":42,"column":11}},"10":{"start":{"line":44,"column":8},"end":{"line":44,"column":30}},"11":{"start":{"line":48,"column":29},"end":{"line":93,"column":1}},"12":{"start":{"line":49,"column":17},"end":{"line":49,"column":29}},"13":{"start":{"line":50,"column":17},"end":{"line":50,"column":35}},"14":{"start":{"line":52,"column":4},"end":{"line":54,"column":5}},"15":{"start":{"line":53,"column":8},"end":{"line":53,"column":72}},"16":{"start":{"line":56,"column":4},"end":{"line":58,"column":5}},"17":{"start":{"line":57,"column":8},"end":{"line":57,"column":71}},"18":{"start":{"line":60,"column":4},"end":{"line":92,"column":5}},"19":{"start":{"line":61,"column":36},"end":{"line":63,"column":9}},"20":{"start":{"line":65,"column":25},"end":{"line":69,"column":9}},"21":{"start":{"line":71,"column":8},"end":{"line":73,"column":9}},"22":{"start":{"line":72,"column":12},"end":{"line":72,"column":54}},"23":{"start":{"line":75,"column":8},"end":{"line":85,"column":11}},"24":{"start":{"line":87,"column":8},"end":{"line":89,"column":11}},"25":{"start":{"line":91,"column":8},"end":{"line":91,"column":30}},"26":{"start":{"line":95,"column":37},"end":{"line":136,"column":1}},"27":{"start":{"line":96,"column":18},"end":{"line":96,"column":36}},"28":{"start":{"line":98,"column":4},"end":{"line":100,"column":5}},"29":{"start":{"line":99,"column":8},"end":{"line":99,"column":61}},"30":{"start":{"line":102,"column":4},"end":{"line":135,"column":5}},"31":{"start":{"line":103,"column":21},"end":{"line":107,"column":10}},"32":{"start":{"line":109,"column":8},"end":{"line":111,"column":9}},"33":{"start":{"line":110,"column":12},"end":{"line":110,"column":62}},"34":{"start":{"line":113,"column":26},"end":{"line":116,"column":9}},"35":{"start":{"line":118,"column":8},"end":{"line":124,"column":11}},"36":{"start":{"line":126,"column":8},"end":{"line":130,"column":10}},"37":{"start":{"line":132,"column":8},"end":{"line":132,"column":75}},"38":{"start":{"line":134,"column":8},"end":{"line":134,"column":30}},"39":{"start":{"line":138,"column":30},"end":{"line":206,"column":1}},"40":{"start":{"line":139,"column":38},"end":{"line":139,"column":50}},"41":{"start":{"line":140,"column":19},"end":{"line":140,"column":54}},"42":{"start":{"line":142,"column":4},"end":{"line":144,"column":5}},"43":{"start":{"line":143,"column":8},"end":{"line":143,"column":50}},"44":{"start":{"line":146,"column":4},"end":{"line":205,"column":5}},"45":{"start":{"line":147,"column":21},"end":{"line":151,"column":10}},"46":{"start":{"line":153,"column":8},"end":{"line":155,"column":9}},"47":{"start":{"line":154,"column":12},"end":{"line":154,"column":62}},"48":{"start":{"line":157,"column":32},"end":{"line":161,"column":10}},"49":{"start":{"line":163,"column":8},"end":{"line":170,"column":9}},"50":{"start":{"line":164,"column":12},"end":{"line":169,"column":14}},"51":{"start":{"line":172,"column":8},"end":{"line":176,"column":10}},"52":{"start":{"line":178,"column":8},"end":{"line":180,"column":9}},"53":{"start":{"line":179,"column":12},"end":{"line":179,"column":54}},"54":{"start":{"line":183,"column":21},"end":{"line":183,"column":44}},"55":{"start":{"line":184,"column":31},"end":{"line":184,"column":64}},"56":{"start":{"line":186,"column":8},"end":{"line":200,"column":11}},"57":{"start":{"line":202,"column":8},"end":{"line":202,"column":66}},"58":{"start":{"line":204,"column":8},"end":{"line":204,"column":30}}},"fnMap":{"0":{"name":"(anonymous_0)","decl":{"start":{"line":14,"column":41},"end":{"line":14,"column":42}},"loc":{"start":{"line":14,"column":76},"end":{"line":46,"column":1}},"line":14},"1":{"name":"(anonymous_1)","decl":{"start":{"line":48,"column":29},"end":{"line":48,"column":30}},"loc":{"start":{"line":48,"column":64},"end":{"line":93,"column":1}},"line":48},"2":{"name":"(anonymous_2)","decl":{"start":{"line":95,"column":37},"end":{"line":95,"column":38}},"loc":{"start":{"line":95,"column":72},"end":{"line":136,"column":1}},"line":95},"3":{"name":"(anonymous_3)","decl":{"start":{"line":138,"column":30},"end":{"line":138,"column":31}},"loc":{"start":{"line":138,"column":65},"end":{"line":206,"column":1}},"line":138}},"branchMap":{"0":{"loc":{"start":{"line":17,"column":4},"end":{"line":19,"column":5}},"type":"if","locations":[{"start":{"line":17,"column":4},"end":{"line":19,"column":5}},{"start":{},"end":{}}],"line":17},"1":{"loc":{"start":{"line":52,"column":4},"end":{"line":54,"column":5}},"type":"if","locations":[{"start":{"line":52,"column":4},"end":{"line":54,"column":5}},{"start":{},"end":{}}],"line":52},"2":{"loc":{"start":{"line":56,"column":4},"end":{"line":58,"column":5}},"type":"if","locations":[{"start":{"line":56,"column":4},"end":{"line":58,"column":5}},{"start":{},"end":{}}],"line":56},"3":{"loc":{"start":{"line":71,"column":8},"end":{"line":73,"column":9}},"type":"if","locations":[{"start":{"line":71,"column":8},"end":{"line":73,"column":9}},{"start":{},"end":{}}],"line":71},"4":{"loc":{"start":{"line":98,"column":4},"end":{"line":100,"column":5}},"type":"if","locations":[{"start":{"line":98,"column":4},"end":{"line":100,"column":5}},{"start":{},"end":{}}],"line":98},"5":{"loc":{"start":{"line":109,"column":8},"end":{"line":111,"column":9}},"type":"if","locations":[{"start":{"line":109,"column":8},"end":{"line":111,"column":9}},{"start":{},"end":{}}],"line":109},"6":{"loc":{"start":{"line":142,"column":4},"end":{"line":144,"column":5}},"type":"if","locations":[{"start":{"line":142,"column":4},"end":{"line":144,"column":5}},{"start":{},"end":{}}],"line":142},"7":{"loc":{"start":{"line":153,"column":8},"end":{"line":155,"column":9}},"type":"if","locations":[{"start":{"line":153,"column":8},"end":{"line":155,"column":9}},{"start":{},"end":{}}],"line":153},"8":{"loc":{"start":{"line":163,"column":8},"end":{"line":170,"column":9}},"type":"if","locations":[{"start":{"line":163,"column":8},"end":{"line":170,"column":9}},{"start":{},"end":{}}],"line":163},"9":{"loc":{"start":{"line":178,"column":8},"end":{"line":180,"column":9}},"type":"if","locations":[{"start":{"line":178,"column":8},"end":{"line":180,"column":9}},{"start":{},"end":{}}],"line":178}},"s":{"0":22,"1":22,"2":2,"3":2,"4":1,"5":1,"6":1,"7":1,"8":1,"9":1,"10":0,"11":22,"12":3,"13":3,"14":3,"15":1,"16":2,"17":1,"18":1,"19":1,"20":1,"21":1,"22":1,"23":0,"24":0,"25":0,"26":22,"27":4,"28":4,"29":1,"30":3,"31":3,"32":3,"33":1,"34":2,"35":2,"36":2,"37":2,"38":0,"39":22,"40":6,"41":6,"42":6,"43":4,"44":2,"45":2,"46":2,"47":1,"48":1,"49":1,"50":0,"51":1,"52":1,"53":1,"54":0,"55":0,"56":0,"57":0,"58":0},"f":{"0":2,"1":3,"2":4,"3":6},"b":{"0":[1,1],"1":[1,2],"2":[1,1],"3":[1,0],"4":[1,3],"5":[1,2],"6":[4,2],"7":[1,1],"8":[0,1],"9":[1,0]},"_coverageSchema":"1a1c01bbd47fc00a2c39e90264f33305004495a9","hash":"8ecde2af4d0e8d47cc7dc5e9d465e862ed5008e4"}
,"/Users/pratikbhandari/Desktop/echo-hybrid/server/controllers/report.controllers.js": {"path":"/Users/pratikbhandari/Desktop/echo-hybrid/server/controllers/report.controllers.js","statementMap":{"0":{"start":{"line":12,"column":28},"end":{"line":128,"column":1}},"1":{"start":{"line":13,"column":17},"end":{"line":13,"column":29}},"2":{"start":{"line":14,"column":23},"end":{"line":14,"column":48}},"3":{"start":{"line":15,"column":21},"end":{"line":15,"column":60}},"4":{"start":{"line":16,"column":15},"end":{"line":16,"column":25}},"5":{"start":{"line":17,"column":22},"end":{"line":17,"column":34}},"6":{"start":{"line":20,"column":21},"end":{"line":20,"column":58}},"7":{"start":{"line":22,"column":4},"end":{"line":24,"column":5}},"8":{"start":{"line":23,"column":8},"end":{"line":23,"column":50}},"9":{"start":{"line":26,"column":22},"end":{"line":47,"column":5}},"10":{"start":{"line":50,"column":19},"end":{"line":55,"column":6}},"11":{"start":{"line":57,"column":4},"end":{"line":59,"column":5}},"12":{"start":{"line":58,"column":8},"end":{"line":58,"column":67}},"13":{"start":{"line":62,"column":4},"end":{"line":68,"column":5}},"14":{"start":{"line":63,"column":8},"end":{"line":67,"column":9}},"15":{"start":{"line":64,"column":12},"end":{"line":66,"column":14}},"16":{"start":{"line":71,"column":4},"end":{"line":77,"column":5}},"17":{"start":{"line":72,"column":8},"end":{"line":76,"column":9}},"18":{"start":{"line":73,"column":12},"end":{"line":75,"column":14}},"19":{"start":{"line":80,"column":4},"end":{"line":84,"column":5}},"20":{"start":{"line":81,"column":8},"end":{"line":83,"column":9}},"21":{"start":{"line":82,"column":12},"end":{"line":82,"column":74}},"22":{"start":{"line":87,"column":4},"end":{"line":93,"column":5}},"23":{"start":{"line":88,"column":8},"end":{"line":92,"column":9}},"24":{"start":{"line":89,"column":12},"end":{"line":91,"column":14}},"25":{"start":{"line":95,"column":23},"end":{"line":100,"column":5}},"26":{"start":{"line":102,"column":4},"end":{"line":127,"column":5}},"27":{"start":{"line":103,"column":30},"end":{"line":106,"column":10}},"28":{"start":{"line":108,"column":8},"end":{"line":111,"column":11}},"29":{"start":{"line":113,"column":8},"end":{"line":113,"column":61}},"30":{"start":{"line":115,"column":8},"end":{"line":115,"column":27}},"31":{"start":{"line":117,"column":8},"end":{"line":124,"column":9}},"32":{"start":{"line":118,"column":12},"end":{"line":123,"column":14}},"33":{"start":{"line":126,"column":8},"end":{"line":126,"column":30}},"34":{"start":{"line":130,"column":26},"end":{"line":170,"column":1}},"35":{"start":{"line":131,"column":17},"end":{"line":131,"column":40}},"36":{"start":{"line":132,"column":23},"end":{"line":132,"column":53}},"37":{"start":{"line":133,"column":22},"end":{"line":133,"column":24}},"38":{"start":{"line":134,"column":17},"end":{"line":134,"column":19}},"39":{"start":{"line":136,"column":4},"end":{"line":148,"column":5}},"40":{"start":{"line":137,"column":25},"end":{"line":137,"column":55}},"41":{"start":{"line":139,"column":8},"end":{"line":141,"column":9}},"42":{"start":{"line":140,"column":12},"end":{"line":140,"column":54}},"43":{"start":{"line":143,"column":8},"end":{"line":147,"column":10}},"44":{"start":{"line":150,"column":4},"end":{"line":169,"column":5}},"45":{"start":{"line":151,"column":38},"end":{"line":164,"column":10}},"46":{"start":{"line":166,"column":8},"end":{"line":166,"column":47}},"47":{"start":{"line":168,"column":8},"end":{"line":168,"column":30}},"48":{"start":{"line":172,"column":28},"end":{"line":194,"column":1}},"49":{"start":{"line":173,"column":21},"end":{"line":173,"column":60}},"50":{"start":{"line":175,"column":4},"end":{"line":193,"column":5}},"51":{"start":{"line":176,"column":8},"end":{"line":180,"column":11}},"52":{"start":{"line":182,"column":8},"end":{"line":182,"column":66}},"53":{"start":{"line":184,"column":8},"end":{"line":190,"column":9}},"54":{"start":{"line":189,"column":12},"end":{"line":189,"column":73}},"55":{"start":{"line":192,"column":8},"end":{"line":192,"column":30}},"56":{"start":{"line":196,"column":34},"end":{"line":211,"column":1}},"57":{"start":{"line":197,"column":4},"end":{"line":210,"column":5}},"58":{"start":{"line":198,"column":8},"end":{"line":205,"column":11}},"59":{"start":{"line":207,"column":8},"end":{"line":207,"column":51}},"60":{"start":{"line":209,"column":8},"end":{"line":209,"column":30}}},"fnMap":{"0":{"name":"(anonymous_0)","decl":{"start":{"line":12,"column":28},"end":{"line":12,"column":29}},"loc":{"start":{"line":12,"column":63},"end":{"line":128,"column":1}},"line":12},"1":{"name":"(anonymous_1)","decl":{"start":{"line":130,"column":26},"end":{"line":130,"column":27}},"loc":{"start":{"line":130,"column":61},"end":{"line":170,"column":1}},"line":130},"2":{"name":"(anonymous_2)","decl":{"start":{"line":172,"column":28},"end":{"line":172,"column":29}},"loc":{"start":{"line":172,"column":63},"end":{"line":194,"column":1}},"line":172},"3":{"name":"(anonymous_3)","decl":{"start":{"line":196,"column":34},"end":{"line":196,"column":35}},"loc":{"start":{"line":196,"column":69},"end":{"line":211,"column":1}},"line":196}},"branchMap":{"0":{"loc":{"start":{"line":15,"column":21},"end":{"line":15,"column":60}},"type":"binary-expr","locations":[{"start":{"line":15,"column":21},"end":{"line":15,"column":54}},{"start":{"line":15,"column":58},"end":{"line":15,"column":60}}],"line":15},"1":{"loc":{"start":{"line":22,"column":4},"end":{"line":24,"column":5}},"type":"if","locations":[{"start":{"line":22,"column":4},"end":{"line":24,"column":5}},{"start":{},"end":{}}],"line":22},"2":{"loc":{"start":{"line":57,"column":4},"end":{"line":59,"column":5}},"type":"if","locations":[{"start":{"line":57,"column":4},"end":{"line":59,"column":5}},{"start":{},"end":{}}],"line":57},"3":{"loc":{"start":{"line":62,"column":4},"end":{"line":68,"column":5}},"type":"if","locations":[{"start":{"line":62,"column":4},"end":{"line":68,"column":5}},{"start":{},"end":{}}],"line":62},"4":{"loc":{"start":{"line":63,"column":8},"end":{"line":67,"column":9}},"type":"if","locations":[{"start":{"line":63,"column":8},"end":{"line":67,"column":9}},{"start":{},"end":{}}],"line":63},"5":{"loc":{"start":{"line":71,"column":4},"end":{"line":77,"column":5}},"type":"if","locations":[{"start":{"line":71,"column":4},"end":{"line":77,"column":5}},{"start":{},"end":{}}],"line":71},"6":{"loc":{"start":{"line":72,"column":8},"end":{"line":76,"column":9}},"type":"if","locations":[{"start":{"line":72,"column":8},"end":{"line":76,"column":9}},{"start":{},"end":{}}],"line":72},"7":{"loc":{"start":{"line":80,"column":4},"end":{"line":84,"column":5}},"type":"if","locations":[{"start":{"line":80,"column":4},"end":{"line":84,"column":5}},{"start":{},"end":{}}],"line":80},"8":{"loc":{"start":{"line":81,"column":8},"end":{"line":83,"column":9}},"type":"if","locations":[{"start":{"line":81,"column":8},"end":{"line":83,"column":9}},{"start":{},"end":{}}],"line":81},"9":{"loc":{"start":{"line":87,"column":4},"end":{"line":93,"column":5}},"type":"if","locations":[{"start":{"line":87,"column":4},"end":{"line":93,"column":5}},{"start":{},"end":{}}],"line":87},"10":{"loc":{"start":{"line":88,"column":8},"end":{"line":92,"column":9}},"type":"if","locations":[{"start":{"line":88,"column":8},"end":{"line":92,"column":9}},{"start":{},"end":{}}],"line":88},"11":{"loc":{"start":{"line":109,"column":24},"end":{"line":109,"column":70}},"type":"cond-expr","locations":[{"start":{"line":109,"column":49},"end":{"line":109,"column":57}},{"start":{"line":109,"column":60},"end":{"line":109,"column":70}}],"line":109},"12":{"loc":{"start":{"line":117,"column":8},"end":{"line":124,"column":9}},"type":"if","locations":[{"start":{"line":117,"column":8},"end":{"line":124,"column":9}},{"start":{},"end":{}}],"line":117},"13":{"loc":{"start":{"line":131,"column":17},"end":{"line":131,"column":40}},"type":"binary-expr","locations":[{"start":{"line":131,"column":17},"end":{"line":131,"column":35}},{"start":{"line":131,"column":39},"end":{"line":131,"column":40}}],"line":131},"14":{"loc":{"start":{"line":132,"column":23},"end":{"line":132,"column":53}},"type":"binary-expr","locations":[{"start":{"line":132,"column":23},"end":{"line":132,"column":47}},{"start":{"line":132,"column":51},"end":{"line":132,"column":53}}],"line":132},"15":{"loc":{"start":{"line":136,"column":4},"end":{"line":148,"column":5}},"type":"if","locations":[{"start":{"line":136,"column":4},"end":{"line":148,"column":5}},{"start":{},"end":{}}],"line":136},"16":{"loc":{"start":{"line":139,"column":8},"end":{"line":141,"column":9}},"type":"if","locations":[{"start":{"line":139,"column":8},"end":{"line":141,"column":9}},{"start":{},"end":{}}],"line":139},"17":{"loc":{"start":{"line":173,"column":21},"end":{"line":173,"column":60}},"type":"binary-expr","locations":[{"start":{"line":173,"column":21},"end":{"line":173,"column":54}},{"start":{"line":173,"column":58},"end":{"line":173,"column":60}}],"line":173},"18":{"loc":{"start":{"line":184,"column":8},"end":{"line":190,"column":9}},"type":"if","locations":[{"start":{"line":184,"column":8},"end":{"line":190,"column":9}},{"start":{},"end":{}}],"line":184}},"s":{"0":22,"1":4,"2":4,"3":4,"4":4,"5":4,"6":4,"7":4,"8":0,"9":4,"10":4,"11":4,"12":0,"13":4,"14":1,"15":0,"16":4,"17":1,"18":0,"19":4,"20":1,"21":0,"22":4,"23":1,"24":0,"25":4,"26":4,"27":4,"28":4,"29":4,"30":0,"31":0,"32":0,"33":0,"34":22,"35":0,"36":0,"37":0,"38":0,"39":0,"40":0,"41":0,"42":0,"43":0,"44":0,"45":0,"46":0,"47":0,"48":22,"49":5,"50":5,"51":5,"52":4,"53":1,"54":1,"55":0,"56":22,"57":0,"58":0,"59":0,"60":0},"f":{"0":4,"1":0,"2":5,"3":0},"b":{"0":[4,0],"1":[0,4],"2":[0,4],"3":[1,3],"4":[0,1],"5":[1,3],"6":[0,1],"7":[1,3],"8":[0,1],"9":[1,3],"10":[0,1],"11":[1,3],"12":[0,0],"13":[0,0],"14":[0,0],"15":[0,0],"16":[0,0],"17":[5,0],"18":[1,0]},"_coverageSchema":"1a1c01bbd47fc00a2c39e90264f33305004495a9","hash":"b2f06a60f726b4befe8458ee69f25d4b93dd4dfc"}
,"/Users/pratikbhandari/Desktop/echo-hybrid/server/controllers/store.controllers.js": {"path":"/Users/pratikbhandari/Desktop/echo-hybrid/server/controllers/store.controllers.js","statementMap":{"0":{"start":{"line":9,"column":29},"end":{"line":49,"column":1}},"1":{"start":{"line":10,"column":17},"end":{"line":10,"column":29}},"2":{"start":{"line":11,"column":22},"end":{"line":11,"column":40}},"3":{"start":{"line":13,"column":21},"end":{"line":13,"column":49}},"4":{"start":{"line":15,"column":4},"end":{"line":17,"column":5}},"5":{"start":{"line":16,"column":8},"end":{"line":16,"column":50}},"6":{"start":{"line":19,"column":4},"end":{"line":21,"column":5}},"7":{"start":{"line":20,"column":8},"end":{"line":20,"column":78}},"8":{"start":{"line":23,"column":4},"end":{"line":48,"column":5}},"9":{"start":{"line":25,"column":26},"end":{"line":27,"column":10}},"10":{"start":{"line":29,"column":8},"end":{"line":36,"column":9}},"11":{"start":{"line":30,"column":12},"end":{"line":35,"column":14}},"12":{"start":{"line":38,"column":29},"end":{"line":43,"column":10}},"13":{"start":{"line":45,"column":8},"end":{"line":45,"column":59}},"14":{"start":{"line":47,"column":8},"end":{"line":47,"column":30}},"15":{"start":{"line":51,"column":31},"end":{"line":99,"column":1}},"16":{"start":{"line":52,"column":20},"end":{"line":52,"column":57}},"17":{"start":{"line":54,"column":4},"end":{"line":98,"column":5}},"18":{"start":{"line":55,"column":22},"end":{"line":75,"column":10}},"19":{"start":{"line":77,"column":8},"end":{"line":79,"column":9}},"20":{"start":{"line":78,"column":12},"end":{"line":78,"column":64}},"21":{"start":{"line":81,"column":8},"end":{"line":83,"column":9}},"22":{"start":{"line":82,"column":12},"end":{"line":82,"column":75}},"23":{"start":{"line":86,"column":8},"end":{"line":92,"column":9}},"24":{"start":{"line":87,"column":12},"end":{"line":91,"column":14}},"25":{"start":{"line":94,"column":8},"end":{"line":94,"column":33}},"26":{"start":{"line":96,"column":8},"end":{"line":96,"column":27}},"27":{"start":{"line":97,"column":8},"end":{"line":97,"column":30}},"28":{"start":{"line":101,"column":25},"end":{"line":211,"column":1}},"29":{"start":{"line":102,"column":17},"end":{"line":102,"column":29}},"30":{"start":{"line":103,"column":4},"end":{"line":103,"column":38}},"31":{"start":{"line":104,"column":19},"end":{"line":104,"column":48}},"32":{"start":{"line":105,"column":24},"end":{"line":105,"column":49}},"33":{"start":{"line":106,"column":17},"end":{"line":106,"column":50}},"34":{"start":{"line":107,"column":22},"end":{"line":107,"column":24}},"35":{"start":{"line":109,"column":29},"end":{"line":130,"column":5}},"36":{"start":{"line":110,"column":8},"end":{"line":129,"column":10}},"37":{"start":{"line":132,"column":22},"end":{"line":137,"column":5}},"38":{"start":{"line":139,"column":23},"end":{"line":139,"column":25}},"39":{"start":{"line":141,"column":4},"end":{"line":163,"column":5}},"40":{"start":{"line":142,"column":27},"end":{"line":145,"column":9}},"41":{"start":{"line":147,"column":8},"end":{"line":162,"column":10}},"42":{"start":{"line":165,"column":21},"end":{"line":176,"column":5}},"43":{"start":{"line":178,"column":4},"end":{"line":210,"column":5}},"44":{"start":{"line":179,"column":37},"end":{"line":204,"column":10}},"45":{"start":{"line":206,"column":8},"end":{"line":206,"column":46}},"46":{"start":{"line":208,"column":8},"end":{"line":208,"column":27}},"47":{"start":{"line":209,"column":8},"end":{"line":209,"column":37}},"48":{"start":{"line":213,"column":27},"end":{"line":268,"column":1}},"49":{"start":{"line":214,"column":17},"end":{"line":214,"column":29}},"50":{"start":{"line":215,"column":18},"end":{"line":215,"column":28}},"51":{"start":{"line":216,"column":15},"end":{"line":216,"column":25}},"52":{"start":{"line":218,"column":4},"end":{"line":220,"column":5}},"53":{"start":{"line":219,"column":8},"end":{"line":219,"column":78}},"54":{"start":{"line":222,"column":23},"end":{"line":245,"column":5}},"55":{"start":{"line":239,"column":12},"end":{"line":243,"column":15}},"56":{"start":{"line":247,"column":4},"end":{"line":255,"column":5}},"57":{"start":{"line":248,"column":8},"end":{"line":254,"column":10}},"58":{"start":{"line":257,"column":4},"end":{"line":267,"column":5}},"59":{"start":{"line":258,"column":8},"end":{"line":260,"column":11}},"60":{"start":{"line":259,"column":12},"end":{"line":259,"column":42}},"61":{"start":{"line":262,"column":8},"end":{"line":262,"column":43}},"62":{"start":{"line":264,"column":8},"end":{"line":264,"column":65}},"63":{"start":{"line":266,"column":8},"end":{"line":266,"column":30}}},"fnMap":{"0":{"name":"(anonymous_0)","decl":{"start":{"line":9,"column":29},"end":{"line":9,"column":30}},"loc":{"start":{"line":9,"column":64},"end":{"line":49,"column":1}},"line":9},"1":{"name":"(anonymous_1)","decl":{"start":{"line":51,"column":31},"end":{"line":51,"column":32}},"loc":{"start":{"line":51,"column":66},"end":{"line":99,"column":1}},"line":51},"2":{"name":"(anonymous_2)","decl":{"start":{"line":101,"column":25},"end":{"line":101,"column":26}},"loc":{"start":{"line":101,"column":60},"end":{"line":211,"column":1}},"line":101},"3":{"name":"(anonymous_3)","decl":{"start":{"line":109,"column":29},"end":{"line":109,"column":30}},"loc":{"start":{"line":109,"column":40},"end":{"line":130,"column":5}},"line":109},"4":{"name":"(anonymous_4)","decl":{"start":{"line":213,"column":27},"end":{"line":213,"column":28}},"loc":{"start":{"line":213,"column":62},"end":{"line":268,"column":1}},"line":213},"5":{"name":"(anonymous_5)","decl":{"start":{"line":238,"column":36},"end":{"line":238,"column":37}},"loc":{"start":{"line":238,"column":47},"end":{"line":244,"column":9}},"line":238},"6":{"name":"(anonymous_6)","decl":{"start":{"line":258,"column":34},"end":{"line":258,"column":35}},"loc":{"start":{"line":258,"column":46},"end":{"line":260,"column":9}},"line":258}},"branchMap":{"0":{"loc":{"start":{"line":15,"column":4},"end":{"line":17,"column":5}},"type":"if","locations":[{"start":{"line":15,"column":4},"end":{"line":17,"column":5}},{"start":{},"end":{}}],"line":15},"1":{"loc":{"start":{"line":19,"column":4},"end":{"line":21,"column":5}},"type":"if","locations":[{"start":{"line":19,"column":4},"end":{"line":21,"column":5}},{"start":{},"end":{}}],"line":19},"2":{"loc":{"start":{"line":29,"column":8},"end":{"line":36,"column":9}},"type":"if","locations":[{"start":{"line":29,"column":8},"end":{"line":36,"column":9}},{"start":{},"end":{}}],"line":29},"3":{"loc":{"start":{"line":52,"column":20},"end":{"line":52,"column":57}},"type":"binary-expr","locations":[{"start":{"line":52,"column":20},"end":{"line":52,"column":52}},{"start":{"line":52,"column":56},"end":{"line":52,"column":57}}],"line":52},"4":{"loc":{"start":{"line":77,"column":8},"end":{"line":79,"column":9}},"type":"if","locations":[{"start":{"line":77,"column":8},"end":{"line":79,"column":9}},{"start":{},"end":{}}],"line":77},"5":{"loc":{"start":{"line":81,"column":8},"end":{"line":83,"column":9}},"type":"if","locations":[{"start":{"line":81,"column":8},"end":{"line":83,"column":9}},{"start":{},"end":{}}],"line":81},"6":{"loc":{"start":{"line":86,"column":8},"end":{"line":92,"column":9}},"type":"if","locations":[{"start":{"line":86,"column":8},"end":{"line":92,"column":9}},{"start":{},"end":{}}],"line":86},"7":{"loc":{"start":{"line":86,"column":12},"end":{"line":86,"column":67}},"type":"binary-expr","locations":[{"start":{"line":86,"column":12},"end":{"line":86,"column":37}},{"start":{"line":86,"column":41},"end":{"line":86,"column":67}}],"line":86},"8":{"loc":{"start":{"line":103,"column":19},"end":{"line":103,"column":37}},"type":"binary-expr","locations":[{"start":{"line":103,"column":19},"end":{"line":103,"column":31}},{"start":{"line":103,"column":35},"end":{"line":103,"column":37}}],"line":103},"9":{"loc":{"start":{"line":104,"column":19},"end":{"line":104,"column":48}},"type":"binary-expr","locations":[{"start":{"line":104,"column":19},"end":{"line":104,"column":39}},{"start":{"line":104,"column":43},"end":{"line":104,"column":48}}],"line":104},"10":{"loc":{"start":{"line":105,"column":24},"end":{"line":105,"column":49}},"type":"binary-expr","locations":[{"start":{"line":105,"column":24},"end":{"line":105,"column":43}},{"start":{"line":105,"column":47},"end":{"line":105,"column":49}}],"line":105},"11":{"loc":{"start":{"line":106,"column":17},"end":{"line":106,"column":50}},"type":"binary-expr","locations":[{"start":{"line":106,"column":17},"end":{"line":106,"column":45}},{"start":{"line":106,"column":49},"end":{"line":106,"column":50}}],"line":106},"12":{"loc":{"start":{"line":141,"column":4},"end":{"line":163,"column":5}},"type":"if","locations":[{"start":{"line":141,"column":4},"end":{"line":163,"column":5}},{"start":{},"end":{}}],"line":141},"13":{"loc":{"start":{"line":218,"column":4},"end":{"line":220,"column":5}},"type":"if","locations":[{"start":{"line":218,"column":4},"end":{"line":220,"column":5}},{"start":{},"end":{}}],"line":218},"14":{"loc":{"start":{"line":247,"column":4},"end":{"line":255,"column":5}},"type":"if","locations":[{"start":{"line":247,"column":4},"end":{"line":255,"column":5}},{"start":{},"end":{}}],"line":247}},"s":{"0":22,"1":76,"2":76,"3":76,"4":76,"5":2,"6":74,"7":2,"8":72,"9":72,"10":72,"11":5,"12":67,"13":67,"14":0,"15":22,"16":0,"17":0,"18":0,"19":0,"20":0,"21":0,"22":0,"23":0,"24":0,"25":0,"26":0,"27":0,"28":22,"29":0,"30":0,"31":0,"32":0,"33":0,"34":0,"35":0,"36":0,"37":0,"38":0,"39":0,"40":0,"41":0,"42":0,"43":0,"44":0,"45":0,"46":0,"47":0,"48":22,"49":3,"50":3,"51":3,"52":3,"53":1,"54":2,"55":4,"56":2,"57":0,"58":2,"59":2,"60":2,"61":2,"62":2,"63":0},"f":{"0":76,"1":0,"2":0,"3":0,"4":3,"5":4,"6":2},"b":{"0":[2,74],"1":[2,72],"2":[5,67],"3":[0,0],"4":[0,0],"5":[0,0],"6":[0,0],"7":[0,0],"8":[0,0],"9":[0,0],"10":[0,0],"11":[0,0],"12":[0,0],"13":[1,2],"14":[0,2]},"_coverageSchema":"1a1c01bbd47fc00a2c39e90264f33305004495a9","hash":"dc3acede4b1e97823249dd59f414cc65a431d924"}
,"/Users/pratikbhandari/Desktop/echo-hybrid/server/controllers/user.controllers.js": {"path":"/Users/pratikbhandari/Desktop/echo-hybrid/server/controllers/user.controllers.js","statementMap":{"0":{"start":{"line":11,"column":26},"end":{"line":56,"column":1}},"1":{"start":{"line":13,"column":17},"end":{"line":13,"column":29}},"2":{"start":{"line":14,"column":23},"end":{"line":14,"column":35}},"3":{"start":{"line":16,"column":21},"end":{"line":20,"column":5}},"4":{"start":{"line":22,"column":4},"end":{"line":24,"column":5}},"5":{"start":{"line":23,"column":8},"end":{"line":23,"column":50}},"6":{"start":{"line":26,"column":4},"end":{"line":55,"column":5}},"7":{"start":{"line":27,"column":24},"end":{"line":27,"column":26}},"8":{"start":{"line":29,"column":8},"end":{"line":39,"column":9}},"9":{"start":{"line":32,"column":31},"end":{"line":32,"column":78}},"10":{"start":{"line":33,"column":34},"end":{"line":37,"column":14}},"11":{"start":{"line":38,"column":12},"end":{"line":38,"column":42}},"12":{"start":{"line":41,"column":28},"end":{"line":49,"column":10}},"13":{"start":{"line":50,"column":8},"end":{"line":50,"column":45}},"14":{"start":{"line":52,"column":8},"end":{"line":52,"column":27}},"15":{"start":{"line":54,"column":8},"end":{"line":54,"column":30}},"16":{"start":{"line":58,"column":29},"end":{"line":98,"column":1}},"17":{"start":{"line":59,"column":17},"end":{"line":59,"column":29}},"18":{"start":{"line":60,"column":45},"end":{"line":60,"column":57}},"19":{"start":{"line":62,"column":4},"end":{"line":64,"column":5}},"20":{"start":{"line":63,"column":8},"end":{"line":63,"column":72}},"21":{"start":{"line":67,"column":21},"end":{"line":67,"column":53}},"22":{"start":{"line":69,"column":4},"end":{"line":71,"column":5}},"23":{"start":{"line":70,"column":8},"end":{"line":70,"column":50}},"24":{"start":{"line":73,"column":4},"end":{"line":97,"column":5}},"25":{"start":{"line":74,"column":26},"end":{"line":74,"column":78}},"26":{"start":{"line":76,"column":8},"end":{"line":78,"column":9}},"27":{"start":{"line":77,"column":12},"end":{"line":77,"column":69}},"28":{"start":{"line":81,"column":21},"end":{"line":81,"column":44}},"29":{"start":{"line":82,"column":31},"end":{"line":82,"column":67}},"30":{"start":{"line":85,"column":8},"end":{"line":90,"column":11}},"31":{"start":{"line":92,"column":8},"end":{"line":92,"column":62}},"32":{"start":{"line":94,"column":8},"end":{"line":94,"column":27}},"33":{"start":{"line":96,"column":8},"end":{"line":96,"column":30}},"34":{"start":{"line":100,"column":28},"end":{"line":126,"column":1}},"35":{"start":{"line":101,"column":17},"end":{"line":101,"column":29}},"36":{"start":{"line":103,"column":4},"end":{"line":105,"column":5}},"37":{"start":{"line":104,"column":8},"end":{"line":104,"column":62}},"38":{"start":{"line":107,"column":4},"end":{"line":125,"column":5}},"39":{"start":{"line":108,"column":28},"end":{"line":115,"column":10}},"40":{"start":{"line":116,"column":8},"end":{"line":120,"column":11}},"41":{"start":{"line":122,"column":8},"end":{"line":122,"column":54}},"42":{"start":{"line":124,"column":8},"end":{"line":124,"column":30}},"43":{"start":{"line":128,"column":30},"end":{"line":148,"column":1}},"44":{"start":{"line":130,"column":18},"end":{"line":130,"column":38}},"45":{"start":{"line":132,"column":4},"end":{"line":147,"column":5}},"46":{"start":{"line":133,"column":21},"end":{"line":140,"column":10}},"47":{"start":{"line":142,"column":8},"end":{"line":144,"column":11}},"48":{"start":{"line":146,"column":8},"end":{"line":146,"column":30}},"49":{"start":{"line":150,"column":30},"end":{"line":154,"column":1}},"50":{"start":{"line":151,"column":17},"end":{"line":151,"column":29}},"51":{"start":{"line":153,"column":4},"end":{"line":153,"column":28}},"52":{"start":{"line":158,"column":26},"end":{"line":179,"column":1}},"53":{"start":{"line":159,"column":19},"end":{"line":159,"column":56}},"54":{"start":{"line":161,"column":4},"end":{"line":178,"column":5}},"55":{"start":{"line":162,"column":8},"end":{"line":173,"column":11}},"56":{"start":{"line":175,"column":8},"end":{"line":175,"column":26}},"57":{"start":{"line":177,"column":8},"end":{"line":177,"column":30}},"58":{"start":{"line":181,"column":26},"end":{"line":197,"column":1}},"59":{"start":{"line":182,"column":19},"end":{"line":182,"column":56}},"60":{"start":{"line":184,"column":4},"end":{"line":196,"column":5}},"61":{"start":{"line":185,"column":8},"end":{"line":193,"column":30}},"62":{"start":{"line":195,"column":8},"end":{"line":195,"column":30}}},"fnMap":{"0":{"name":"(anonymous_0)","decl":{"start":{"line":11,"column":26},"end":{"line":11,"column":27}},"loc":{"start":{"line":11,"column":61},"end":{"line":56,"column":1}},"line":11},"1":{"name":"(anonymous_1)","decl":{"start":{"line":58,"column":29},"end":{"line":58,"column":30}},"loc":{"start":{"line":58,"column":64},"end":{"line":98,"column":1}},"line":58},"2":{"name":"(anonymous_2)","decl":{"start":{"line":100,"column":28},"end":{"line":100,"column":29}},"loc":{"start":{"line":100,"column":63},"end":{"line":126,"column":1}},"line":100},"3":{"name":"(anonymous_3)","decl":{"start":{"line":128,"column":30},"end":{"line":128,"column":31}},"loc":{"start":{"line":128,"column":65},"end":{"line":148,"column":1}},"line":128},"4":{"name":"(anonymous_4)","decl":{"start":{"line":150,"column":30},"end":{"line":150,"column":31}},"loc":{"start":{"line":150,"column":65},"end":{"line":154,"column":1}},"line":150},"5":{"name":"(anonymous_5)","decl":{"start":{"line":158,"column":26},"end":{"line":158,"column":27}},"loc":{"start":{"line":158,"column":61},"end":{"line":179,"column":1}},"line":158},"6":{"name":"(anonymous_6)","decl":{"start":{"line":181,"column":26},"end":{"line":181,"column":27}},"loc":{"start":{"line":181,"column":61},"end":{"line":197,"column":1}},"line":181}},"branchMap":{"0":{"loc":{"start":{"line":22,"column":4},"end":{"line":24,"column":5}},"type":"if","locations":[{"start":{"line":22,"column":4},"end":{"line":24,"column":5}},{"start":{},"end":{}}],"line":22},"1":{"loc":{"start":{"line":29,"column":8},"end":{"line":39,"column":9}},"type":"if","locations":[{"start":{"line":29,"column":8},"end":{"line":39,"column":9}},{"start":{},"end":{}}],"line":29},"2":{"loc":{"start":{"line":46,"column":23},"end":{"line":46,"column":78}},"type":"cond-expr","locations":[{"start":{"line":46,"column":50},"end":{"line":46,"column":66}},{"start":{"line":46,"column":69},"end":{"line":46,"column":78}}],"line":46},"3":{"loc":{"start":{"line":47,"column":24},"end":{"line":47,"column":48}},"type":"binary-expr","locations":[{"start":{"line":47,"column":24},"end":{"line":47,"column":33}},{"start":{"line":47,"column":37},"end":{"line":47,"column":48}}],"line":47},"4":{"loc":{"start":{"line":62,"column":4},"end":{"line":64,"column":5}},"type":"if","locations":[{"start":{"line":62,"column":4},"end":{"line":64,"column":5}},{"start":{},"end":{}}],"line":62},"5":{"loc":{"start":{"line":69,"column":4},"end":{"line":71,"column":5}},"type":"if","locations":[{"start":{"line":69,"column":4},"end":{"line":71,"column":5}},{"start":{},"end":{}}],"line":69},"6":{"loc":{"start":{"line":76,"column":8},"end":{"line":78,"column":9}},"type":"if","locations":[{"start":{"line":76,"column":8},"end":{"line":78,"column":9}},{"start":{},"end":{}}],"line":76},"7":{"loc":{"start":{"line":103,"column":4},"end":{"line":105,"column":5}},"type":"if","locations":[{"start":{"line":103,"column":4},"end":{"line":105,"column":5}},{"start":{},"end":{}}],"line":103},"8":{"loc":{"start":{"line":159,"column":19},"end":{"line":159,"column":56}},"type":"binary-expr","locations":[{"start":{"line":159,"column":19},"end":{"line":159,"column":50}},{"start":{"line":159,"column":54},"end":{"line":159,"column":56}}],"line":159},"9":{"loc":{"start":{"line":182,"column":19},"end":{"line":182,"column":56}},"type":"binary-expr","locations":[{"start":{"line":182,"column":19},"end":{"line":182,"column":50}},{"start":{"line":182,"column":54},"end":{"line":182,"column":56}}],"line":182}},"s":{"0":22,"1":9,"2":9,"3":9,"4":9,"5":6,"6":3,"7":3,"8":3,"9":3,"10":3,"11":3,"12":3,"13":3,"14":0,"15":0,"16":22,"17":5,"18":5,"19":5,"20":1,"21":4,"22":4,"23":2,"24":2,"25":2,"26":2,"27":1,"28":1,"29":1,"30":1,"31":1,"32":0,"33":0,"34":22,"35":2,"36":2,"37":1,"38":1,"39":1,"40":1,"41":1,"42":0,"43":22,"44":0,"45":0,"46":0,"47":0,"48":0,"49":22,"50":4,"51":4,"52":22,"53":120,"54":120,"55":120,"56":118,"57":2,"58":22,"59":122,"60":122,"61":122,"62":0},"f":{"0":9,"1":5,"2":2,"3":0,"4":4,"5":120,"6":122},"b":{"0":[6,3],"1":[3,0],"2":[0,3],"3":[3,0],"4":[1,4],"5":[2,2],"6":[1,1],"7":[1,1],"8":[120,2],"9":[122,0]},"_coverageSchema":"1a1c01bbd47fc00a2c39e90264f33305004495a9","hash":"9eeb9fff3effab080b0e86ecc4f54624731b3bc8"}
,"/Users/pratikbhandari/Desktop/echo-hybrid/server/middleware/auth.middleware.js": {"path":"/Users/pratikbhandari/Desktop/echo-hybrid/server/middleware/auth.middleware.js","statementMap":{"0":{"start":{"line":6,"column":13},"end":{"line":128,"column":1}},"1":{"start":{"line":7,"column":25},"end":{"line":7,"column":56}},"2":{"start":{"line":8,"column":21},"end":{"line":8,"column":48}},"3":{"start":{"line":9,"column":16},"end":{"line":9,"column":35}},"4":{"start":{"line":11,"column":4},"end":{"line":13,"column":5}},"5":{"start":{"line":12,"column":8},"end":{"line":12,"column":50}},"6":{"start":{"line":15,"column":19},"end":{"line":15,"column":42}},"7":{"start":{"line":16,"column":18},"end":{"line":16,"column":33}},"8":{"start":{"line":18,"column":4},"end":{"line":125,"column":5}},"9":{"start":{"line":19,"column":30},"end":{"line":19,"column":71}},"10":{"start":{"line":21,"column":8},"end":{"line":114,"column":9}},"11":{"start":{"line":23,"column":35},"end":{"line":41,"column":14}},"12":{"start":{"line":43,"column":12},"end":{"line":45,"column":13}},"13":{"start":{"line":44,"column":16},"end":{"line":44,"column":66}},"14":{"start":{"line":47,"column":12},"end":{"line":55,"column":13}},"15":{"start":{"line":52,"column":16},"end":{"line":54,"column":18}},"16":{"start":{"line":57,"column":12},"end":{"line":62,"column":13}},"17":{"start":{"line":59,"column":16},"end":{"line":61,"column":18}},"18":{"start":{"line":64,"column":12},"end":{"line":72,"column":13}},"19":{"start":{"line":66,"column":16},"end":{"line":71,"column":18}},"20":{"start":{"line":74,"column":12},"end":{"line":85,"column":13}},"21":{"start":{"line":79,"column":16},"end":{"line":84,"column":18}},"22":{"start":{"line":87,"column":12},"end":{"line":97,"column":13}},"23":{"start":{"line":91,"column":16},"end":{"line":96,"column":18}},"24":{"start":{"line":99,"column":12},"end":{"line":109,"column":13}},"25":{"start":{"line":103,"column":16},"end":{"line":108,"column":18}},"26":{"start":{"line":111,"column":12},"end":{"line":111,"column":42}},"27":{"start":{"line":113,"column":12},"end":{"line":113,"column":54}},"28":{"start":{"line":116,"column":18},"end":{"line":116,"column":20}},"29":{"start":{"line":117,"column":21},"end":{"line":117,"column":25}},"30":{"start":{"line":119,"column":8},"end":{"line":122,"column":9}},"31":{"start":{"line":120,"column":12},"end":{"line":120,"column":32}},"32":{"start":{"line":121,"column":12},"end":{"line":121,"column":25}},"33":{"start":{"line":124,"column":8},"end":{"line":124,"column":48}},"34":{"start":{"line":127,"column":4},"end":{"line":127,"column":11}}},"fnMap":{"0":{"name":"(anonymous_0)","decl":{"start":{"line":6,"column":13},"end":{"line":6,"column":14}},"loc":{"start":{"line":6,"column":48},"end":{"line":128,"column":1}},"line":6}},"branchMap":{"0":{"loc":{"start":{"line":11,"column":4},"end":{"line":13,"column":5}},"type":"if","locations":[{"start":{"line":11,"column":4},"end":{"line":13,"column":5}},{"start":{},"end":{}}],"line":11},"1":{"loc":{"start":{"line":16,"column":18},"end":{"line":16,"column":33}},"type":"binary-expr","locations":[{"start":{"line":16,"column":18},"end":{"line":16,"column":27}},{"start":{"line":16,"column":31},"end":{"line":16,"column":33}}],"line":16},"2":{"loc":{"start":{"line":21,"column":8},"end":{"line":114,"column":9}},"type":"if","locations":[{"start":{"line":21,"column":8},"end":{"line":114,"column":9}},{"start":{"line":112,"column":15},"end":{"line":114,"column":9}}],"line":21},"3":{"loc":{"start":{"line":39,"column":24},"end":{"line":39,"column":44}},"type":"binary-expr","locations":[{"start":{"line":39,"column":24},"end":{"line":39,"column":38}},{"start":{"line":39,"column":42},"end":{"line":39,"column":44}}],"line":39},"4":{"loc":{"start":{"line":43,"column":12},"end":{"line":45,"column":13}},"type":"if","locations":[{"start":{"line":43,"column":12},"end":{"line":45,"column":13}},{"start":{},"end":{}}],"line":43},"5":{"loc":{"start":{"line":47,"column":12},"end":{"line":55,"column":13}},"type":"if","locations":[{"start":{"line":47,"column":12},"end":{"line":55,"column":13}},{"start":{},"end":{}}],"line":47},"6":{"loc":{"start":{"line":48,"column":16},"end":{"line":49,"column":68}},"type":"binary-expr","locations":[{"start":{"line":48,"column":16},"end":{"line":48,"column":42}},{"start":{"line":49,"column":16},"end":{"line":49,"column":68}}],"line":48},"7":{"loc":{"start":{"line":49,"column":18},"end":{"line":49,"column":67}},"type":"binary-expr","locations":[{"start":{"line":49,"column":18},"end":{"line":49,"column":42}},{"start":{"line":49,"column":46},"end":{"line":49,"column":67}}],"line":49},"8":{"loc":{"start":{"line":57,"column":12},"end":{"line":62,"column":13}},"type":"if","locations":[{"start":{"line":57,"column":12},"end":{"line":62,"column":13}},{"start":{},"end":{}}],"line":57},"9":{"loc":{"start":{"line":57,"column":16},"end":{"line":57,"column":67}},"type":"binary-expr","locations":[{"start":{"line":57,"column":16},"end":{"line":57,"column":41}},{"start":{"line":57,"column":45},"end":{"line":57,"column":67}}],"line":57},"10":{"loc":{"start":{"line":64,"column":12},"end":{"line":72,"column":13}},"type":"if","locations":[{"start":{"line":64,"column":12},"end":{"line":72,"column":13}},{"start":{},"end":{}}],"line":64},"11":{"loc":{"start":{"line":64,"column":16},"end":{"line":64,"column":64}},"type":"binary-expr","locations":[{"start":{"line":64,"column":16},"end":{"line":64,"column":37}},{"start":{"line":64,"column":41},"end":{"line":64,"column":64}}],"line":64},"12":{"loc":{"start":{"line":74,"column":12},"end":{"line":85,"column":13}},"type":"if","locations":[{"start":{"line":74,"column":12},"end":{"line":85,"column":13}},{"start":{},"end":{}}],"line":74},"13":{"loc":{"start":{"line":75,"column":16},"end":{"line":76,"column":51}},"type":"binary-expr","locations":[{"start":{"line":75,"column":16},"end":{"line":75,"column":49}},{"start":{"line":76,"column":16},"end":{"line":76,"column":51}}],"line":75},"14":{"loc":{"start":{"line":87,"column":12},"end":{"line":97,"column":13}},"type":"if","locations":[{"start":{"line":87,"column":12},"end":{"line":97,"column":13}},{"start":{},"end":{}}],"line":87},"15":{"loc":{"start":{"line":88,"column":16},"end":{"line":89,"column":48}},"type":"binary-expr","locations":[{"start":{"line":88,"column":16},"end":{"line":88,"column":45}},{"start":{"line":89,"column":16},"end":{"line":89,"column":48}}],"line":88},"16":{"loc":{"start":{"line":99,"column":12},"end":{"line":109,"column":13}},"type":"if","locations":[{"start":{"line":99,"column":12},"end":{"line":109,"column":13}},{"start":{},"end":{}}],"line":99},"17":{"loc":{"start":{"line":100,"column":16},"end":{"line":101,"column":78}},"type":"binary-expr","locations":[{"start":{"line":100,"column":16},"end":{"line":100,"column":37}},{"start":{"line":101,"column":17},"end":{"line":101,"column":39}},{"start":{"line":101,"column":43},"end":{"line":101,"column":77}}],"line":100},"18":{"loc":{"start":{"line":119,"column":8},"end":{"line":122,"column":9}},"type":"if","locations":[{"start":{"line":119,"column":8},"end":{"line":122,"column":9}},{"start":{},"end":{}}],"line":119}},"s":{"0":22,"1":1182,"2":1182,"3":1182,"4":1182,"5":1,"6":1181,"7":1181,"8":1181,"9":1181,"10":1177,"11":1177,"12":1177,"13":0,"14":1177,"15":0,"16":1177,"17":0,"18":1177,"19":6,"20":1171,"21":0,"22":1171,"23":0,"24":1171,"25":9,"26":1162,"27":0,"28":4,"29":4,"30":4,"31":4,"32":4,"33":4,"34":1162},"f":{"0":1182},"b":{"0":[1,1181],"1":[1181,0],"2":[1177,0],"3":[1177,735],"4":[0,1177],"5":[0,1177],"6":[1177,3],"7":[3,0],"8":[0,1177],"9":[1177,0],"10":[6,1171],"11":[1177,355],"12":[0,1171],"13":[1171,0],"14":[0,1171],"15":[1171,97],"16":[9,1162],"17":[1171,198,193],"18":[4,0]},"_coverageSchema":"1a1c01bbd47fc00a2c39e90264f33305004495a9","hash":"09655d0d4a099f05a62d7870b557e58033043ef0"}
,"/Users/pratikbhandari/Desktop/echo-hybrid/server/routes/report.routes.js": {"path":"/Users/pratikbhandari/Desktop/echo-hybrid/server/routes/report.routes.js","statementMap":{"0":{"start":{"line":11,"column":28},"end":{"line":59,"column":1}},"1":{"start":{"line":12,"column":19},"end":{"line":12,"column":35}},"2":{"start":{"line":14,"column":4},"end":{"line":29,"column":6}},"3":{"start":{"line":17,"column":12},"end":{"line":17,"column":28}},"4":{"start":{"line":18,"column":12},"end":{"line":18,"column":41}},"5":{"start":{"line":19,"column":12},"end":{"line":25,"column":14}},"6":{"start":{"line":26,"column":12},"end":{"line":26,"column":33}},"7":{"start":{"line":31,"column":4},"end":{"line":38,"column":6}},"8":{"start":{"line":34,"column":12},"end":{"line":34,"column":41}},"9":{"start":{"line":35,"column":12},"end":{"line":35,"column":33}},"10":{"start":{"line":40,"column":4},"end":{"line":47,"column":6}},"11":{"start":{"line":43,"column":12},"end":{"line":43,"column":41}},"12":{"start":{"line":44,"column":12},"end":{"line":44,"column":33}},"13":{"start":{"line":49,"column":4},"end":{"line":56,"column":6}},"14":{"start":{"line":52,"column":12},"end":{"line":52,"column":41}},"15":{"start":{"line":53,"column":12},"end":{"line":53,"column":33}},"16":{"start":{"line":58,"column":4},"end":{"line":58,"column":18}}},"fnMap":{"0":{"name":"(anonymous_0)","decl":{"start":{"line":11,"column":28},"end":{"line":11,"column":29}},"loc":{"start":{"line":11,"column":36},"end":{"line":59,"column":1}},"line":11},"1":{"name":"(anonymous_1)","decl":{"start":{"line":16,"column":8},"end":{"line":16,"column":9}},"loc":{"start":{"line":16,"column":28},"end":{"line":27,"column":9}},"line":16},"2":{"name":"(anonymous_2)","decl":{"start":{"line":33,"column":8},"end":{"line":33,"column":9}},"loc":{"start":{"line":33,"column":28},"end":{"line":36,"column":9}},"line":33},"3":{"name":"(anonymous_3)","decl":{"start":{"line":42,"column":8},"end":{"line":42,"column":9}},"loc":{"start":{"line":42,"column":28},"end":{"line":45,"column":9}},"line":42},"4":{"name":"(anonymous_4)","decl":{"start":{"line":51,"column":8},"end":{"line":51,"column":9}},"loc":{"start":{"line":51,"column":28},"end":{"line":54,"column":9}},"line":51}},"branchMap":{},"s":{"0":22,"1":22,"2":22,"3":4,"4":4,"5":4,"6":4,"7":22,"8":0,"9":0,"10":22,"11":6,"12":6,"13":22,"14":0,"15":0,"16":22},"f":{"0":22,"1":4,"2":0,"3":6,"4":0},"b":{},"_coverageSchema":"1a1c01bbd47fc00a2c39e90264f33305004495a9","hash":"ae4264b6dd09bafe512e2388ef37a79e9cf2d791"}
,"/Users/pratikbhandari/Desktop/echo-hybrid/server/routes/store.routes.js": {"path":"/Users/pratikbhandari/Desktop/echo-hybrid/server/routes/store.routes.js","statementMap":{"0":{"start":{"line":11,"column":27},"end":{"line":63,"column":1}},"1":{"start":{"line":12,"column":19},"end":{"line":12,"column":35}},"2":{"start":{"line":14,"column":4},"end":{"line":24,"column":6}},"3":{"start":{"line":17,"column":12},"end":{"line":17,"column":41}},"4":{"start":{"line":18,"column":12},"end":{"line":20,"column":14}},"5":{"start":{"line":21,"column":12},"end":{"line":21,"column":33}},"6":{"start":{"line":26,"column":4},"end":{"line":26,"column":51}},"7":{"start":{"line":28,"column":4},"end":{"line":37,"column":6}},"8":{"start":{"line":31,"column":12},"end":{"line":33,"column":14}},"9":{"start":{"line":34,"column":12},"end":{"line":34,"column":33}},"10":{"start":{"line":39,"column":4},"end":{"line":60,"column":6}},"11":{"start":{"line":42,"column":12},"end":{"line":53,"column":14}},"12":{"start":{"line":54,"column":12},"end":{"line":54,"column":33}},"13":{"start":{"line":57,"column":12},"end":{"line":57,"column":28}},"14":{"start":{"line":58,"column":12},"end":{"line":58,"column":40}},"15":{"start":{"line":62,"column":4},"end":{"line":62,"column":18}}},"fnMap":{"0":{"name":"(anonymous_0)","decl":{"start":{"line":11,"column":27},"end":{"line":11,"column":28}},"loc":{"start":{"line":11,"column":35},"end":{"line":63,"column":1}},"line":11},"1":{"name":"(anonymous_1)","decl":{"start":{"line":16,"column":8},"end":{"line":16,"column":9}},"loc":{"start":{"line":16,"column":28},"end":{"line":22,"column":9}},"line":16},"2":{"name":"(anonymous_2)","decl":{"start":{"line":30,"column":8},"end":{"line":30,"column":9}},"loc":{"start":{"line":30,"column":28},"end":{"line":35,"column":9}},"line":30},"3":{"name":"(anonymous_3)","decl":{"start":{"line":41,"column":8},"end":{"line":41,"column":9}},"loc":{"start":{"line":41,"column":28},"end":{"line":55,"column":9}},"line":41},"4":{"name":"(anonymous_4)","decl":{"start":{"line":56,"column":8},"end":{"line":56,"column":9}},"loc":{"start":{"line":56,"column":28},"end":{"line":59,"column":9}},"line":56}},"branchMap":{},"s":{"0":22,"1":22,"2":22,"3":78,"4":78,"5":78,"6":22,"7":22,"8":0,"9":0,"10":22,"11":3,"12":3,"13":3,"14":3,"15":22},"f":{"0":22,"1":78,"2":0,"3":3,"4":3},"b":{},"_coverageSchema":"1a1c01bbd47fc00a2c39e90264f33305004495a9","hash":"a2fc21546a5466ac9aa87777b763f767ab47e57b"}
,"/Users/pratikbhandari/Desktop/echo-hybrid/server/routes/user.routes.js": {"path":"/Users/pratikbhandari/Desktop/echo-hybrid/server/routes/user.routes.js","statementMap":{"0":{"start":{"line":16,"column":22},"end":{"line":16,"column":38}},"1":{"start":{"line":18,"column":0},"end":{"line":30,"column":2}},"2":{"start":{"line":21,"column":8},"end":{"line":25,"column":10}},"3":{"start":{"line":26,"column":8},"end":{"line":26,"column":29}},"4":{"start":{"line":32,"column":0},"end":{"line":41,"column":2}},"5":{"start":{"line":35,"column":8},"end":{"line":37,"column":10}},"6":{"start":{"line":38,"column":8},"end":{"line":38,"column":29}},"7":{"start":{"line":43,"column":0},"end":{"line":52,"column":2}},"8":{"start":{"line":46,"column":8},"end":{"line":48,"column":10}},"9":{"start":{"line":49,"column":8},"end":{"line":49,"column":29}},"10":{"start":{"line":54,"column":0},"end":{"line":54,"column":44}},"11":{"start":{"line":56,"column":0},"end":{"line":67,"column":2}},"12":{"start":{"line":59,"column":8},"end":{"line":62,"column":10}},"13":{"start":{"line":64,"column":8},"end":{"line":64,"column":38}},"14":{"start":{"line":71,"column":0},"end":{"line":78,"column":2}},"15":{"start":{"line":74,"column":8},"end":{"line":74,"column":37}},"16":{"start":{"line":75,"column":8},"end":{"line":75,"column":29}},"17":{"start":{"line":80,"column":0},"end":{"line":87,"column":2}},"18":{"start":{"line":83,"column":8},"end":{"line":83,"column":37}},"19":{"start":{"line":84,"column":8},"end":{"line":84,"column":29}}},"fnMap":{"0":{"name":"(anonymous_0)","decl":{"start":{"line":20,"column":4},"end":{"line":20,"column":5}},"loc":{"start":{"line":20,"column":24},"end":{"line":27,"column":5}},"line":20},"1":{"name":"(anonymous_1)","decl":{"start":{"line":34,"column":4},"end":{"line":34,"column":5}},"loc":{"start":{"line":34,"column":24},"end":{"line":39,"column":5}},"line":34},"2":{"name":"(anonymous_2)","decl":{"start":{"line":45,"column":4},"end":{"line":45,"column":5}},"loc":{"start":{"line":45,"column":24},"end":{"line":50,"column":5}},"line":45},"3":{"name":"(anonymous_3)","decl":{"start":{"line":58,"column":4},"end":{"line":58,"column":5}},"loc":{"start":{"line":58,"column":33},"end":{"line":65,"column":5}},"line":58},"4":{"name":"(anonymous_4)","decl":{"start":{"line":73,"column":4},"end":{"line":73,"column":5}},"loc":{"start":{"line":73,"column":24},"end":{"line":76,"column":5}},"line":73},"5":{"name":"(anonymous_5)","decl":{"start":{"line":82,"column":4},"end":{"line":82,"column":5}},"loc":{"start":{"line":82,"column":24},"end":{"line":85,"column":5}},"line":82}},"branchMap":{},"s":{"0":22,"1":22,"2":12,"3":12,"4":22,"5":5,"6":5,"7":22,"8":2,"9":2,"10":22,"11":22,"12":4,"13":4,"14":22,"15":120,"16":120,"17":22,"18":122,"19":122},"f":{"0":12,"1":5,"2":2,"3":4,"4":120,"5":122},"b":{},"_coverageSchema":"1a1c01bbd47fc00a2c39e90264f33305004495a9","hash":"b086ff9e317ed470963036c7a16ac56135ecdd74"}
}
