{"/Users/pratikbhandari/Desktop/echo-hybrid/server/index.js": {"path":"/Users/pratikbhandari/Desktop/echo-hybrid/server/index.js","statementMap":{"0":{"start":{"line":35,"column":0},"end":{"line":35,"column":16}},"1":{"start":{"line":37,"column":19},"end":{"line":37,"column":28}},"2":{"start":{"line":38,"column":15},"end":{"line":38,"column":37}},"3":{"start":{"line":39,"column":11},"end":{"line":39,"column":56}},"4":{"start":{"line":41,"column":0},"end":{"line":41,"column":16}},"5":{"start":{"line":42,"column":0},"end":{"line":42,"column":24}},"6":{"start":{"line":43,"column":0},"end":{"line":43,"column":33}},"7":{"start":{"line":44,"column":0},"end":{"line":44,"column":40}},"8":{"start":{"line":45,"column":0},"end":{"line":45,"column":34}},"9":{"start":{"line":46,"column":0},"end":{"line":46,"column":36}},"10":{"start":{"line":47,"column":0},"end":{"line":47,"column":40}},"11":{"start":{"line":48,"column":0},"end":{"line":48,"column":42}},"12":{"start":{"line":49,"column":0},"end":{"line":49,"column":41}},"13":{"start":{"line":50,"column":0},"end":{"line":50,"column":43}},"14":{"start":{"line":51,"column":0},"end":{"line":51,"column":41}},"15":{"start":{"line":52,"column":0},"end":{"line":52,"column":44}},"16":{"start":{"line":53,"column":0},"end":{"line":53,"column":54}},"17":{"start":{"line":54,"column":0},"end":{"line":54,"column":42}},"18":{"start":{"line":55,"column":0},"end":{"line":55,"column":43}},"19":{"start":{"line":56,"column":0},"end":{"line":56,"column":59}},"20":{"start":{"line":57,"column":0},"end":{"line":57,"column":36}},"21":{"start":{"line":58,"column":0},"end":{"line":58,"column":40}},"22":{"start":{"line":59,"column":0},"end":{"line":59,"column":38}},"23":{"start":{"line":60,"column":0},"end":{"line":60,"column":44}},"24":{"start":{"line":61,"column":0},"end":{"line":61,"column":34}},"25":{"start":{"line":62,"column":0},"end":{"line":62,"column":36}},"26":{"start":{"line":63,"column":0},"end":{"line":63,"column":40}},"27":{"start":{"line":64,"column":0},"end":{"line":64,"column":48}},"28":{"start":{"line":65,"column":0},"end":{"line":65,"column":43}},"29":{"start":{"line":66,"column":0},"end":{"line":66,"column":50}},"30":{"start":{"line":67,"column":0},"end":{"line":67,"column":33}},"31":{"start":{"line":68,"column":0},"end":{"line":68,"column":36}},"32":{"start":{"line":71,"column":0},"end":{"line":71,"column":22}},"33":{"start":{"line":73,"column":13},"end":{"line":73,"column":37}},"34":{"start":{"line":74,"column":0},"end":{"line":76,"column":3}},"35":{"start":{"line":75,"column":4},"end":{"line":75,"column":59}}},"fnMap":{"0":{"name":"(anonymous_0)","decl":{"start":{"line":74,"column":20},"end":{"line":74,"column":21}},"loc":{"start":{"line":74,"column":26},"end":{"line":76,"column":1}},"line":74}},"branchMap":{"0":{"loc":{"start":{"line":73,"column":13},"end":{"line":73,"column":37}},"type":"binary-expr","locations":[{"start":{"line":73,"column":13},"end":{"line":73,"column":29}},{"start":{"line":73,"column":33},"end":{"line":73,"column":37}}],"line":73}},"s":{"0":1,"1":1,"2":1,"3":1,"4":1,"5":1,"6":1,"7":1,"8":1,"9":1,"10":1,"11":1,"12":1,"13":1,"14":1,"15":1,"16":1,"17":1,"18":1,"19":1,"20":1,"21":1,"22":1,"23":1,"24":1,"25":1,"26":1,"27":1,"28":1,"29":1,"30":1,"31":1,"32":1,"33":1,"34":1,"35":1},"f":{"0":1},"b":{"0":[1,1]},"_coverageSchema":"1a1c01bbd47fc00a2c39e90264f33305004495a9","hash":"d687e2cf0cfbc06bb671845bc617c52e5bc6218f"}
,"/Users/pratikbhandari/Desktop/echo-hybrid/server/controllers/account.controllers.js": {"path":"/Users/pratikbhandari/Desktop/echo-hybrid/server/controllers/account.controllers.js","statementMap":{"0":{"start":{"line":12,"column":17},"end":{"line":12,"column":50}},"1":{"start":{"line":14,"column":41},"end":{"line":46,"column":1}},"2":{"start":{"line":15,"column":17},"end":{"line":15,"column":29}},"3":{"start":{"line":17,"column":4},"end":{"line":19,"column":5}},"4":{"start":{"line":18,"column":8},"end":{"line":18,"column":50}},"5":{"start":{"line":21,"column":4},"end":{"line":45,"column":5}},"6":{"start":{"line":22,"column":33},"end":{"line":25,"column":9}},"7":{"start":{"line":27,"column":36},"end":{"line":31,"column":10}},"8":{"start":{"line":34,"column":8},"end":{"line":38,"column":10}},"9":{"start":{"line":40,"column":8},"end":{"line":42,"column":11}},"10":{"start":{"line":44,"column":8},"end":{"line":44,"column":30}},"11":{"start":{"line":48,"column":29},"end":{"line":93,"column":1}},"12":{"start":{"line":49,"column":17},"end":{"line":49,"column":29}},"13":{"start":{"line":50,"column":17},"end":{"line":50,"column":35}},"14":{"start":{"line":52,"column":4},"end":{"line":54,"column":5}},"15":{"start":{"line":53,"column":8},"end":{"line":53,"column":50}},"16":{"start":{"line":56,"column":4},"end":{"line":58,"column":5}},"17":{"start":{"line":57,"column":8},"end":{"line":57,"column":71}},"18":{"start":{"line":60,"column":4},"end":{"line":92,"column":5}},"19":{"start":{"line":61,"column":36},"end":{"line":63,"column":9}},"20":{"start":{"line":65,"column":25},"end":{"line":69,"column":9}},"21":{"start":{"line":71,"column":8},"end":{"line":73,"column":9}},"22":{"start":{"line":72,"column":12},"end":{"line":72,"column":54}},"23":{"start":{"line":75,"column":8},"end":{"line":85,"column":11}},"24":{"start":{"line":87,"column":8},"end":{"line":89,"column":11}},"25":{"start":{"line":91,"column":8},"end":{"line":91,"column":30}},"26":{"start":{"line":95,"column":37},"end":{"line":136,"column":1}},"27":{"start":{"line":96,"column":18},"end":{"line":96,"column":36}},"28":{"start":{"line":98,"column":4},"end":{"line":100,"column":5}},"29":{"start":{"line":99,"column":8},"end":{"line":99,"column":61}},"30":{"start":{"line":102,"column":4},"end":{"line":135,"column":5}},"31":{"start":{"line":103,"column":21},"end":{"line":107,"column":10}},"32":{"start":{"line":109,"column":8},"end":{"line":111,"column":9}},"33":{"start":{"line":110,"column":12},"end":{"line":110,"column":62}},"34":{"start":{"line":113,"column":26},"end":{"line":116,"column":9}},"35":{"start":{"line":118,"column":8},"end":{"line":124,"column":11}},"36":{"start":{"line":126,"column":8},"end":{"line":130,"column":10}},"37":{"start":{"line":132,"column":8},"end":{"line":132,"column":75}},"38":{"start":{"line":134,"column":8},"end":{"line":134,"column":30}},"39":{"start":{"line":138,"column":30},"end":{"line":206,"column":1}},"40":{"start":{"line":139,"column":38},"end":{"line":139,"column":50}},"41":{"start":{"line":140,"column":19},"end":{"line":140,"column":54}},"42":{"start":{"line":142,"column":4},"end":{"line":144,"column":5}},"43":{"start":{"line":143,"column":8},"end":{"line":143,"column":50}},"44":{"start":{"line":146,"column":4},"end":{"line":205,"column":5}},"45":{"start":{"line":147,"column":21},"end":{"line":151,"column":10}},"46":{"start":{"line":153,"column":8},"end":{"line":155,"column":9}},"47":{"start":{"line":154,"column":12},"end":{"line":154,"column":62}},"48":{"start":{"line":157,"column":32},"end":{"line":161,"column":10}},"49":{"start":{"line":163,"column":8},"end":{"line":170,"column":9}},"50":{"start":{"line":164,"column":12},"end":{"line":169,"column":14}},"51":{"start":{"line":172,"column":8},"end":{"line":176,"column":10}},"52":{"start":{"line":178,"column":8},"end":{"line":180,"column":9}},"53":{"start":{"line":179,"column":12},"end":{"line":179,"column":54}},"54":{"start":{"line":183,"column":21},"end":{"line":183,"column":44}},"55":{"start":{"line":184,"column":31},"end":{"line":184,"column":64}},"56":{"start":{"line":186,"column":8},"end":{"line":200,"column":11}},"57":{"start":{"line":202,"column":8},"end":{"line":202,"column":66}},"58":{"start":{"line":204,"column":8},"end":{"line":204,"column":30}}},"fnMap":{"0":{"name":"(anonymous_0)","decl":{"start":{"line":14,"column":41},"end":{"line":14,"column":42}},"loc":{"start":{"line":14,"column":76},"end":{"line":46,"column":1}},"line":14},"1":{"name":"(anonymous_1)","decl":{"start":{"line":48,"column":29},"end":{"line":48,"column":30}},"loc":{"start":{"line":48,"column":64},"end":{"line":93,"column":1}},"line":48},"2":{"name":"(anonymous_2)","decl":{"start":{"line":95,"column":37},"end":{"line":95,"column":38}},"loc":{"start":{"line":95,"column":72},"end":{"line":136,"column":1}},"line":95},"3":{"name":"(anonymous_3)","decl":{"start":{"line":138,"column":30},"end":{"line":138,"column":31}},"loc":{"start":{"line":138,"column":65},"end":{"line":206,"column":1}},"line":138}},"branchMap":{"0":{"loc":{"start":{"line":17,"column":4},"end":{"line":19,"column":5}},"type":"if","locations":[{"start":{"line":17,"column":4},"end":{"line":19,"column":5}},{"start":{},"end":{}}],"line":17},"1":{"loc":{"start":{"line":52,"column":4},"end":{"line":54,"column":5}},"type":"if","locations":[{"start":{"line":52,"column":4},"end":{"line":54,"column":5}},{"start":{},"end":{}}],"line":52},"2":{"loc":{"start":{"line":56,"column":4},"end":{"line":58,"column":5}},"type":"if","locations":[{"start":{"line":56,"column":4},"end":{"line":58,"column":5}},{"start":{},"end":{}}],"line":56},"3":{"loc":{"start":{"line":71,"column":8},"end":{"line":73,"column":9}},"type":"if","locations":[{"start":{"line":71,"column":8},"end":{"line":73,"column":9}},{"start":{},"end":{}}],"line":71},"4":{"loc":{"start":{"line":98,"column":4},"end":{"line":100,"column":5}},"type":"if","locations":[{"start":{"line":98,"column":4},"end":{"line":100,"column":5}},{"start":{},"end":{}}],"line":98},"5":{"loc":{"start":{"line":109,"column":8},"end":{"line":111,"column":9}},"type":"if","locations":[{"start":{"line":109,"column":8},"end":{"line":111,"column":9}},{"start":{},"end":{}}],"line":109},"6":{"loc":{"start":{"line":142,"column":4},"end":{"line":144,"column":5}},"type":"if","locations":[{"start":{"line":142,"column":4},"end":{"line":144,"column":5}},{"start":{},"end":{}}],"line":142},"7":{"loc":{"start":{"line":153,"column":8},"end":{"line":155,"column":9}},"type":"if","locations":[{"start":{"line":153,"column":8},"end":{"line":155,"column":9}},{"start":{},"end":{}}],"line":153},"8":{"loc":{"start":{"line":163,"column":8},"end":{"line":170,"column":9}},"type":"if","locations":[{"start":{"line":163,"column":8},"end":{"line":170,"column":9}},{"start":{},"end":{}}],"line":163},"9":{"loc":{"start":{"line":178,"column":8},"end":{"line":180,"column":9}},"type":"if","locations":[{"start":{"line":178,"column":8},"end":{"line":180,"column":9}},{"start":{},"end":{}}],"line":178}},"s":{"0":1,"1":1,"2":0,"3":0,"4":0,"5":0,"6":0,"7":0,"8":0,"9":0,"10":0,"11":1,"12":0,"13":0,"14":0,"15":0,"16":0,"17":0,"18":0,"19":0,"20":0,"21":0,"22":0,"23":0,"24":0,"25":0,"26":1,"27":0,"28":0,"29":0,"30":0,"31":0,"32":0,"33":0,"34":0,"35":0,"36":0,"37":0,"38":0,"39":1,"40":0,"41":0,"42":0,"43":0,"44":0,"45":0,"46":0,"47":0,"48":0,"49":0,"50":0,"51":0,"52":0,"53":0,"54":0,"55":0,"56":0,"57":0,"58":0},"f":{"0":0,"1":0,"2":0,"3":0},"b":{"0":[0,0],"1":[0,0],"2":[0,0],"3":[0,0],"4":[0,0],"5":[0,0],"6":[0,0],"7":[0,0],"8":[0,0],"9":[0,0]},"_coverageSchema":"1a1c01bbd47fc00a2c39e90264f33305004495a9","hash":"53674bb109a7c0d73a1a55aec75a051d601a6ebe"}
,"/Users/pratikbhandari/Desktop/echo-hybrid/server/controllers/address.controllers.js": {"path":"/Users/pratikbhandari/Desktop/echo-hybrid/server/controllers/address.controllers.js","statementMap":{"0":{"start":{"line":6,"column":26},"end":{"line":68,"column":1}},"1":{"start":{"line":7,"column":17},"end":{"line":7,"column":29}},"2":{"start":{"line":8,"column":22},"end":{"line":8,"column":34}},"3":{"start":{"line":9,"column":23},"end":{"line":9,"column":48}},"4":{"start":{"line":12,"column":4},"end":{"line":14,"column":5}},"5":{"start":{"line":13,"column":8},"end":{"line":13,"column":63}},"6":{"start":{"line":17,"column":4},"end":{"line":21,"column":5}},"7":{"start":{"line":18,"column":8},"end":{"line":20,"column":10}},"8":{"start":{"line":25,"column":8},"end":{"line":27,"column":50}},"9":{"start":{"line":28,"column":21},"end":{"line":28,"column":75}},"10":{"start":{"line":30,"column":4},"end":{"line":32,"column":5}},"11":{"start":{"line":31,"column":8},"end":{"line":31,"column":50}},"12":{"start":{"line":34,"column":4},"end":{"line":67,"column":5}},"13":{"start":{"line":35,"column":32},"end":{"line":38,"column":9}},"14":{"start":{"line":40,"column":52},"end":{"line":40,"column":63}},"15":{"start":{"line":41,"column":8},"end":{"line":46,"column":10}},"16":{"start":{"line":47,"column":8},"end":{"line":56,"column":10}},"17":{"start":{"line":58,"column":24},"end":{"line":62,"column":10}},"18":{"start":{"line":64,"column":8},"end":{"line":64,"column":35}},"19":{"start":{"line":66,"column":8},"end":{"line":66,"column":30}}},"fnMap":{"0":{"name":"(anonymous_0)","decl":{"start":{"line":6,"column":26},"end":{"line":6,"column":27}},"loc":{"start":{"line":6,"column":61},"end":{"line":68,"column":1}},"line":6}},"branchMap":{"0":{"loc":{"start":{"line":12,"column":4},"end":{"line":14,"column":5}},"type":"if","locations":[{"start":{"line":12,"column":4},"end":{"line":14,"column":5}},{"start":{},"end":{}}],"line":12},"1":{"loc":{"start":{"line":12,"column":8},"end":{"line":12,"column":58}},"type":"binary-expr","locations":[{"start":{"line":12,"column":8},"end":{"line":12,"column":29}},{"start":{"line":12,"column":33},"end":{"line":12,"column":58}}],"line":12},"2":{"loc":{"start":{"line":17,"column":4},"end":{"line":21,"column":5}},"type":"if","locations":[{"start":{"line":17,"column":4},"end":{"line":21,"column":5}},{"start":{},"end":{}}],"line":17},"3":{"loc":{"start":{"line":17,"column":8},"end":{"line":17,"column":58}},"type":"binary-expr","locations":[{"start":{"line":17,"column":8},"end":{"line":17,"column":33}},{"start":{"line":17,"column":37},"end":{"line":17,"column":58}}],"line":17},"4":{"loc":{"start":{"line":25,"column":8},"end":{"line":27,"column":50}},"type":"binary-expr","locations":[{"start":{"line":25,"column":9},"end":{"line":27,"column":43}},{"start":{"line":27,"column":48},"end":{"line":27,"column":50}}],"line":25},"5":{"loc":{"start":{"line":25,"column":9},"end":{"line":27,"column":43}},"type":"cond-expr","locations":[{"start":{"line":26,"column":14},"end":{"line":26,"column":26}},{"start":{"line":27,"column":14},"end":{"line":27,"column":43}}],"line":25},"6":{"loc":{"start":{"line":30,"column":4},"end":{"line":32,"column":5}},"type":"if","locations":[{"start":{"line":30,"column":4},"end":{"line":32,"column":5}},{"start":{},"end":{}}],"line":30},"7":{"loc":{"start":{"line":37,"column":16},"end":{"line":37,"column":72}},"type":"cond-expr","locations":[{"start":{"line":37,"column":40},"end":{"line":37,"column":47}},{"start":{"line":37,"column":50},"end":{"line":37,"column":72}}],"line":37},"8":{"loc":{"start":{"line":48,"column":22},"end":{"line":48,"column":57}},"type":"binary-expr","locations":[{"start":{"line":48,"column":22},"end":{"line":48,"column":30}},{"start":{"line":48,"column":34},"end":{"line":48,"column":57}}],"line":48},"9":{"loc":{"start":{"line":49,"column":18},"end":{"line":49,"column":45}},"type":"binary-expr","locations":[{"start":{"line":49,"column":18},"end":{"line":49,"column":22}},{"start":{"line":49,"column":26},"end":{"line":49,"column":45}}],"line":49},"10":{"loc":{"start":{"line":50,"column":18},"end":{"line":50,"column":45}},"type":"binary-expr","locations":[{"start":{"line":50,"column":18},"end":{"line":50,"column":22}},{"start":{"line":50,"column":26},"end":{"line":50,"column":45}}],"line":50},"11":{"loc":{"start":{"line":52,"column":16},"end":{"line":54,"column":63}},"type":"cond-expr","locations":[{"start":{"line":53,"column":22},"end":{"line":53,"column":24}},{"start":{"line":54,"column":22},"end":{"line":54,"column":63}}],"line":52},"12":{"loc":{"start":{"line":54,"column":22},"end":{"line":54,"column":63}},"type":"binary-expr","locations":[{"start":{"line":54,"column":22},"end":{"line":54,"column":33}},{"start":{"line":54,"column":37},"end":{"line":54,"column":63}}],"line":54}},"s":{"0":1,"1":0,"2":0,"3":0,"4":0,"5":0,"6":0,"7":0,"8":0,"9":0,"10":0,"11":0,"12":0,"13":0,"14":0,"15":0,"16":0,"17":0,"18":0,"19":0},"f":{"0":0},"b":{"0":[0,0],"1":[0,0],"2":[0,0],"3":[0,0],"4":[0,0],"5":[0,0],"6":[0,0],"7":[0,0],"8":[0,0],"9":[0,0],"10":[0,0],"11":[0,0],"12":[0,0]},"_coverageSchema":"1a1c01bbd47fc00a2c39e90264f33305004495a9","hash":"e1edc31c71d90860467db124a50e49b6fa116a18"}
,"/Users/pratikbhandari/Desktop/echo-hybrid/server/controllers/auth.controllers.js": {"path":"/Users/pratikbhandari/Desktop/echo-hybrid/server/controllers/auth.controllers.js","statementMap":{"0":{"start":{"line":12,"column":26},"end":{"line":83,"column":1}},"1":{"start":{"line":13,"column":51},"end":{"line":13,"column":63}},"2":{"start":{"line":14,"column":32},"end":{"line":14,"column":59}},"3":{"start":{"line":16,"column":19},"end":{"line":19,"column":5}},"4":{"start":{"line":21,"column":4},"end":{"line":23,"column":5}},"5":{"start":{"line":22,"column":8},"end":{"line":22,"column":50}},"6":{"start":{"line":25,"column":4},"end":{"line":30,"column":6}},"7":{"start":{"line":33,"column":4},"end":{"line":82,"column":5}},"8":{"start":{"line":34,"column":29},"end":{"line":34,"column":79}},"9":{"start":{"line":36,"column":8},"end":{"line":40,"column":9}},"10":{"start":{"line":37,"column":12},"end":{"line":39,"column":14}},"11":{"start":{"line":43,"column":21},"end":{"line":43,"column":44}},"12":{"start":{"line":44,"column":31},"end":{"line":44,"column":64}},"13":{"start":{"line":47,"column":28},"end":{"line":57,"column":10}},"14":{"start":{"line":60,"column":29},"end":{"line":65,"column":10}},"15":{"start":{"line":68,"column":19},"end":{"line":70,"column":67}},"16":{"start":{"line":72,"column":8},"end":{"line":72,"column":67}},"17":{"start":{"line":75,"column":22},"end":{"line":75,"column":51}},"18":{"start":{"line":77,"column":8},"end":{"line":77,"column":71}},"19":{"start":{"line":79,"column":8},"end":{"line":79,"column":27}},"20":{"start":{"line":81,"column":8},"end":{"line":81,"column":30}},"21":{"start":{"line":85,"column":26},"end":{"line":119,"column":1}},"22":{"start":{"line":86,"column":32},"end":{"line":86,"column":44}},"23":{"start":{"line":88,"column":21},"end":{"line":88,"column":64}},"24":{"start":{"line":90,"column":4},"end":{"line":92,"column":5}},"25":{"start":{"line":91,"column":8},"end":{"line":91,"column":50}},"26":{"start":{"line":94,"column":4},"end":{"line":118,"column":5}},"27":{"start":{"line":96,"column":21},"end":{"line":99,"column":10}},"28":{"start":{"line":101,"column":8},"end":{"line":103,"column":9}},"29":{"start":{"line":102,"column":12},"end":{"line":102,"column":76}},"30":{"start":{"line":106,"column":26},"end":{"line":106,"column":71}},"31":{"start":{"line":108,"column":8},"end":{"line":110,"column":9}},"32":{"start":{"line":109,"column":12},"end":{"line":109,"column":76}},"33":{"start":{"line":112,"column":22},"end":{"line":112,"column":44}},"34":{"start":{"line":114,"column":8},"end":{"line":114,"column":52}},"35":{"start":{"line":116,"column":8},"end":{"line":116,"column":27}},"36":{"start":{"line":117,"column":8},"end":{"line":117,"column":30}},"37":{"start":{"line":121,"column":22},"end":{"line":125,"column":1}},"38":{"start":{"line":122,"column":18},"end":{"line":122,"column":58}},"39":{"start":{"line":124,"column":4},"end":{"line":124,"column":17}}},"fnMap":{"0":{"name":"(anonymous_0)","decl":{"start":{"line":12,"column":26},"end":{"line":12,"column":27}},"loc":{"start":{"line":12,"column":61},"end":{"line":83,"column":1}},"line":12},"1":{"name":"(anonymous_1)","decl":{"start":{"line":85,"column":26},"end":{"line":85,"column":27}},"loc":{"start":{"line":85,"column":61},"end":{"line":119,"column":1}},"line":85},"2":{"name":"(anonymous_2)","decl":{"start":{"line":121,"column":22},"end":{"line":121,"column":23}},"loc":{"start":{"line":121,"column":30},"end":{"line":125,"column":1}},"line":121}},"branchMap":{"0":{"loc":{"start":{"line":21,"column":4},"end":{"line":23,"column":5}},"type":"if","locations":[{"start":{"line":21,"column":4},"end":{"line":23,"column":5}},{"start":{},"end":{}}],"line":21},"1":{"loc":{"start":{"line":36,"column":8},"end":{"line":40,"column":9}},"type":"if","locations":[{"start":{"line":36,"column":8},"end":{"line":40,"column":9}},{"start":{},"end":{}}],"line":36},"2":{"loc":{"start":{"line":69,"column":12},"end":{"line":69,"column":68}},"type":"cond-expr","locations":[{"start":{"line":69,"column":35},"end":{"line":69,"column":41}},{"start":{"line":69,"column":44},"end":{"line":69,"column":68}}],"line":69},"3":{"loc":{"start":{"line":90,"column":4},"end":{"line":92,"column":5}},"type":"if","locations":[{"start":{"line":90,"column":4},"end":{"line":92,"column":5}},{"start":{},"end":{}}],"line":90},"4":{"loc":{"start":{"line":101,"column":8},"end":{"line":103,"column":9}},"type":"if","locations":[{"start":{"line":101,"column":8},"end":{"line":103,"column":9}},{"start":{},"end":{}}],"line":101},"5":{"loc":{"start":{"line":108,"column":8},"end":{"line":110,"column":9}},"type":"if","locations":[{"start":{"line":108,"column":8},"end":{"line":110,"column":9}},{"start":{},"end":{}}],"line":108}},"s":{"0":1,"1":7,"2":7,"3":7,"4":7,"5":0,"6":7,"7":7,"8":7,"9":7,"10":0,"11":7,"12":7,"13":7,"14":7,"15":7,"16":7,"17":7,"18":7,"19":0,"20":0,"21":1,"22":10,"23":10,"24":10,"25":0,"26":10,"27":10,"28":10,"29":0,"30":10,"31":10,"32":0,"33":10,"34":10,"35":0,"36":0,"37":1,"38":17,"39":17},"f":{"0":7,"1":10,"2":17},"b":{"0":[0,7],"1":[0,7],"2":[7,0],"3":[0,10],"4":[0,10],"5":[0,10]},"_coverageSchema":"1a1c01bbd47fc00a2c39e90264f33305004495a9","hash":"43df4aa0c2f788d3466c836d4b217df65715e67d"}
,"/Users/pratikbhandari/Desktop/echo-hybrid/server/controllers/business.controllers.js": {"path":"/Users/pratikbhandari/Desktop/echo-hybrid/server/controllers/business.controllers.js","statementMap":{"0":{"start":{"line":12,"column":32},"end":{"line":109,"column":1}},"1":{"start":{"line":13,"column":17},"end":{"line":13,"column":29}},"2":{"start":{"line":14,"column":25},"end":{"line":14,"column":37}},"3":{"start":{"line":16,"column":21},"end":{"line":16,"column":51}},"4":{"start":{"line":18,"column":4},"end":{"line":20,"column":5}},"5":{"start":{"line":19,"column":8},"end":{"line":19,"column":50}},"6":{"start":{"line":22,"column":4},"end":{"line":108,"column":5}},"7":{"start":{"line":23,"column":22},"end":{"line":32,"column":10}},"8":{"start":{"line":35,"column":8},"end":{"line":39,"column":9}},"9":{"start":{"line":36,"column":12},"end":{"line":38,"column":14}},"10":{"start":{"line":42,"column":8},"end":{"line":49,"column":9}},"11":{"start":{"line":43,"column":12},"end":{"line":48,"column":14}},"12":{"start":{"line":52,"column":8},"end":{"line":59,"column":9}},"13":{"start":{"line":53,"column":12},"end":{"line":58,"column":14}},"14":{"start":{"line":61,"column":8},"end":{"line":68,"column":9}},"15":{"start":{"line":62,"column":12},"end":{"line":67,"column":14}},"16":{"start":{"line":70,"column":35},"end":{"line":70,"column":47}},"17":{"start":{"line":71,"column":8},"end":{"line":71,"column":58}},"18":{"start":{"line":73,"column":32},"end":{"line":80,"column":10}},"19":{"start":{"line":83,"column":26},"end":{"line":87,"column":9}},"20":{"start":{"line":89,"column":36},"end":{"line":101,"column":10}},"21":{"start":{"line":103,"column":8},"end":{"line":105,"column":11}},"22":{"start":{"line":107,"column":8},"end":{"line":107,"column":30}},"23":{"start":{"line":111,"column":34},"end":{"line":145,"column":1}},"24":{"start":{"line":112,"column":17},"end":{"line":112,"column":29}},"25":{"start":{"line":113,"column":21},"end":{"line":113,"column":56}},"26":{"start":{"line":115,"column":4},"end":{"line":125,"column":5}},"27":{"start":{"line":117,"column":30},"end":{"line":117,"column":54}},"28":{"start":{"line":119,"column":8},"end":{"line":123,"column":9}},"29":{"start":{"line":120,"column":12},"end":{"line":122,"column":14}},"30":{"start":{"line":124,"column":8},"end":{"line":124,"column":35}},"31":{"start":{"line":127,"column":4},"end":{"line":144,"column":5}},"32":{"start":{"line":128,"column":25},"end":{"line":135,"column":10}},"33":{"start":{"line":137,"column":8},"end":{"line":139,"column":9}},"34":{"start":{"line":138,"column":12},"end":{"line":138,"column":66}},"35":{"start":{"line":141,"column":8},"end":{"line":141,"column":36}},"36":{"start":{"line":143,"column":8},"end":{"line":143,"column":30}},"37":{"start":{"line":148,"column":43},"end":{"line":222,"column":1}},"38":{"start":{"line":149,"column":21},"end":{"line":149,"column":37}},"39":{"start":{"line":150,"column":19},"end":{"line":150,"column":39}},"40":{"start":{"line":151,"column":22},"end":{"line":151,"column":34}},"41":{"start":{"line":153,"column":21},"end":{"line":153,"column":75}},"42":{"start":{"line":155,"column":4},"end":{"line":157,"column":5}},"43":{"start":{"line":156,"column":8},"end":{"line":156,"column":50}},"44":{"start":{"line":159,"column":4},"end":{"line":163,"column":5}},"45":{"start":{"line":160,"column":8},"end":{"line":162,"column":10}},"46":{"start":{"line":165,"column":4},"end":{"line":172,"column":5}},"47":{"start":{"line":166,"column":8},"end":{"line":171,"column":10}},"48":{"start":{"line":174,"column":20},"end":{"line":174,"column":24}},"49":{"start":{"line":176,"column":4},"end":{"line":195,"column":5}},"50":{"start":{"line":177,"column":8},"end":{"line":184,"column":11}},"51":{"start":{"line":187,"column":8},"end":{"line":194,"column":11}},"52":{"start":{"line":198,"column":27},"end":{"line":198,"column":52}},"53":{"start":{"line":199,"column":20},"end":{"line":199,"column":43}},"54":{"start":{"line":201,"column":8},"end":{"line":205,"column":18}},"55":{"start":{"line":207,"column":4},"end":{"line":207,"column":45}},"56":{"start":{"line":209,"column":4},"end":{"line":221,"column":5}},"57":{"start":{"line":210,"column":8},"end":{"line":210,"column":24}},"58":{"start":{"line":212,"column":8},"end":{"line":216,"column":11}},"59":{"start":{"line":218,"column":8},"end":{"line":218,"column":27}},"60":{"start":{"line":220,"column":8},"end":{"line":220,"column":30}},"61":{"start":{"line":225,"column":36},"end":{"line":297,"column":1}},"62":{"start":{"line":226,"column":21},"end":{"line":226,"column":37}},"63":{"start":{"line":227,"column":19},"end":{"line":227,"column":39}},"64":{"start":{"line":229,"column":21},"end":{"line":229,"column":43}},"65":{"start":{"line":231,"column":4},"end":{"line":233,"column":5}},"66":{"start":{"line":232,"column":8},"end":{"line":232,"column":50}},"67":{"start":{"line":235,"column":4},"end":{"line":296,"column":5}},"68":{"start":{"line":236,"column":8},"end":{"line":246,"column":9}},"69":{"start":{"line":240,"column":12},"end":{"line":245,"column":14}},"70":{"start":{"line":254,"column":30},"end":{"line":254,"column":45}},"71":{"start":{"line":255,"column":29},"end":{"line":260,"column":9}},"72":{"start":{"line":261,"column":28},"end":{"line":264,"column":9}},"73":{"start":{"line":266,"column":12},"end":{"line":266,"column":73}},"74":{"start":{"line":268,"column":8},"end":{"line":270,"column":9}},"75":{"start":{"line":269,"column":12},"end":{"line":269,"column":73}},"76":{"start":{"line":272,"column":8},"end":{"line":292,"column":9}},"77":{"start":{"line":273,"column":36},"end":{"line":280,"column":14}},"78":{"start":{"line":282,"column":12},"end":{"line":284,"column":15}},"79":{"start":{"line":286,"column":12},"end":{"line":291,"column":14}},"80":{"start":{"line":294,"column":8},"end":{"line":294,"column":35}},"81":{"start":{"line":295,"column":8},"end":{"line":295,"column":30}},"82":{"start":{"line":299,"column":30},"end":{"line":336,"column":1}},"83":{"start":{"line":300,"column":21},"end":{"line":300,"column":37}},"84":{"start":{"line":301,"column":23},"end":{"line":301,"column":35}},"85":{"start":{"line":303,"column":4},"end":{"line":310,"column":5}},"86":{"start":{"line":304,"column":8},"end":{"line":309,"column":10}},"87":{"start":{"line":312,"column":21},"end":{"line":312,"column":69}},"88":{"start":{"line":314,"column":4},"end":{"line":316,"column":5}},"89":{"start":{"line":315,"column":8},"end":{"line":315,"column":50}},"90":{"start":{"line":318,"column":4},"end":{"line":335,"column":5}},"91":{"start":{"line":319,"column":37},"end":{"line":319,"column":47}},"92":{"start":{"line":321,"column":32},"end":{"line":330,"column":10}},"93":{"start":{"line":332,"column":8},"end":{"line":332,"column":53}},"94":{"start":{"line":334,"column":8},"end":{"line":334,"column":30}},"95":{"start":{"line":338,"column":30},"end":{"line":368,"column":1}},"96":{"start":{"line":339,"column":17},"end":{"line":339,"column":29}},"97":{"start":{"line":340,"column":21},"end":{"line":340,"column":37}},"98":{"start":{"line":342,"column":4},"end":{"line":346,"column":5}},"99":{"start":{"line":343,"column":8},"end":{"line":345,"column":10}},"100":{"start":{"line":348,"column":4},"end":{"line":367,"column":5}},"101":{"start":{"line":349,"column":8},"end":{"line":360,"column":11}},"102":{"start":{"line":362,"column":8},"end":{"line":364,"column":11}},"103":{"start":{"line":366,"column":8},"end":{"line":366,"column":30}}},"fnMap":{"0":{"name":"(anonymous_0)","decl":{"start":{"line":12,"column":32},"end":{"line":12,"column":33}},"loc":{"start":{"line":12,"column":67},"end":{"line":109,"column":1}},"line":12},"1":{"name":"(anonymous_1)","decl":{"start":{"line":111,"column":34},"end":{"line":111,"column":35}},"loc":{"start":{"line":111,"column":69},"end":{"line":145,"column":1}},"line":111},"2":{"name":"(anonymous_2)","decl":{"start":{"line":148,"column":43},"end":{"line":148,"column":44}},"loc":{"start":{"line":148,"column":78},"end":{"line":222,"column":1}},"line":148},"3":{"name":"(anonymous_3)","decl":{"start":{"line":225,"column":36},"end":{"line":225,"column":37}},"loc":{"start":{"line":225,"column":71},"end":{"line":297,"column":1}},"line":225},"4":{"name":"(anonymous_4)","decl":{"start":{"line":299,"column":30},"end":{"line":299,"column":31}},"loc":{"start":{"line":299,"column":65},"end":{"line":336,"column":1}},"line":299},"5":{"name":"(anonymous_5)","decl":{"start":{"line":338,"column":30},"end":{"line":338,"column":31}},"loc":{"start":{"line":338,"column":65},"end":{"line":368,"column":1}},"line":338}},"branchMap":{"0":{"loc":{"start":{"line":18,"column":4},"end":{"line":20,"column":5}},"type":"if","locations":[{"start":{"line":18,"column":4},"end":{"line":20,"column":5}},{"start":{},"end":{}}],"line":18},"1":{"loc":{"start":{"line":35,"column":8},"end":{"line":39,"column":9}},"type":"if","locations":[{"start":{"line":35,"column":8},"end":{"line":39,"column":9}},{"start":{},"end":{}}],"line":35},"2":{"loc":{"start":{"line":42,"column":8},"end":{"line":49,"column":9}},"type":"if","locations":[{"start":{"line":42,"column":8},"end":{"line":49,"column":9}},{"start":{},"end":{}}],"line":42},"3":{"loc":{"start":{"line":52,"column":8},"end":{"line":59,"column":9}},"type":"if","locations":[{"start":{"line":52,"column":8},"end":{"line":59,"column":9}},{"start":{},"end":{}}],"line":52},"4":{"loc":{"start":{"line":61,"column":8},"end":{"line":68,"column":9}},"type":"if","locations":[{"start":{"line":61,"column":8},"end":{"line":68,"column":9}},{"start":{},"end":{}}],"line":61},"5":{"loc":{"start":{"line":115,"column":4},"end":{"line":125,"column":5}},"type":"if","locations":[{"start":{"line":115,"column":4},"end":{"line":125,"column":5}},{"start":{},"end":{}}],"line":115},"6":{"loc":{"start":{"line":119,"column":8},"end":{"line":123,"column":9}},"type":"if","locations":[{"start":{"line":119,"column":8},"end":{"line":123,"column":9}},{"start":{},"end":{}}],"line":119},"7":{"loc":{"start":{"line":137,"column":8},"end":{"line":139,"column":9}},"type":"if","locations":[{"start":{"line":137,"column":8},"end":{"line":139,"column":9}},{"start":{},"end":{}}],"line":137},"8":{"loc":{"start":{"line":155,"column":4},"end":{"line":157,"column":5}},"type":"if","locations":[{"start":{"line":155,"column":4},"end":{"line":157,"column":5}},{"start":{},"end":{}}],"line":155},"9":{"loc":{"start":{"line":159,"column":4},"end":{"line":163,"column":5}},"type":"if","locations":[{"start":{"line":159,"column":4},"end":{"line":163,"column":5}},{"start":{},"end":{}}],"line":159},"10":{"loc":{"start":{"line":165,"column":4},"end":{"line":172,"column":5}},"type":"if","locations":[{"start":{"line":165,"column":4},"end":{"line":172,"column":5}},{"start":{},"end":{}}],"line":165},"11":{"loc":{"start":{"line":176,"column":4},"end":{"line":195,"column":5}},"type":"if","locations":[{"start":{"line":176,"column":4},"end":{"line":195,"column":5}},{"start":{"line":185,"column":11},"end":{"line":195,"column":5}}],"line":176},"12":{"loc":{"start":{"line":201,"column":8},"end":{"line":205,"column":18}},"type":"cond-expr","locations":[{"start":{"line":202,"column":14},"end":{"line":202,"column":135}},{"start":{"line":203,"column":14},"end":{"line":205,"column":18}}],"line":201},"13":{"loc":{"start":{"line":214,"column":16},"end":{"line":214,"column":78}},"type":"cond-expr","locations":[{"start":{"line":214,"column":38},"end":{"line":214,"column":48}},{"start":{"line":214,"column":51},"end":{"line":214,"column":78}}],"line":214},"14":{"loc":{"start":{"line":231,"column":4},"end":{"line":233,"column":5}},"type":"if","locations":[{"start":{"line":231,"column":4},"end":{"line":233,"column":5}},{"start":{},"end":{}}],"line":231},"15":{"loc":{"start":{"line":236,"column":8},"end":{"line":246,"column":9}},"type":"if","locations":[{"start":{"line":236,"column":8},"end":{"line":246,"column":9}},{"start":{},"end":{}}],"line":236},"16":{"loc":{"start":{"line":237,"column":12},"end":{"line":238,"column":33}},"type":"binary-expr","locations":[{"start":{"line":237,"column":12},"end":{"line":237,"column":53}},{"start":{"line":238,"column":12},"end":{"line":238,"column":33}}],"line":237},"17":{"loc":{"start":{"line":256,"column":19},"end":{"line":256,"column":71}},"type":"binary-expr","locations":[{"start":{"line":256,"column":19},"end":{"line":256,"column":47}},{"start":{"line":256,"column":51},"end":{"line":256,"column":71}}],"line":256},"18":{"loc":{"start":{"line":258,"column":16},"end":{"line":259,"column":64}},"type":"binary-expr","locations":[{"start":{"line":258,"column":16},"end":{"line":258,"column":43}},{"start":{"line":259,"column":17},"end":{"line":259,"column":38}},{"start":{"line":259,"column":42},"end":{"line":259,"column":63}}],"line":258},"19":{"loc":{"start":{"line":266,"column":12},"end":{"line":266,"column":73}},"type":"cond-expr","locations":[{"start":{"line":266,"column":56},"end":{"line":266,"column":63}},{"start":{"line":266,"column":66},"end":{"line":266,"column":73}}],"line":266},"20":{"loc":{"start":{"line":268,"column":8},"end":{"line":270,"column":9}},"type":"if","locations":[{"start":{"line":268,"column":8},"end":{"line":270,"column":9}},{"start":{},"end":{}}],"line":268},"21":{"loc":{"start":{"line":268,"column":12},"end":{"line":268,"column":53}},"type":"binary-expr","locations":[{"start":{"line":268,"column":12},"end":{"line":268,"column":28}},{"start":{"line":268,"column":32},"end":{"line":268,"column":53}}],"line":268},"22":{"loc":{"start":{"line":272,"column":8},"end":{"line":292,"column":9}},"type":"if","locations":[{"start":{"line":272,"column":8},"end":{"line":292,"column":9}},{"start":{"line":285,"column":15},"end":{"line":292,"column":9}}],"line":272},"23":{"loc":{"start":{"line":303,"column":4},"end":{"line":310,"column":5}},"type":"if","locations":[{"start":{"line":303,"column":4},"end":{"line":310,"column":5}},{"start":{},"end":{}}],"line":303},"24":{"loc":{"start":{"line":314,"column":4},"end":{"line":316,"column":5}},"type":"if","locations":[{"start":{"line":314,"column":4},"end":{"line":316,"column":5}},{"start":{},"end":{}}],"line":314},"25":{"loc":{"start":{"line":326,"column":22},"end":{"line":326,"column":43}},"type":"binary-expr","locations":[{"start":{"line":326,"column":22},"end":{"line":326,"column":26}},{"start":{"line":326,"column":30},"end":{"line":326,"column":43}}],"line":326},"26":{"loc":{"start":{"line":327,"column":21},"end":{"line":327,"column":40}},"type":"binary-expr","locations":[{"start":{"line":327,"column":21},"end":{"line":327,"column":24}},{"start":{"line":327,"column":28},"end":{"line":327,"column":40}}],"line":327},"27":{"loc":{"start":{"line":328,"column":23},"end":{"line":328,"column":46}},"type":"binary-expr","locations":[{"start":{"line":328,"column":23},"end":{"line":328,"column":28}},{"start":{"line":328,"column":32},"end":{"line":328,"column":46}}],"line":328},"28":{"loc":{"start":{"line":342,"column":4},"end":{"line":346,"column":5}},"type":"if","locations":[{"start":{"line":342,"column":4},"end":{"line":346,"column":5}},{"start":{},"end":{}}],"line":342}},"s":{"0":1,"1":0,"2":0,"3":0,"4":0,"5":0,"6":0,"7":0,"8":0,"9":0,"10":0,"11":0,"12":0,"13":0,"14":0,"15":0,"16":0,"17":0,"18":0,"19":0,"20":0,"21":0,"22":0,"23":1,"24":0,"25":0,"26":0,"27":0,"28":0,"29":0,"30":0,"31":0,"32":0,"33":0,"34":0,"35":0,"36":0,"37":1,"38":0,"39":0,"40":0,"41":0,"42":0,"43":0,"44":0,"45":0,"46":0,"47":0,"48":0,"49":0,"50":0,"51":0,"52":0,"53":0,"54":0,"55":0,"56":0,"57":0,"58":0,"59":0,"60":0,"61":1,"62":0,"63":0,"64":0,"65":0,"66":0,"67":0,"68":0,"69":0,"70":0,"71":0,"72":0,"73":0,"74":0,"75":0,"76":0,"77":0,"78":0,"79":0,"80":0,"81":0,"82":1,"83":0,"84":0,"85":0,"86":0,"87":0,"88":0,"89":0,"90":0,"91":0,"92":0,"93":0,"94":0,"95":1,"96":0,"97":0,"98":0,"99":0,"100":0,"101":0,"102":0,"103":0},"f":{"0":0,"1":0,"2":0,"3":0,"4":0,"5":0},"b":{"0":[0,0],"1":[0,0],"2":[0,0],"3":[0,0],"4":[0,0],"5":[0,0],"6":[0,0],"7":[0,0],"8":[0,0],"9":[0,0],"10":[0,0],"11":[0,0],"12":[0,0],"13":[0,0],"14":[0,0],"15":[0,0],"16":[0,0],"17":[0,0],"18":[0,0,0],"19":[0,0],"20":[0,0],"21":[0,0],"22":[0,0],"23":[0,0],"24":[0,0],"25":[0,0],"26":[0,0],"27":[0,0],"28":[0,0]},"_coverageSchema":"1a1c01bbd47fc00a2c39e90264f33305004495a9","hash":"f0f481ef1a9950e1f1abe284864d48c390dc28af"}
,"/Users/pratikbhandari/Desktop/echo-hybrid/server/controllers/cart.controllers.js": {"path":"/Users/pratikbhandari/Desktop/echo-hybrid/server/controllers/cart.controllers.js","statementMap":{"0":{"start":{"line":6,"column":30},"end":{"line":25,"column":1}},"1":{"start":{"line":7,"column":17},"end":{"line":7,"column":29}},"2":{"start":{"line":8,"column":21},"end":{"line":10,"column":5}},"3":{"start":{"line":12,"column":4},"end":{"line":24,"column":5}},"4":{"start":{"line":13,"column":21},"end":{"line":19,"column":10}},"5":{"start":{"line":21,"column":8},"end":{"line":21,"column":50}},"6":{"start":{"line":23,"column":8},"end":{"line":23,"column":30}},"7":{"start":{"line":27,"column":27},"end":{"line":203,"column":1}},"8":{"start":{"line":31,"column":17},"end":{"line":31,"column":29}},"9":{"start":{"line":32,"column":15},"end":{"line":32,"column":24}},"10":{"start":{"line":33,"column":22},"end":{"line":33,"column":61}},"11":{"start":{"line":34,"column":19},"end":{"line":34,"column":21}},"12":{"start":{"line":36,"column":4},"end":{"line":46,"column":5}},"13":{"start":{"line":37,"column":8},"end":{"line":45,"column":9}},"14":{"start":{"line":38,"column":12},"end":{"line":42,"column":15}},"15":{"start":{"line":44,"column":12},"end":{"line":44,"column":41}},"16":{"start":{"line":48,"column":4},"end":{"line":202,"column":5}},"17":{"start":{"line":49,"column":38},"end":{"line":49,"column":50}},"18":{"start":{"line":50,"column":8},"end":{"line":50,"column":38}},"19":{"start":{"line":52,"column":24},"end":{"line":74,"column":10}},"20":{"start":{"line":76,"column":8},"end":{"line":78,"column":9}},"21":{"start":{"line":77,"column":12},"end":{"line":77,"column":65}},"22":{"start":{"line":80,"column":8},"end":{"line":82,"column":9}},"23":{"start":{"line":81,"column":12},"end":{"line":81,"column":75}},"24":{"start":{"line":85,"column":8},"end":{"line":88,"column":10}},"25":{"start":{"line":90,"column":62},"end":{"line":90,"column":69}},"26":{"start":{"line":92,"column":8},"end":{"line":198,"column":9}},"27":{"start":{"line":94,"column":12},"end":{"line":101,"column":13}},"28":{"start":{"line":95,"column":16},"end":{"line":100,"column":18}},"29":{"start":{"line":103,"column":29},"end":{"line":108,"column":14}},"30":{"start":{"line":110,"column":12},"end":{"line":110,"column":46}},"31":{"start":{"line":113,"column":12},"end":{"line":117,"column":13}},"32":{"start":{"line":114,"column":16},"end":{"line":116,"column":18}},"33":{"start":{"line":120,"column":27},"end":{"line":123,"column":13}},"34":{"start":{"line":125,"column":12},"end":{"line":127,"column":13}},"35":{"start":{"line":126,"column":16},"end":{"line":126,"column":58}},"36":{"start":{"line":131,"column":12},"end":{"line":150,"column":13}},"37":{"start":{"line":133,"column":16},"end":{"line":135,"column":18}},"38":{"start":{"line":134,"column":33},"end":{"line":134,"column":57}},"39":{"start":{"line":137,"column":16},"end":{"line":139,"column":17}},"40":{"start":{"line":138,"column":20},"end":{"line":138,"column":73}},"41":{"start":{"line":142,"column":16},"end":{"line":144,"column":17}},"42":{"start":{"line":143,"column":20},"end":{"line":143,"column":58}},"43":{"start":{"line":147,"column":16},"end":{"line":149,"column":17}},"44":{"start":{"line":148,"column":20},"end":{"line":148,"column":56}},"45":{"start":{"line":153,"column":12},"end":{"line":153,"column":41}},"46":{"start":{"line":155,"column":12},"end":{"line":157,"column":13}},"47":{"start":{"line":156,"column":16},"end":{"line":156,"column":43}},"48":{"start":{"line":163,"column":12},"end":{"line":172,"column":13}},"49":{"start":{"line":164,"column":16},"end":{"line":164,"column":63}},"50":{"start":{"line":167,"column":16},"end":{"line":171,"column":18}},"51":{"start":{"line":169,"column":24},"end":{"line":170,"column":58}},"52":{"start":{"line":174,"column":12},"end":{"line":195,"column":13}},"53":{"start":{"line":175,"column":16},"end":{"line":187,"column":19}},"54":{"start":{"line":189,"column":16},"end":{"line":194,"column":19}},"55":{"start":{"line":197,"column":12},"end":{"line":197,"column":47}},"56":{"start":{"line":200,"column":8},"end":{"line":200,"column":27}},"57":{"start":{"line":201,"column":8},"end":{"line":201,"column":37}},"58":{"start":{"line":205,"column":28},"end":{"line":264,"column":1}},"59":{"start":{"line":206,"column":17},"end":{"line":206,"column":29}},"60":{"start":{"line":207,"column":15},"end":{"line":207,"column":24}},"61":{"start":{"line":209,"column":4},"end":{"line":263,"column":5}},"62":{"start":{"line":210,"column":8},"end":{"line":223,"column":9}},"63":{"start":{"line":211,"column":12},"end":{"line":222,"column":13}},"64":{"start":{"line":212,"column":16},"end":{"line":216,"column":19}},"65":{"start":{"line":218,"column":16},"end":{"line":218,"column":45}},"66":{"start":{"line":220,"column":16},"end":{"line":220,"column":35}},"67":{"start":{"line":221,"column":16},"end":{"line":221,"column":45}},"68":{"start":{"line":225,"column":26},"end":{"line":257,"column":10}},"69":{"start":{"line":259,"column":8},"end":{"line":259,"column":44}},"70":{"start":{"line":261,"column":8},"end":{"line":261,"column":27}},"71":{"start":{"line":262,"column":8},"end":{"line":262,"column":30}},"72":{"start":{"line":266,"column":30},"end":{"line":291,"column":1}},"73":{"start":{"line":267,"column":17},"end":{"line":267,"column":34}},"74":{"start":{"line":268,"column":19},"end":{"line":268,"column":55}},"75":{"start":{"line":270,"column":4},"end":{"line":272,"column":5}},"76":{"start":{"line":271,"column":8},"end":{"line":271,"column":75}},"77":{"start":{"line":274,"column":4},"end":{"line":278,"column":5}},"78":{"start":{"line":274,"column":35},"end":{"line":274,"column":53}},"79":{"start":{"line":275,"column":8},"end":{"line":277,"column":10}},"80":{"start":{"line":280,"column":4},"end":{"line":290,"column":5}},"81":{"start":{"line":281,"column":8},"end":{"line":285,"column":11}},"82":{"start":{"line":287,"column":8},"end":{"line":287,"column":65}},"83":{"start":{"line":289,"column":8},"end":{"line":289,"column":30}},"84":{"start":{"line":293,"column":33},"end":{"line":354,"column":1}},"85":{"start":{"line":295,"column":22},"end":{"line":295,"column":45}},"86":{"start":{"line":297,"column":4},"end":{"line":301,"column":5}},"87":{"start":{"line":298,"column":8},"end":{"line":300,"column":10}},"88":{"start":{"line":303,"column":22},"end":{"line":303,"column":24}},"89":{"start":{"line":305,"column":4},"end":{"line":349,"column":7}},"90":{"start":{"line":306,"column":74},"end":{"line":306,"column":78}},"91":{"start":{"line":307,"column":23},"end":{"line":307,"column":27}},"92":{"start":{"line":309,"column":8},"end":{"line":344,"column":9}},"93":{"start":{"line":310,"column":12},"end":{"line":316,"column":13}},"94":{"start":{"line":312,"column":16},"end":{"line":315,"column":18}},"95":{"start":{"line":318,"column":12},"end":{"line":343,"column":13}},"96":{"start":{"line":320,"column":16},"end":{"line":322,"column":18}},"97":{"start":{"line":323,"column":19},"end":{"line":343,"column":13}},"98":{"start":{"line":325,"column":39},"end":{"line":327,"column":17}},"99":{"start":{"line":326,"column":33},"end":{"line":326,"column":62}},"100":{"start":{"line":329,"column":16},"end":{"line":333,"column":17}},"101":{"start":{"line":330,"column":20},"end":{"line":332,"column":22}},"102":{"start":{"line":336,"column":40},"end":{"line":336,"column":62}},"103":{"start":{"line":338,"column":16},"end":{"line":342,"column":17}},"104":{"start":{"line":339,"column":20},"end":{"line":341,"column":22}},"105":{"start":{"line":346,"column":8},"end":{"line":348,"column":9}},"106":{"start":{"line":347,"column":12},"end":{"line":347,"column":59}},"107":{"start":{"line":351,"column":4},"end":{"line":353,"column":7}}},"fnMap":{"0":{"name":"(anonymous_0)","decl":{"start":{"line":6,"column":30},"end":{"line":6,"column":31}},"loc":{"start":{"line":6,"column":65},"end":{"line":25,"column":1}},"line":6},"1":{"name":"(anonymous_1)","decl":{"start":{"line":27,"column":27},"end":{"line":27,"column":28}},"loc":{"start":{"line":27,"column":62},"end":{"line":203,"column":1}},"line":27},"2":{"name":"(anonymous_2)","decl":{"start":{"line":134,"column":20},"end":{"line":134,"column":21}},"loc":{"start":{"line":134,"column":33},"end":{"line":134,"column":57}},"line":134},"3":{"name":"(anonymous_3)","decl":{"start":{"line":168,"column":20},"end":{"line":168,"column":21}},"loc":{"start":{"line":169,"column":24},"end":{"line":170,"column":58}},"line":169},"4":{"name":"(anonymous_4)","decl":{"start":{"line":205,"column":28},"end":{"line":205,"column":29}},"loc":{"start":{"line":205,"column":63},"end":{"line":264,"column":1}},"line":205},"5":{"name":"(anonymous_5)","decl":{"start":{"line":266,"column":30},"end":{"line":266,"column":31}},"loc":{"start":{"line":266,"column":65},"end":{"line":291,"column":1}},"line":266},"6":{"name":"(anonymous_6)","decl":{"start":{"line":274,"column":25},"end":{"line":274,"column":26}},"loc":{"start":{"line":274,"column":35},"end":{"line":274,"column":53}},"line":274},"7":{"name":"(anonymous_7)","decl":{"start":{"line":293,"column":33},"end":{"line":293,"column":34}},"loc":{"start":{"line":293,"column":68},"end":{"line":354,"column":1}},"line":293},"8":{"name":"(anonymous_8)","decl":{"start":{"line":305,"column":22},"end":{"line":305,"column":23}},"loc":{"start":{"line":305,"column":32},"end":{"line":349,"column":5}},"line":305},"9":{"name":"(anonymous_9)","decl":{"start":{"line":326,"column":20},"end":{"line":326,"column":21}},"loc":{"start":{"line":326,"column":33},"end":{"line":326,"column":62}},"line":326}},"branchMap":{"0":{"loc":{"start":{"line":33,"column":22},"end":{"line":33,"column":61}},"type":"binary-expr","locations":[{"start":{"line":33,"column":22},"end":{"line":33,"column":56}},{"start":{"line":33,"column":60},"end":{"line":33,"column":61}}],"line":33},"1":{"loc":{"start":{"line":36,"column":4},"end":{"line":46,"column":5}},"type":"if","locations":[{"start":{"line":36,"column":4},"end":{"line":46,"column":5}},{"start":{},"end":{}}],"line":36},"2":{"loc":{"start":{"line":76,"column":8},"end":{"line":78,"column":9}},"type":"if","locations":[{"start":{"line":76,"column":8},"end":{"line":78,"column":9}},{"start":{},"end":{}}],"line":76},"3":{"loc":{"start":{"line":80,"column":8},"end":{"line":82,"column":9}},"type":"if","locations":[{"start":{"line":80,"column":8},"end":{"line":82,"column":9}},{"start":{},"end":{}}],"line":80},"4":{"loc":{"start":{"line":92,"column":8},"end":{"line":198,"column":9}},"type":"if","locations":[{"start":{"line":92,"column":8},"end":{"line":198,"column":9}},{"start":{"line":111,"column":15},"end":{"line":198,"column":9}}],"line":92},"5":{"loc":{"start":{"line":94,"column":12},"end":{"line":101,"column":13}},"type":"if","locations":[{"start":{"line":94,"column":12},"end":{"line":101,"column":13}},{"start":{},"end":{}}],"line":94},"6":{"loc":{"start":{"line":113,"column":12},"end":{"line":117,"column":13}},"type":"if","locations":[{"start":{"line":113,"column":12},"end":{"line":117,"column":13}},{"start":{},"end":{}}],"line":113},"7":{"loc":{"start":{"line":125,"column":12},"end":{"line":127,"column":13}},"type":"if","locations":[{"start":{"line":125,"column":12},"end":{"line":127,"column":13}},{"start":{},"end":{}}],"line":125},"8":{"loc":{"start":{"line":131,"column":12},"end":{"line":150,"column":13}},"type":"if","locations":[{"start":{"line":131,"column":12},"end":{"line":150,"column":13}},{"start":{"line":145,"column":19},"end":{"line":150,"column":13}}],"line":131},"9":{"loc":{"start":{"line":137,"column":16},"end":{"line":139,"column":17}},"type":"if","locations":[{"start":{"line":137,"column":16},"end":{"line":139,"column":17}},{"start":{},"end":{}}],"line":137},"10":{"loc":{"start":{"line":142,"column":16},"end":{"line":144,"column":17}},"type":"if","locations":[{"start":{"line":142,"column":16},"end":{"line":144,"column":17}},{"start":{},"end":{}}],"line":142},"11":{"loc":{"start":{"line":147,"column":16},"end":{"line":149,"column":17}},"type":"if","locations":[{"start":{"line":147,"column":16},"end":{"line":149,"column":17}},{"start":{},"end":{}}],"line":147},"12":{"loc":{"start":{"line":155,"column":12},"end":{"line":157,"column":13}},"type":"if","locations":[{"start":{"line":155,"column":12},"end":{"line":157,"column":13}},{"start":{},"end":{}}],"line":155},"13":{"loc":{"start":{"line":163,"column":12},"end":{"line":172,"column":13}},"type":"if","locations":[{"start":{"line":163,"column":12},"end":{"line":172,"column":13}},{"start":{"line":165,"column":19},"end":{"line":172,"column":13}}],"line":163},"14":{"loc":{"start":{"line":169,"column":24},"end":{"line":170,"column":58}},"type":"binary-expr","locations":[{"start":{"line":169,"column":24},"end":{"line":169,"column":51}},{"start":{"line":170,"column":24},"end":{"line":170,"column":58}}],"line":169},"15":{"loc":{"start":{"line":174,"column":12},"end":{"line":195,"column":13}},"type":"if","locations":[{"start":{"line":174,"column":12},"end":{"line":195,"column":13}},{"start":{"line":188,"column":19},"end":{"line":195,"column":13}}],"line":174},"16":{"loc":{"start":{"line":210,"column":8},"end":{"line":223,"column":9}},"type":"if","locations":[{"start":{"line":210,"column":8},"end":{"line":223,"column":9}},{"start":{},"end":{}}],"line":210},"17":{"loc":{"start":{"line":268,"column":19},"end":{"line":268,"column":55}},"type":"binary-expr","locations":[{"start":{"line":268,"column":19},"end":{"line":268,"column":50}},{"start":{"line":268,"column":54},"end":{"line":268,"column":55}}],"line":268},"18":{"loc":{"start":{"line":270,"column":4},"end":{"line":272,"column":5}},"type":"if","locations":[{"start":{"line":270,"column":4},"end":{"line":272,"column":5}},{"start":{},"end":{}}],"line":270},"19":{"loc":{"start":{"line":274,"column":4},"end":{"line":278,"column":5}},"type":"if","locations":[{"start":{"line":274,"column":4},"end":{"line":278,"column":5}},{"start":{},"end":{}}],"line":274},"20":{"loc":{"start":{"line":297,"column":4},"end":{"line":301,"column":5}},"type":"if","locations":[{"start":{"line":297,"column":4},"end":{"line":301,"column":5}},{"start":{},"end":{}}],"line":297},"21":{"loc":{"start":{"line":309,"column":8},"end":{"line":344,"column":9}},"type":"if","locations":[{"start":{"line":309,"column":8},"end":{"line":344,"column":9}},{"start":{"line":317,"column":15},"end":{"line":344,"column":9}}],"line":309},"22":{"loc":{"start":{"line":310,"column":12},"end":{"line":316,"column":13}},"type":"if","locations":[{"start":{"line":310,"column":12},"end":{"line":316,"column":13}},{"start":{},"end":{}}],"line":310},"23":{"loc":{"start":{"line":318,"column":12},"end":{"line":343,"column":13}},"type":"if","locations":[{"start":{"line":318,"column":12},"end":{"line":343,"column":13}},{"start":{"line":323,"column":19},"end":{"line":343,"column":13}}],"line":318},"24":{"loc":{"start":{"line":323,"column":19},"end":{"line":343,"column":13}},"type":"if","locations":[{"start":{"line":323,"column":19},"end":{"line":343,"column":13}},{"start":{"line":334,"column":19},"end":{"line":343,"column":13}}],"line":323},"25":{"loc":{"start":{"line":329,"column":16},"end":{"line":333,"column":17}},"type":"if","locations":[{"start":{"line":329,"column":16},"end":{"line":333,"column":17}},{"start":{},"end":{}}],"line":329},"26":{"loc":{"start":{"line":338,"column":16},"end":{"line":342,"column":17}},"type":"if","locations":[{"start":{"line":338,"column":16},"end":{"line":342,"column":17}},{"start":{},"end":{}}],"line":338},"27":{"loc":{"start":{"line":346,"column":8},"end":{"line":348,"column":9}},"type":"if","locations":[{"start":{"line":346,"column":8},"end":{"line":348,"column":9}},{"start":{},"end":{}}],"line":346}},"s":{"0":1,"1":0,"2":0,"3":0,"4":0,"5":0,"6":0,"7":1,"8":0,"9":0,"10":0,"11":0,"12":0,"13":0,"14":0,"15":0,"16":0,"17":0,"18":0,"19":0,"20":0,"21":0,"22":0,"23":0,"24":0,"25":0,"26":0,"27":0,"28":0,"29":0,"30":0,"31":0,"32":0,"33":0,"34":0,"35":0,"36":0,"37":0,"38":0,"39":0,"40":0,"41":0,"42":0,"43":0,"44":0,"45":0,"46":0,"47":0,"48":0,"49":0,"50":0,"51":0,"52":0,"53":0,"54":0,"55":0,"56":0,"57":0,"58":1,"59":0,"60":0,"61":0,"62":0,"63":0,"64":0,"65":0,"66":0,"67":0,"68":0,"69":0,"70":0,"71":0,"72":1,"73":0,"74":0,"75":0,"76":0,"77":0,"78":0,"79":0,"80":0,"81":0,"82":0,"83":0,"84":1,"85":0,"86":0,"87":0,"88":0,"89":0,"90":0,"91":0,"92":0,"93":0,"94":0,"95":0,"96":0,"97":0,"98":0,"99":0,"100":0,"101":0,"102":0,"103":0,"104":0,"105":0,"106":0,"107":0},"f":{"0":0,"1":0,"2":0,"3":0,"4":0,"5":0,"6":0,"7":0,"8":0,"9":0},"b":{"0":[0,0],"1":[0,0],"2":[0,0],"3":[0,0],"4":[0,0],"5":[0,0],"6":[0,0],"7":[0,0],"8":[0,0],"9":[0,0],"10":[0,0],"11":[0,0],"12":[0,0],"13":[0,0],"14":[0,0],"15":[0,0],"16":[0,0],"17":[0,0],"18":[0,0],"19":[0,0],"20":[0,0],"21":[0,0],"22":[0,0],"23":[0,0],"24":[0,0],"25":[0,0],"26":[0,0],"27":[0,0]},"_coverageSchema":"1a1c01bbd47fc00a2c39e90264f33305004495a9","hash":"0ae6b26fc2eeb49e3d2709e79888d6b3a6fd3603"}
,"/Users/pratikbhandari/Desktop/echo-hybrid/server/controllers/category.controllers.js": {"path":"/Users/pratikbhandari/Desktop/echo-hybrid/server/controllers/category.controllers.js","statementMap":{"0":{"start":{"line":9,"column":29},"end":{"line":36,"column":1}},"1":{"start":{"line":10,"column":27},"end":{"line":10,"column":39}},"2":{"start":{"line":12,"column":21},"end":{"line":12,"column":51}},"3":{"start":{"line":14,"column":4},"end":{"line":16,"column":5}},"4":{"start":{"line":15,"column":8},"end":{"line":15,"column":50}},"5":{"start":{"line":18,"column":4},"end":{"line":35,"column":5}},"6":{"start":{"line":19,"column":8},"end":{"line":21,"column":11}},"7":{"start":{"line":23,"column":8},"end":{"line":23,"column":38}},"8":{"start":{"line":25,"column":8},"end":{"line":32,"column":9}},"9":{"start":{"line":26,"column":12},"end":{"line":31,"column":14}},"10":{"start":{"line":34,"column":8},"end":{"line":34,"column":30}},"11":{"start":{"line":38,"column":29},"end":{"line":59,"column":1}},"12":{"start":{"line":39,"column":4},"end":{"line":58,"column":5}},"13":{"start":{"line":40,"column":27},"end":{"line":53,"column":10}},"14":{"start":{"line":55,"column":8},"end":{"line":55,"column":38}},"15":{"start":{"line":57,"column":8},"end":{"line":57,"column":30}},"16":{"start":{"line":61,"column":31},"end":{"line":108,"column":1}},"17":{"start":{"line":62,"column":17},"end":{"line":62,"column":29}},"18":{"start":{"line":63,"column":15},"end":{"line":63,"column":33}},"19":{"start":{"line":65,"column":21},"end":{"line":65,"column":47}},"20":{"start":{"line":67,"column":4},"end":{"line":69,"column":5}},"21":{"start":{"line":68,"column":8},"end":{"line":68,"column":50}},"22":{"start":{"line":71,"column":4},"end":{"line":107,"column":5}},"23":{"start":{"line":72,"column":8},"end":{"line":72,"column":41}},"24":{"start":{"line":74,"column":60},"end":{"line":85,"column":10}},"25":{"start":{"line":87,"column":8},"end":{"line":89,"column":9}},"26":{"start":{"line":88,"column":12},"end":{"line":88,"column":76}},"27":{"start":{"line":91,"column":8},"end":{"line":95,"column":9}},"28":{"start":{"line":92,"column":12},"end":{"line":94,"column":14}},"29":{"start":{"line":97,"column":8},"end":{"line":102,"column":11}},"30":{"start":{"line":104,"column":8},"end":{"line":104,"column":66}},"31":{"start":{"line":106,"column":8},"end":{"line":106,"column":30}},"32":{"start":{"line":110,"column":38},"end":{"line":149,"column":1}},"33":{"start":{"line":111,"column":17},"end":{"line":111,"column":35}},"34":{"start":{"line":112,"column":19},"end":{"line":112,"column":39}},"35":{"start":{"line":114,"column":4},"end":{"line":116,"column":5}},"36":{"start":{"line":115,"column":8},"end":{"line":115,"column":61}},"37":{"start":{"line":118,"column":21},"end":{"line":118,"column":47}},"38":{"start":{"line":120,"column":4},"end":{"line":122,"column":5}},"39":{"start":{"line":121,"column":8},"end":{"line":121,"column":50}},"40":{"start":{"line":124,"column":4},"end":{"line":148,"column":5}},"41":{"start":{"line":125,"column":8},"end":{"line":129,"column":11}},"42":{"start":{"line":131,"column":8},"end":{"line":137,"column":9}},"43":{"start":{"line":132,"column":12},"end":{"line":136,"column":15}},"44":{"start":{"line":139,"column":8},"end":{"line":139,"column":80}},"45":{"start":{"line":141,"column":8},"end":{"line":141,"column":65}},"46":{"start":{"line":143,"column":8},"end":{"line":145,"column":9}},"47":{"start":{"line":144,"column":12},"end":{"line":144,"column":76}},"48":{"start":{"line":147,"column":8},"end":{"line":147,"column":30}},"49":{"start":{"line":151,"column":30},"end":{"line":193,"column":1}},"50":{"start":{"line":152,"column":17},"end":{"line":152,"column":44}},"51":{"start":{"line":154,"column":4},"end":{"line":192,"column":5}},"52":{"start":{"line":155,"column":25},"end":{"line":166,"column":10}},"53":{"start":{"line":168,"column":8},"end":{"line":170,"column":9}},"54":{"start":{"line":169,"column":12},"end":{"line":169,"column":66}},"55":{"start":{"line":172,"column":8},"end":{"line":179,"column":9}},"56":{"start":{"line":173,"column":12},"end":{"line":178,"column":14}},"57":{"start":{"line":181,"column":8},"end":{"line":185,"column":11}},"58":{"start":{"line":187,"column":8},"end":{"line":189,"column":11}},"59":{"start":{"line":191,"column":8},"end":{"line":191,"column":30}}},"fnMap":{"0":{"name":"(anonymous_0)","decl":{"start":{"line":9,"column":29},"end":{"line":9,"column":30}},"loc":{"start":{"line":9,"column":64},"end":{"line":36,"column":1}},"line":9},"1":{"name":"(anonymous_1)","decl":{"start":{"line":38,"column":29},"end":{"line":38,"column":30}},"loc":{"start":{"line":38,"column":64},"end":{"line":59,"column":1}},"line":38},"2":{"name":"(anonymous_2)","decl":{"start":{"line":61,"column":31},"end":{"line":61,"column":32}},"loc":{"start":{"line":61,"column":66},"end":{"line":108,"column":1}},"line":61},"3":{"name":"(anonymous_3)","decl":{"start":{"line":110,"column":38},"end":{"line":110,"column":39}},"loc":{"start":{"line":110,"column":73},"end":{"line":149,"column":1}},"line":110},"4":{"name":"(anonymous_4)","decl":{"start":{"line":151,"column":30},"end":{"line":151,"column":31}},"loc":{"start":{"line":151,"column":65},"end":{"line":193,"column":1}},"line":151}},"branchMap":{"0":{"loc":{"start":{"line":14,"column":4},"end":{"line":16,"column":5}},"type":"if","locations":[{"start":{"line":14,"column":4},"end":{"line":16,"column":5}},{"start":{},"end":{}}],"line":14},"1":{"loc":{"start":{"line":25,"column":8},"end":{"line":32,"column":9}},"type":"if","locations":[{"start":{"line":25,"column":8},"end":{"line":32,"column":9}},{"start":{},"end":{}}],"line":25},"2":{"loc":{"start":{"line":67,"column":4},"end":{"line":69,"column":5}},"type":"if","locations":[{"start":{"line":67,"column":4},"end":{"line":69,"column":5}},{"start":{},"end":{}}],"line":67},"3":{"loc":{"start":{"line":87,"column":8},"end":{"line":89,"column":9}},"type":"if","locations":[{"start":{"line":87,"column":8},"end":{"line":89,"column":9}},{"start":{},"end":{}}],"line":87},"4":{"loc":{"start":{"line":91,"column":8},"end":{"line":95,"column":9}},"type":"if","locations":[{"start":{"line":91,"column":8},"end":{"line":95,"column":9}},{"start":{},"end":{}}],"line":91},"5":{"loc":{"start":{"line":114,"column":4},"end":{"line":116,"column":5}},"type":"if","locations":[{"start":{"line":114,"column":4},"end":{"line":116,"column":5}},{"start":{},"end":{}}],"line":114},"6":{"loc":{"start":{"line":114,"column":8},"end":{"line":114,"column":50}},"type":"binary-expr","locations":[{"start":{"line":114,"column":8},"end":{"line":114,"column":27}},{"start":{"line":114,"column":31},"end":{"line":114,"column":50}}],"line":114},"7":{"loc":{"start":{"line":120,"column":4},"end":{"line":122,"column":5}},"type":"if","locations":[{"start":{"line":120,"column":4},"end":{"line":122,"column":5}},{"start":{},"end":{}}],"line":120},"8":{"loc":{"start":{"line":131,"column":8},"end":{"line":137,"column":9}},"type":"if","locations":[{"start":{"line":131,"column":8},"end":{"line":137,"column":9}},{"start":{},"end":{}}],"line":131},"9":{"loc":{"start":{"line":143,"column":8},"end":{"line":145,"column":9}},"type":"if","locations":[{"start":{"line":143,"column":8},"end":{"line":145,"column":9}},{"start":{},"end":{}}],"line":143},"10":{"loc":{"start":{"line":168,"column":8},"end":{"line":170,"column":9}},"type":"if","locations":[{"start":{"line":168,"column":8},"end":{"line":170,"column":9}},{"start":{},"end":{}}],"line":168},"11":{"loc":{"start":{"line":172,"column":8},"end":{"line":179,"column":9}},"type":"if","locations":[{"start":{"line":172,"column":8},"end":{"line":179,"column":9}},{"start":{},"end":{}}],"line":172}},"s":{"0":1,"1":0,"2":0,"3":0,"4":0,"5":0,"6":0,"7":0,"8":0,"9":0,"10":0,"11":1,"12":0,"13":0,"14":0,"15":0,"16":1,"17":0,"18":0,"19":0,"20":0,"21":0,"22":0,"23":0,"24":0,"25":0,"26":0,"27":0,"28":0,"29":0,"30":0,"31":0,"32":1,"33":0,"34":0,"35":0,"36":0,"37":0,"38":0,"39":0,"40":0,"41":0,"42":0,"43":0,"44":0,"45":0,"46":0,"47":0,"48":0,"49":1,"50":0,"51":0,"52":0,"53":0,"54":0,"55":0,"56":0,"57":0,"58":0,"59":0},"f":{"0":0,"1":0,"2":0,"3":0,"4":0},"b":{"0":[0,0],"1":[0,0],"2":[0,0],"3":[0,0],"4":[0,0],"5":[0,0],"6":[0,0],"7":[0,0],"8":[0,0],"9":[0,0],"10":[0,0],"11":[0,0]},"_coverageSchema":"1a1c01bbd47fc00a2c39e90264f33305004495a9","hash":"5cbce58a95913db8aa08e836f51e7cf300e874ca"}
,"/Users/pratikbhandari/Desktop/echo-hybrid/server/controllers/chat.controllers.js": {"path":"/Users/pratikbhandari/Desktop/echo-hybrid/server/controllers/chat.controllers.js","statementMap":{"0":{"start":{"line":6,"column":25},"end":{"line":94,"column":1}},"1":{"start":{"line":7,"column":20},"end":{"line":7,"column":32}},"2":{"start":{"line":8,"column":23},"end":{"line":8,"column":59}},"3":{"start":{"line":9,"column":15},"end":{"line":9,"column":25}},"4":{"start":{"line":12,"column":4},"end":{"line":16,"column":5}},"5":{"start":{"line":13,"column":8},"end":{"line":15,"column":10}},"6":{"start":{"line":18,"column":4},"end":{"line":93,"column":5}},"7":{"start":{"line":20,"column":25},"end":{"line":24,"column":10}},"8":{"start":{"line":26,"column":8},"end":{"line":28,"column":9}},"9":{"start":{"line":27,"column":12},"end":{"line":27,"column":62}},"10":{"start":{"line":31,"column":22},"end":{"line":51,"column":10}},"11":{"start":{"line":53,"column":8},"end":{"line":55,"column":9}},"12":{"start":{"line":54,"column":12},"end":{"line":54,"column":66}},"13":{"start":{"line":58,"column":28},"end":{"line":86,"column":10}},"14":{"start":{"line":88,"column":8},"end":{"line":88,"column":54}},"15":{"start":{"line":90,"column":8},"end":{"line":90,"column":70}},"16":{"start":{"line":92,"column":8},"end":{"line":92,"column":30}},"17":{"start":{"line":96,"column":24},"end":{"line":128,"column":1}},"18":{"start":{"line":97,"column":17},"end":{"line":97,"column":29}},"19":{"start":{"line":99,"column":4},"end":{"line":127,"column":5}},"20":{"start":{"line":100,"column":22},"end":{"line":118,"column":10}},"21":{"start":{"line":120,"column":8},"end":{"line":124,"column":11}},"22":{"start":{"line":122,"column":16},"end":{"line":122,"column":41}},"23":{"start":{"line":126,"column":8},"end":{"line":126,"column":30}},"24":{"start":{"line":130,"column":36},"end":{"line":176,"column":1}},"25":{"start":{"line":131,"column":17},"end":{"line":131,"column":29}},"26":{"start":{"line":132,"column":19},"end":{"line":132,"column":40}},"27":{"start":{"line":134,"column":4},"end":{"line":175,"column":5}},"28":{"start":{"line":135,"column":21},"end":{"line":144,"column":10}},"29":{"start":{"line":146,"column":8},"end":{"line":148,"column":9}},"30":{"start":{"line":147,"column":12},"end":{"line":147,"column":62}},"31":{"start":{"line":151,"column":8},"end":{"line":158,"column":9}},"32":{"start":{"line":151,"column":43},"end":{"line":151,"column":61}},"33":{"start":{"line":152,"column":12},"end":{"line":157,"column":14}},"34":{"start":{"line":160,"column":8},"end":{"line":170,"column":11}},"35":{"start":{"line":172,"column":8},"end":{"line":172,"column":44}},"36":{"start":{"line":174,"column":8},"end":{"line":174,"column":30}},"37":{"start":{"line":180,"column":26},"end":{"line":194,"column":1}},"38":{"start":{"line":181,"column":19},"end":{"line":181,"column":40}},"39":{"start":{"line":183,"column":4},"end":{"line":193,"column":5}},"40":{"start":{"line":184,"column":8},"end":{"line":188,"column":11}},"41":{"start":{"line":190,"column":8},"end":{"line":190,"column":26}},"42":{"start":{"line":192,"column":8},"end":{"line":192,"column":30}}},"fnMap":{"0":{"name":"(anonymous_0)","decl":{"start":{"line":6,"column":25},"end":{"line":6,"column":26}},"loc":{"start":{"line":6,"column":60},"end":{"line":94,"column":1}},"line":6},"1":{"name":"(anonymous_1)","decl":{"start":{"line":96,"column":24},"end":{"line":96,"column":25}},"loc":{"start":{"line":96,"column":59},"end":{"line":128,"column":1}},"line":96},"2":{"name":"(anonymous_2)","decl":{"start":{"line":121,"column":29},"end":{"line":121,"column":30}},"loc":{"start":{"line":121,"column":39},"end":{"line":123,"column":13}},"line":121},"3":{"name":"(anonymous_3)","decl":{"start":{"line":130,"column":36},"end":{"line":130,"column":37}},"loc":{"start":{"line":130,"column":71},"end":{"line":176,"column":1}},"line":130},"4":{"name":"(anonymous_4)","decl":{"start":{"line":151,"column":31},"end":{"line":151,"column":32}},"loc":{"start":{"line":151,"column":43},"end":{"line":151,"column":61}},"line":151},"5":{"name":"(anonymous_5)","decl":{"start":{"line":180,"column":26},"end":{"line":180,"column":27}},"loc":{"start":{"line":180,"column":61},"end":{"line":194,"column":1}},"line":180}},"branchMap":{"0":{"loc":{"start":{"line":8,"column":23},"end":{"line":8,"column":59}},"type":"binary-expr","locations":[{"start":{"line":8,"column":23},"end":{"line":8,"column":54}},{"start":{"line":8,"column":58},"end":{"line":8,"column":59}}],"line":8},"1":{"loc":{"start":{"line":12,"column":4},"end":{"line":16,"column":5}},"type":"if","locations":[{"start":{"line":12,"column":4},"end":{"line":16,"column":5}},{"start":{},"end":{}}],"line":12},"2":{"loc":{"start":{"line":26,"column":8},"end":{"line":28,"column":9}},"type":"if","locations":[{"start":{"line":26,"column":8},"end":{"line":28,"column":9}},{"start":{},"end":{}}],"line":26},"3":{"loc":{"start":{"line":53,"column":8},"end":{"line":55,"column":9}},"type":"if","locations":[{"start":{"line":53,"column":8},"end":{"line":55,"column":9}},{"start":{},"end":{}}],"line":53},"4":{"loc":{"start":{"line":146,"column":8},"end":{"line":148,"column":9}},"type":"if","locations":[{"start":{"line":146,"column":8},"end":{"line":148,"column":9}},{"start":{},"end":{}}],"line":146},"5":{"loc":{"start":{"line":151,"column":8},"end":{"line":158,"column":9}},"type":"if","locations":[{"start":{"line":151,"column":8},"end":{"line":158,"column":9}},{"start":{},"end":{}}],"line":151}},"s":{"0":1,"1":3,"2":3,"3":3,"4":3,"5":0,"6":3,"7":3,"8":3,"9":0,"10":3,"11":3,"12":0,"13":3,"14":3,"15":3,"16":0,"17":1,"18":0,"19":0,"20":0,"21":0,"22":0,"23":0,"24":1,"25":0,"26":0,"27":0,"28":0,"29":0,"30":0,"31":0,"32":0,"33":0,"34":0,"35":0,"36":0,"37":1,"38":2,"39":2,"40":2,"41":2,"42":0},"f":{"0":3,"1":0,"2":0,"3":0,"4":0,"5":2},"b":{"0":[3,0],"1":[0,3],"2":[0,3],"3":[0,3],"4":[0,0],"5":[0,0]},"_coverageSchema":"1a1c01bbd47fc00a2c39e90264f33305004495a9","hash":"f428171a2c78222be55567d3b39e71058c203b78"}
,"/Users/pratikbhandari/Desktop/echo-hybrid/server/controllers/delivery.controllers.js": {"path":"/Users/pratikbhandari/Desktop/echo-hybrid/server/controllers/delivery.controllers.js","statementMap":{"0":{"start":{"line":8,"column":29},"end":{"line":76,"column":1}},"1":{"start":{"line":9,"column":17},"end":{"line":9,"column":29}},"2":{"start":{"line":10,"column":17},"end":{"line":10,"column":40}},"3":{"start":{"line":11,"column":15},"end":{"line":11,"column":43}},"4":{"start":{"line":12,"column":24},"end":{"line":12,"column":43}},"5":{"start":{"line":13,"column":22},"end":{"line":13,"column":24}},"6":{"start":{"line":15,"column":4},"end":{"line":17,"column":5}},"7":{"start":{"line":16,"column":8},"end":{"line":16,"column":17}},"8":{"start":{"line":19,"column":23},"end":{"line":19,"column":25}},"9":{"start":{"line":21,"column":4},"end":{"line":43,"column":5}},"10":{"start":{"line":22,"column":8},"end":{"line":42,"column":10}},"11":{"start":{"line":45,"column":21},"end":{"line":52,"column":5}},"12":{"start":{"line":54,"column":4},"end":{"line":75,"column":5}},"13":{"start":{"line":55,"column":41},"end":{"line":68,"column":10}},"14":{"start":{"line":70,"column":8},"end":{"line":70,"column":50}},"15":{"start":{"line":72,"column":8},"end":{"line":72,"column":27}},"16":{"start":{"line":74,"column":8},"end":{"line":74,"column":30}},"17":{"start":{"line":78,"column":30},"end":{"line":100,"column":1}},"18":{"start":{"line":80,"column":17},"end":{"line":80,"column":29}},"19":{"start":{"line":81,"column":23},"end":{"line":81,"column":64}},"20":{"start":{"line":83,"column":4},"end":{"line":99,"column":5}},"21":{"start":{"line":84,"column":8},"end":{"line":93,"column":11}},"22":{"start":{"line":95,"column":8},"end":{"line":95,"column":76}},"23":{"start":{"line":97,"column":8},"end":{"line":97,"column":27}},"24":{"start":{"line":98,"column":8},"end":{"line":98,"column":30}},"25":{"start":{"line":102,"column":37},"end":{"line":115,"column":1}},"26":{"start":{"line":103,"column":4},"end":{"line":114,"column":5}},"27":{"start":{"line":104,"column":8},"end":{"line":109,"column":11}},"28":{"start":{"line":111,"column":8},"end":{"line":111,"column":26}},"29":{"start":{"line":113,"column":8},"end":{"line":113,"column":30}}},"fnMap":{"0":{"name":"(anonymous_0)","decl":{"start":{"line":8,"column":29},"end":{"line":8,"column":30}},"loc":{"start":{"line":8,"column":64},"end":{"line":76,"column":1}},"line":8},"1":{"name":"(anonymous_1)","decl":{"start":{"line":78,"column":30},"end":{"line":78,"column":31}},"loc":{"start":{"line":78,"column":65},"end":{"line":100,"column":1}},"line":78},"2":{"name":"(anonymous_2)","decl":{"start":{"line":102,"column":37},"end":{"line":102,"column":38}},"loc":{"start":{"line":102,"column":72},"end":{"line":115,"column":1}},"line":102}},"branchMap":{"0":{"loc":{"start":{"line":10,"column":17},"end":{"line":10,"column":40}},"type":"binary-expr","locations":[{"start":{"line":10,"column":17},"end":{"line":10,"column":35}},{"start":{"line":10,"column":39},"end":{"line":10,"column":40}}],"line":10},"1":{"loc":{"start":{"line":15,"column":4},"end":{"line":17,"column":5}},"type":"if","locations":[{"start":{"line":15,"column":4},"end":{"line":17,"column":5}},{"start":{},"end":{}}],"line":15},"2":{"loc":{"start":{"line":21,"column":4},"end":{"line":43,"column":5}},"type":"if","locations":[{"start":{"line":21,"column":4},"end":{"line":43,"column":5}},{"start":{},"end":{}}],"line":21},"3":{"loc":{"start":{"line":37,"column":36},"end":{"line":37,"column":70}},"type":"binary-expr","locations":[{"start":{"line":37,"column":36},"end":{"line":37,"column":64}},{"start":{"line":37,"column":68},"end":{"line":37,"column":70}}],"line":37},"4":{"loc":{"start":{"line":81,"column":23},"end":{"line":81,"column":64}},"type":"binary-expr","locations":[{"start":{"line":81,"column":23},"end":{"line":81,"column":58}},{"start":{"line":81,"column":62},"end":{"line":81,"column":64}}],"line":81}},"s":{"0":1,"1":0,"2":0,"3":0,"4":0,"5":0,"6":0,"7":0,"8":0,"9":0,"10":0,"11":0,"12":0,"13":0,"14":0,"15":0,"16":0,"17":1,"18":0,"19":0,"20":0,"21":0,"22":0,"23":0,"24":0,"25":1,"26":0,"27":0,"28":0,"29":0},"f":{"0":0,"1":0,"2":0},"b":{"0":[0,0],"1":[0,0],"2":[0,0],"3":[0,0],"4":[0,0]},"_coverageSchema":"1a1c01bbd47fc00a2c39e90264f33305004495a9","hash":"52bd72bce636bead4b2b0b43a957a6ed9bee3a11"}
,"/Users/pratikbhandari/Desktop/echo-hybrid/server/controllers/image.controllers.js": {"path":"/Users/pratikbhandari/Desktop/echo-hybrid/server/controllers/image.controllers.js","statementMap":{"0":{"start":{"line":4,"column":24},"end":{"line":30,"column":1}},"1":{"start":{"line":5,"column":30},"end":{"line":5,"column":43}},"2":{"start":{"line":6,"column":16},"end":{"line":6,"column":20}},"3":{"start":{"line":8,"column":17},"end":{"line":10,"column":5}},"4":{"start":{"line":13,"column":4},"end":{"line":15,"column":5}},"5":{"start":{"line":14,"column":8},"end":{"line":14,"column":36}},"6":{"start":{"line":17,"column":4},"end":{"line":29,"column":5}},"7":{"start":{"line":18,"column":8},"end":{"line":20,"column":11}},"8":{"start":{"line":22,"column":8},"end":{"line":24,"column":9}},"9":{"start":{"line":23,"column":12},"end":{"line":23,"column":63}},"10":{"start":{"line":26,"column":8},"end":{"line":26,"column":36}},"11":{"start":{"line":28,"column":8},"end":{"line":28,"column":30}}},"fnMap":{"0":{"name":"(anonymous_0)","decl":{"start":{"line":4,"column":24},"end":{"line":4,"column":25}},"loc":{"start":{"line":4,"column":59},"end":{"line":30,"column":1}},"line":4}},"branchMap":{"0":{"loc":{"start":{"line":13,"column":4},"end":{"line":15,"column":5}},"type":"if","locations":[{"start":{"line":13,"column":4},"end":{"line":15,"column":5}},{"start":{},"end":{}}],"line":13},"1":{"loc":{"start":{"line":13,"column":8},"end":{"line":13,"column":33}},"type":"binary-expr","locations":[{"start":{"line":13,"column":8},"end":{"line":13,"column":11}},{"start":{"line":13,"column":15},"end":{"line":13,"column":33}}],"line":13},"2":{"loc":{"start":{"line":22,"column":8},"end":{"line":24,"column":9}},"type":"if","locations":[{"start":{"line":22,"column":8},"end":{"line":24,"column":9}},{"start":{},"end":{}}],"line":22}},"s":{"0":1,"1":0,"2":0,"3":0,"4":0,"5":0,"6":0,"7":0,"8":0,"9":0,"10":0,"11":0},"f":{"0":0},"b":{"0":[0,0],"1":[0,0],"2":[0,0]},"_coverageSchema":"1a1c01bbd47fc00a2c39e90264f33305004495a9","hash":"9df336f250f969471a1663e5789bec90c552240d"}
,"/Users/pratikbhandari/Desktop/echo-hybrid/server/controllers/message.controllers.js": {"path":"/Users/pratikbhandari/Desktop/echo-hybrid/server/controllers/message.controllers.js","statementMap":{"0":{"start":{"line":6,"column":27},"end":{"line":98,"column":1}},"1":{"start":{"line":7,"column":17},"end":{"line":7,"column":29}},"2":{"start":{"line":8,"column":17},"end":{"line":8,"column":29}},"3":{"start":{"line":9,"column":24},"end":{"line":9,"column":36}},"4":{"start":{"line":10,"column":15},"end":{"line":10,"column":25}},"5":{"start":{"line":11,"column":23},"end":{"line":11,"column":27}},"6":{"start":{"line":12,"column":22},"end":{"line":12,"column":26}},"7":{"start":{"line":14,"column":4},"end":{"line":97,"column":5}},"8":{"start":{"line":15,"column":25},"end":{"line":18,"column":9}},"9":{"start":{"line":20,"column":8},"end":{"line":22,"column":9}},"10":{"start":{"line":21,"column":12},"end":{"line":21,"column":54}},"11":{"start":{"line":24,"column":27},"end":{"line":24,"column":76}},"12":{"start":{"line":24,"column":57},"end":{"line":24,"column":75}},"13":{"start":{"line":26,"column":8},"end":{"line":76,"column":11}},"14":{"start":{"line":27,"column":41},"end":{"line":47,"column":14}},"15":{"start":{"line":49,"column":12},"end":{"line":49,"column":42}},"16":{"start":{"line":50,"column":12},"end":{"line":50,"column":29}},"17":{"start":{"line":52,"column":12},"end":{"line":75,"column":13}},"18":{"start":{"line":54,"column":34},"end":{"line":58,"column":17}},"19":{"start":{"line":60,"column":43},"end":{"line":72,"column":18}},"20":{"start":{"line":74,"column":16},"end":{"line":74,"column":46}},"21":{"start":{"line":78,"column":8},"end":{"line":83,"column":11}},"22":{"start":{"line":85,"column":8},"end":{"line":88,"column":11}},"23":{"start":{"line":90,"column":8},"end":{"line":92,"column":11}},"24":{"start":{"line":94,"column":8},"end":{"line":94,"column":27}},"25":{"start":{"line":96,"column":8},"end":{"line":96,"column":30}},"26":{"start":{"line":100,"column":27},"end":{"line":119,"column":1}},"27":{"start":{"line":101,"column":17},"end":{"line":101,"column":29}},"28":{"start":{"line":103,"column":4},"end":{"line":118,"column":5}},"29":{"start":{"line":104,"column":25},"end":{"line":113,"column":10}},"30":{"start":{"line":115,"column":8},"end":{"line":115,"column":36}},"31":{"start":{"line":117,"column":8},"end":{"line":117,"column":30}},"32":{"start":{"line":121,"column":30},"end":{"line":162,"column":1}},"33":{"start":{"line":122,"column":17},"end":{"line":122,"column":29}},"34":{"start":{"line":123,"column":20},"end":{"line":123,"column":35}},"35":{"start":{"line":124,"column":17},"end":{"line":124,"column":29}},"36":{"start":{"line":125,"column":15},"end":{"line":125,"column":25}},"37":{"start":{"line":127,"column":4},"end":{"line":161,"column":5}},"38":{"start":{"line":128,"column":33},"end":{"line":150,"column":10}},"39":{"start":{"line":152,"column":8},"end":{"line":156,"column":11}},"40":{"start":{"line":158,"column":8},"end":{"line":158,"column":51}},"41":{"start":{"line":160,"column":8},"end":{"line":160,"column":30}},"42":{"start":{"line":164,"column":29},"end":{"line":212,"column":1}},"43":{"start":{"line":165,"column":17},"end":{"line":165,"column":29}},"44":{"start":{"line":166,"column":20},"end":{"line":166,"column":35}},"45":{"start":{"line":167,"column":15},"end":{"line":167,"column":25}},"46":{"start":{"line":169,"column":4},"end":{"line":211,"column":5}},"47":{"start":{"line":170,"column":8},"end":{"line":177,"column":9}},"48":{"start":{"line":171,"column":12},"end":{"line":176,"column":14}},"49":{"start":{"line":179,"column":27},"end":{"line":190,"column":9}},"50":{"start":{"line":192,"column":8},"end":{"line":200,"column":9}},"51":{"start":{"line":193,"column":12},"end":{"line":199,"column":14}},"52":{"start":{"line":202,"column":8},"end":{"line":202,"column":38}},"53":{"start":{"line":204,"column":8},"end":{"line":204,"column":46}},"54":{"start":{"line":206,"column":8},"end":{"line":208,"column":11}},"55":{"start":{"line":210,"column":8},"end":{"line":210,"column":35}}},"fnMap":{"0":{"name":"(anonymous_0)","decl":{"start":{"line":6,"column":27},"end":{"line":6,"column":28}},"loc":{"start":{"line":6,"column":62},"end":{"line":98,"column":1}},"line":6},"1":{"name":"(anonymous_1)","decl":{"start":{"line":24,"column":45},"end":{"line":24,"column":46}},"loc":{"start":{"line":24,"column":57},"end":{"line":24,"column":75}},"line":24},"2":{"name":"(anonymous_2)","decl":{"start":{"line":26,"column":34},"end":{"
[...]
,"/Users/pratikbhandari/Desktop/echo-hybrid/server/validators/product.validators.js": {"path":"/Users/pratikbhandari/Desktop/echo-hybrid/server/validators/product.validators.js","statementMap":{"0":{"start":{"line":5,"column":20},"end":{"line":5,"column":54}},"1":{"start":{"line":6,"column":22},"end":{"line":16,"column":2}},"2":{"start":{"line":18,"column":31},"end":{"line":32,"column":1}},"3":{"start":{"line":19,"column":28},"end":{"line":21,"column":6}},"4":{"start":{"line":23,"column":4},"end":{"line":29,"column":5}},"5":{"start":{"line":24,"column":25},"end":{"line":24,"column":63}},"6":{"start":{"line":26,"column":8},"end":{"line":28,"column":9}},"7":{"start":{"line":27,"column":12},"end":{"line":27,"column":28}},"8":{"start":{"line":31,"column":4},"end":{"line":31,"column":48}}},"fnMap":{"0":{"name":"(anonymous_0)","decl":{"start":{"line":18,"column":31},"end":{"line":18,"column":32}},"loc":{"start":{"line":18,"column":62},"end":{"line":32,"column":1}},"line":18}},"branchMap":{"0":{"loc":{"start":{"line":23,"column":4},"end":{"line":29,"column":5}},"type":"if","locations":[{"start":{"line":23,"column":4},"end":{"line":29,"column":5}},{"start":{},"end":{}}],"line":23},"1":{"loc":{"start":{"line":26,"column":8},"end":{"line":28,"column":9}},"type":"if","locations":[{"start":{"line":26,"column":8},"end":{"line":28,"column":9}},{"start":{},"end":{}}],"line":26}},"s":{"0":1,"1":1,"2":1,"3":0,"4":0,"5":0,"6":0,"7":0,"8":0},"f":{"0":0},"b":{"0":[0,0],"1":[0,0]},"_coverageSchema":"1a1c01bbd47fc00a2c39e90264f33305004495a9","hash":"ae7bc479b2271344bd8748b6741a9174347deabc"}
,"/Users/pratikbhandari/Desktop/echo-hybrid/server/validators/rating.validators.js": {"path":"/Users/pratikbhandari/Desktop/echo-hybrid/server/validators/rating.validators.js","statementMap":{"0":{"start":{"line":6,"column":21},"end":{"line":14,"column":2}},"1":{"start":{"line":16,"column":30},"end":{"line":18,"column":1}},"2":{"start":{"line":17,"column":4},"end":{"line":17,"column":46}}},"fnMap":{"0":{"name":"(anonymous_0)","decl":{"start":{"line":16,"column":30},"end":{"line":16,"column":31}},"loc":{"start":{"line":16,"column":46},"end":{"line":18,"column":1}},"line":16}},"branchMap":{},"s":{"0":1,"1":1,"2":0},"f":{"0":0},"b":{},"_coverageSchema":"1a1c01bbd47fc00a2c39e90264f33305004495a9","hash":"a9c27ef2b2da7aa6be2fea7fb05041e0f34f1375"}
,"/Users/pratikbhandari/Desktop/echo-hybrid/server/validators/reply.validators.js": {"path":"/Users/pratikbhandari/Desktop/echo-hybrid/server/validators/reply.validators.js","statementMap":{"0":{"start":{"line":6,"column":20},"end":{"line":9,"column":2}},"1":{"start":{"line":11,"column":29},"end":{"line":13,"column":1}},"2":{"start":{"line":12,"column":4},"end":{"line":12,"column":44}}},"fnMap":{"0":{"name":"(anonymous_0)","decl":{"start":{"line":11,"column":29},"end":{"line":11,"column":30}},"loc":{"start":{"line":11,"column":44},"end":{"line":13,"column":1}},"line":11}},"branchMap":{},"s":{"0":1,"1":1,"2":0},"f":{"0":0},"b":{},"_coverageSchema":"1a1c01bbd47fc00a2c39e90264f33305004495a9","hash":"ad6013595a20fe9949968170633402bf38757af5"}
,"/Users/pratikbhandari/Desktop/echo-hybrid/server/validators/report.validators.js": {"path":"/Users/pratikbhandari/Desktop/echo-hybrid/server/validators/report.validators.js","statementMap":{"0":{"start":{"line":5,"column":32},"end":{"line":8,"column":11}},"1":{"start":{"line":9,"column":27},"end":{"line":9,"column":74}},"2":{"start":{"line":10,"column":21},"end":{"line":13,"column":2}},"3":{"start":{"line":15,"column":30},"end":{"line":17,"column":1}},"4":{"start":{"line":16,"column":4},"end":{"line":16,"column":46}},"5":{"start":{"line":19,"column":34},"end":{"line":25,"column":1}},"6":{"start":{"line":20,"column":19},"end":{"line":22,"column":6}},"7":{"start":{"line":24,"column":4},"end":{"line":24,"column":44}}},"fnMap":{"0":{"name":"(anonymous_0)","decl":{"start":{"line":15,"column":30},"end":{"line":15,"column":31}},"loc":{"start":{"line":15,"column":46},"end":{"line":17,"column":1}},"line":15},"1":{"name":"(anonymous_1)","decl":{"start":{"line":19,"column":34},"end":{"line":19,"column":35}},"loc":{"start":{"line":19,"column":50},"end":{"line":25,"column":1}},"line":19}},"branchMap":{},"s":{"0":1,"1":1,"2":1,"3":1,"4":0,"5":1,"6":0,"7":0},"f":{"0":0,"1":0},"b":{},"_coverageSchema":"1a1c01bbd47fc00a2c39e90264f33305004495a9","hash":"9dab11d4d91c6457ea93ff6b5d750641912665e8"}
,"/Users/pratikbhandari/Desktop/echo-hybrid/server/validators/review.validators.js": {"path":"/Users/pratikbhandari/Desktop/echo-hybrid/server/validators/review.validators.js","statementMap":{"0":{"start":{"line":6,"column":21},"end":{"line":10,"column":2}},"1":{"start":{"line":12,"column":30},"end":{"line":14,"column":1}},"2":{"start":{"line":13,"column":4},"end":{"line":13,"column":46}}},"fnMap":{"0":{"name":"(anonymous_0)","decl":{"start":{"line":12,"column":30},"end":{"line":12,"column":31}},"loc":{"start":{"line":12,"column":46},"end":{"line":14,"column":1}},"line":12}},"branchMap":{},"s":{"0":1,"1":1,"2":0},"f":{"0":0},"b":{},"_coverageSchema":"1a1c01bbd47fc00a2c39e90264f33305004495a9","hash":"a321cde307614d754d45c97d2de58b9723a33dfb"}
,"/Users/pratikbhandari/Desktop/echo-hybrid/server/validators/stock.validators.js": {"path":"/Users/pratikbhandari/Desktop/echo-hybrid/server/validators/stock.validators.js","statementMap":{"0":{"start":{"line":5,"column":30},"end":{"line":7,"column":2}},"1":{"start":{"line":9,"column":37},"end":{"line":11,"column":1}},"2":{"start":{"line":10,"column":4},"end":{"line":10,"column":50}},"3":{"start":{"line":13,"column":39},"end":{"line":52,"column":1}},"4":{"start":{"line":15,"column":4},"end":{"line":17,"column":5}},"5":{"start":{"line":16,"column":8},"end":{"line":16,"column":46}},"6":{"start":{"line":19,"column":28},"end":{"line":21,"column":6}},"7":{"start":{"line":20,"column":8},"end":{"line":20,"column":31}},"8":{"start":{"line":23,"column":19},"end":{"line":23,"column":21}},"9":{"start":{"line":25,"column":4},"end":{"line":49,"column":7}},"10":{"start":{"line":27,"column":8},"end":{"line":27,"column":76}},"11":{"start":{"line":29,"column":8},"end":{"line":31,"column":9}},"12":{"start":{"line":30,"column":12},"end":{"line":30,"column":41}},"13":{"start":{"line":33,"column":8},"end":{"line":48,"column":11}},"14":{"start":{"line":35,"column":12},"end":{"line":37,"column":13}},"15":{"start":{"line":36,"column":16},"end":{"line":36,"column":59}},"16":{"start":{"line":41,"column":28},"end":{"line":43,"column":24}},"17":{"start":{"line":42,"column":31},"end":{"line":42,"column":56}},"18":{"start":{"line":45,"column":12},"end":{"line":47,"column":13}},"19":{"start":{"line":45,"column":42},"end":{"line":45,"column":67}},"20":{"start":{"line":46,"column":16},"end":{"line":46,"column":72}},"21":{"start":{"line":51,"column":4},"end":{"line":51,"column":20}}},"fnMap":{"0":{"name":"(anonymous_0)","decl":{"start":{"line":9,"column":37},"end":{"line":9,"column":38}},"loc":{"start":{"line":9,"column":51},"end":{"line":11,"column":1}},"line":9},"1":{"name":"(anonymous_1)","decl":{"start":{"line":13,"column":39},"end":{"line":13,"column":40}},"loc":{"start":{"line":13,"column":65},"end":{"line":52,"column":1}},"line":13},"2":{"name":"(anonymous_2)","decl":{"start":{"line":19,"column":43},"end":{"line":19,"column":44}},"loc":{"start":{"line":19,"column":58},"end":{"line":21,"column":5}},"line":19},"3":{"name":"(anonymous_3)","decl":{"start":{"line":25,"column":21},"end":{"line":25,"column":22}},"loc":{"start":{"line":25,"column":34},"end":{"line":49,"column":5}},"line":25},"4":{"name":"(anonymous_4)","decl":{"start":{"line":33,"column":32},"end":{"line":33,"column":33}},"loc":{"start":{"line":33,"column":43},"end":{"line":48,"column":9}},"line":33},"5":{"name":"(anonymous_5)","decl":{"start":{"line":42,"column":16},"end":{"line":42,"column":17}},"loc":{"start":{"line":42,"column":31},"end":{"line":42,"column":56}},"line":42},"6":{"name":"(anonymous_6)","decl":{"start":{"line":45,"column":30},"end":{"line":45,"column":31}},"loc":{"start":{"line":45,"column":42},"end":{"line":45,"column":67}},"line":45}},"branchMap":{"0":{"loc":{"start":{"line":15,"column":4},"end":{"line":17,"column":5}},"type":"if","locations":[{"start":{"line":15,"column":4},"end":{"line":17,"column":5}},{"start":{},"end":{}}],"line":15},"1":{"loc":{"start":{"line":15,"column":8},"end":{"line":15,"column":57}},"type":"binary-expr","locations":[{"start":{"line":15,"column":8},"end":{"line":15,"column":32}},{"start":{"line":15,"column":36},"end":{"line":15,"column":57}}],"line":15},"2":{"loc":{"start":{"line":29,"column":8},"end":{"line":31,"column":9}},"type":"if","locations":[{"start":{"line":29,"column":8},"end":{"line":31,"column":9}},{"start":{},"end":{}}],"line":29},"3":{"loc":{"start":{"line":35,"column":12},"end":{"line":37,"column":13}},"type":"if","locations":[{"start":{"line":35,"column":12},"end":{"line":37,"column":13}},{"start":{},"end":{}}],"line":35},"4":{"loc":{"start":{"line":45,"column":12},"end":{"line":47,"column":13}},"type":"if","locations":[{"start":{"line":45,"column":12},"end":{"line":47,"column":13}},{"start":{},"end":{}}],"line":45}},"s":{"0":1,"1":1,"2":0,"3":1,"4":0,"5":0,"6":0,"7":0,"8":0,"9":0,"10":0,"11":0,"12":0,"13":0,"14":0,"15":0,"16":0,"17":0,"18":0,"19":0,"20":0,"21":0},"f":{"0":0,"1":0,"2":0,"3":0,"4":0,"5":0,"6":0},"b":{"0":[0,0],"1":[0,0],"2":[0,0],"3":[0,0],"4":[0,0]},"_coverageSchema":"1a1c01bbd47fc00a2c39e90264f33305004495a9","hash":"7a3fd7b5b5900dadea0cca9d2e9ea1c373f5ccd7"}
,"/Users/pratikbhandari/Desktop/echo-hybrid/server/validators/store.validators.js": {"path":"/Users/pratikbhandari/Desktop/echo-hybrid/server/validators/store.validators.js","statementMap":{"0":{"start":{"line":5,"column":24},"end":{"line":7,"column":2}},"1":{"start":{"line":9,"column":33},"end":{"line":11,"column":1}},"2":{"start":{"line":10,"column":4},"end":{"line":10,"column":66}}},"fnMap":{"0":{"name":"(anonymous_0)","decl":{"start":{"line":9,"column":33},"end":{"line":9,"column":34}},"loc":{"start":{"line":9,"column":48},"end":{"line":11,"column":1}},"line":9}},"branchMap":{},"s":{"0":1,"1":1,"2":0},"f":{"0":0},"b":{},"_coverageSchema":"1a1c01bbd47fc00a2c39e90264f33305004495a9","hash":"ddb8a366482105a4bbd1159e46d07462c408fcdd"}
,"/Users/pratikbhandari/Desktop/echo-hybrid/server/validators/suspension.validators.js": {"path":"/Users/pratikbhandari/Desktop/echo-hybrid/server/validators/suspension.validators.js","statementMap":{"0":{"start":{"line":6,"column":25},"end":{"line":14,"column":2}},"1":{"start":{"line":16,"column":34},"end":{"line":18,"column":1}},"2":{"start":{"line":17,"column":4},"end":{"line":17,"column":54}}},"fnMap":{"0":{"name":"(anonymous_0)","decl":{"start":{"line":16,"column":34},"end":{"line":16,"column":35}},"loc":{"start":{"line":16,"column":54},"end":{"line":18,"column":1}},"line":16}},"branchMap":{},"s":{"0":1,"1":1,"2":0},"f":{"0":0},"b":{},"_coverageSchema":"1a1c01bbd47fc00a2c39e90264f33305004495a9","hash":"e547d0c768543390edc137445dd77b594d36c155"}
,"/Users/pratikbhandari/Desktop/echo-hybrid/server/validators/transaction.validators.js": {"path":"/Users/pratikbhandari/Desktop/echo-hybrid/server/validators/transaction.validators.js","statementMap":{"0":{"start":{"line":5,"column":24},"end":{"line":8,"column":2}},"1":{"start":{"line":10,"column":33},"end":{"line":12,"column":1}},"2":{"start":{"line":11,"column":4},"end":{"line":11,"column":52}}},"fnMap":{"0":{"name":"(anonymous_0)","decl":{"start":{"line":10,"column":33},"end":{"line":10,"column":34}},"loc":{"start":{"line":10,"column":52},"end":{"line":12,"column":1}},"line":10}},"branchMap":{},"s":{"0":1,"1":1,"2":0},"f":{"0":0},"b":{},"_coverageSchema":"1a1c01bbd47fc00a2c39e90264f33305004495a9","hash":"c9fd3db888a251ea9c421867159b494899e30174"}
,"/Users/pratikbhandari/Desktop/echo-hybrid/server/validators/user.validators.js": {"path":"/Users/pratikbhandari/Desktop/echo-hybrid/server/validators/user.validators.js","statementMap":{"0":{"start":{"line":4,"column":25},"end":{"line":11,"column":1}},"1":{"start":{"line":5,"column":4},"end":{"line":10,"column":16}},"2":{"start":{"line":13,"column":24},"end":{"line":13,"column":43}},"3":{"start":{"line":14,"column":23},"end":{"line":14,"column":42}},"4":{"start":{"line":15,"column":20},"end":{"line":15,"column":58}},"5":{"start":{"line":16,"column":23},"end":{"line":19,"column":15}},"6":{"start":{"line":21,"column":25},"end":{"line":26,"column":2}},"7":{"start":{"line":28,"column":25},"end":{"line":33,"column":2}},"8":{"start":{"line":35,"column":25},"end":{"line":38,"column":2}},"9":{"start":{"line":40,"column":18},"end":{"line":44,"column":1}},"10":{"start":{"line":46,"column":28},"end":{"line":55,"column":1}},"11":{"start":{"line":48,"column":19},"end":{"line":48,"column":34}},"12":{"start":{"line":50,"column":4},"end":{"line":52,"column":5}},"13":{"start":{"line":51,"column":8},"end":{"line":51,"column":71}},"14":{"start":{"line":54,"column":4},"end":{"line":54,"column":47}},"15":{"start":{"line":57,"column":35},"end":{"line":63,"column":1}},"16":{"start":{"line":58,"column":19},"end":{"line":60,"column":6}},"17":{"start":{"line":62,"column":4},"end":{"line":62,"column":61}}},"fnMap":{"0":{"name":"(anonymous_0)","decl":{"start":{"line":4,"column":25},"end":{"line":4,"column":26}},"loc":{"start":{"line":4,"column":34},"end":{"line":11,"column":1}},"line":4},"1":{"name":"(anonymous_1)","decl":{"start":{"line":46,"column":28},"end":{"line":46,"column":29}},"loc":{"start":{"line":46,"column":59},"end":{"line":55,"column":1}},"line":46},"2":{"name":"(anonymous_2)","decl":{"start":{"line":57,"column":35},"end":{"line":57,"column":36}},"loc":{"start":{"line":57,"column":52},"end":{"line":63,"column":1}},"line":57}},"branchMap":{"0":{"loc":{"start":{"line":46,"column":39},"end":{"line":46,"column":54}},"type":"default-arg","locations":[{"start":{"line":46,"column":46},"end":{"line":46,"column":54}}],"line":46},"1":{"loc":{"start":{"line":50,"column":4},"end":{"line":52,"column":5}},"type":"if","locations":[{"start":{"line":50,"column":4},"end":{"line":52,"column":5}},{"start":{},"end":{}}],"line":50}},"s":{"0":1,"1":2,"2":1,"3":1,"4":1,"5":1,"6":1,"7":1,"8":1,"9":1,"10":1,"11":17,"12":17,"13":0,"14":17,"15":1,"16":0,"17":0},"f":{"0":2,"1":17,"2":0},"b":{"0":[0],"1":[0,17]},"_coverageSchema":"1a1c01bbd47fc00a2c39e90264f33305004495a9","hash":"c609cc322aa59b2074025ced3392377b50f1c0de"}
,"/Users/pratikbhandari/Desktop/echo-hybrid/server/validators/utils.js": {"path":"/Users/pratikbhandari/Desktop/echo-hybrid/server/validators/utils.js","statementMap":{"0":{"start":{"line":4,"column":18},"end":{"line":4,"column":41}},"1":{"start":{"line":6,"column":20},"end":{"line":17,"column":1}},"2":{"start":{"line":7,"column":4},"end":{"line":14,"column":5}},"3":{"start":{"line":9,"column":12},"end":{"line":9,"column":33}},"4":{"start":{"line":10,"column":12},"end":{"line":10,"column":18}},"5":{"start":{"line":12,"column":12},"end":{"line":12,"column":32}},"6":{"start":{"line":13,"column":12},"end":{"line":13,"column":18}},"7":{"start":{"line":16,"column":4},"end":{"line":16,"column":17}},"8":{"start":{"line":19,"column":31},"end":{"line":55,"column":1}},"9":{"start":{"line":24,"column":8},"end":{"line":24,"column":38}},"10":{"start":{"line":26,"column":4},"end":{"line":30,"column":5}},"11":{"start":{"line":27,"column":8},"end":{"line":29,"column":9}},"12":{"start":{"line":28,"column":12},"end":{"line":28,"column":71}},"13":{"start":{"line":32,"column":4},"end":{"line":34,"column":5}},"14":{"start":{"line":33,"column":8},"end":{"line":33,"column":80}},"15":{"start":{"line":36,"column":4},"end":{"line":40,"column":5}},"16":{"start":{"line":37,"column":8},"end":{"line":39,"column":57}},"17":{"start":{"line":42,"column":4},"end":{"line":44,"column":5}},"18":{"start":{"line":43,"column":8},"end":{"line":43,"column":55}},"19":{"start":{"line":46,"column":4},"end":{"line":48,"column":5}},"20":{"start":{"line":47,"column":8},"end":{"line":47,"column":37}},"21":{"start":{"line":50,"column":4},"end":{"line":52,"column":5}},"22":{"start":{"line":51,"column":8},"end":{"line":51,"column":59}},"23":{"start":{"line":54,"column":4},"end":{"line":54,"column":19}},"24":{"start":{"line":57,"column":24},"end":{"line":57,"column":68}},"25":{"start":{"line":59,"column":26},"end":{"line":65,"column":1}},"26":{"start":{"line":60,"column":19},"end":{"line":62,"column":6}},"27":{"start":{"line":64,"column":4},"end":{"line":64,"column":36}}},"fnMap":{"0":{"name":"(anonymous_0)","decl":{"start":{"line":6,"column":20},"end":{"line":6,"column":21}},"loc":{"start":{"line":6,"column":31},"end":{"line":17,"column":1}},"line":6},"1":{"name":"(anonymous_1)","decl":{"start":{"line":19,"column":31},"end":{"line":19,"column":32}},"loc":{"start":{"line":19,"column":50},"end":{"line":55,"column":1}},"line":19},"2":{"name":"(anonymous_2)","decl":{"start":{"line":59,"column":26},"end":{"line":59,"column":27}},"loc":{"start":{"line":59,"column":34},"end":{"line":65,"column":1}},"line":59}},"branchMap":{"0":{"loc":{"start":{"line":7,"column":4},"end":{"line":14,"column":5}},"type":"switch","locations":[{"start":{"line":8,"column":8},"end":{"line":10,"column":18}},{"start":{"line":11,"column":8},"end":{"line":13,"column":18}}],"line":7},"1":{"loc":{"start":{"line":26,"column":4},"end":{"line":30,"column":5}},"type":"if","locations":[{"start":{"line":26,"column":4},"end":{"line":30,"column":5}},{"start":{},"end":{}}],"line":26},"2":{"loc":{"start":{"line":27,"column":8},"end":{"line":29,"column":9}},"type":"if","locations":[{"start":{"line":27,"column":8},"end":{"line":29,"column":9}},{"start":{},"end":{}}],"line":27},"3":{"loc":{"start":{"line":32,"column":4},"end":{"line":34,"column":5}},"type":"if","locations":[{"start":{"line":32,"column":4},"end":{"line":34,"column":5}},{"start":{},"end":{}}],"line":32},"4":{"loc":{"start":{"line":36,"column":4},"end":{"line":40,"column":5}},"type":"if","locations":[{"start":{"line":36,"column":4},"end":{"line":40,"column":5}},{"start":{},"end":{}}],"line":36},"5":{"loc":{"start":{"line":42,"column":4},"end":{"line":44,"column":5}},"type":"if","locations":[{"start":{"line":42,"column":4},"end":{"line":44,"column":5}},{"start":{},"end":{}}],"line":42},"6":{"loc":{"start":{"line":42,"column":8},"end":{"line":42,"column":59}},"type":"binary-expr","locations":[{"start":{"line":42,"column":8},"end":{"line":42,"column":30}},{"start":{"line":42,"column":34},"end":{"line":42,"column":59}}],"line":42},"7":{"loc":{"start":{"line":46,"column":4},"end":{"line":48,"column":5}},"type":"if","locations":[{"start":{"line":46,"column":4},"end":{"line":48,"column":5}},{"start":{},"end":{}}],"line":46},"8":{"loc":{"start":{"line":50,"column":4},"end":{"line":52,"column":5}},"type":"if","locations":[{"start":{"line":50,"column":4},"end":{"line":52,"column":5}},{"start":{},"end":{}}],"line":50}},"s":{"0":1,"1":1,"2":1,"3":0,"4":0,"5":0,"6":0,"7":1,"8":1,"9":1,"10":1,"11":0,"12":0,"13":1,"14":0,"15":1,"16":0,"17":1,"18":1,"19":0,"20":0,"21":0,"22":0,"23":0,"24":1,"25":1,"26":0,"27":0},"f":{"0":1,"1":1,"2":0},"b":{"0":[0,0],"1":[0,1],"2":[0,0],"3":[0,1],"4":[0,1],"5":[1,0],"6":[1,1],"7":[0,0],"8":[0,0]},"_coverageSchema":"1a1c01bbd47fc00a2c39e90264f33305004495a9","hash":"749badd67fd337807db2e7d9fd972edf29d71ae2"}
}
