TN:
SF:index.js
FN:74,(anonymous_0)
FNF:1
FNH:1
FNDA:1,(anonymous_0)
DA:35,1
DA:37,1
DA:38,1
DA:39,1
DA:41,1
DA:42,1
DA:43,1
DA:44,1
DA:45,1
DA:46,1
DA:47,1
DA:48,1
DA:49,1
DA:50,1
DA:51,1
DA:52,1
DA:53,1
DA:54,1
DA:55,1
DA:56,1
DA:57,1
DA:58,1
DA:59,1
DA:60,1
DA:61,1
DA:62,1
DA:63,1
DA:64,1
DA:65,1
DA:66,1
DA:67,1
DA:68,1
DA:71,1
DA:73,1
DA:74,1
DA:75,1
LF:36
LH:36
BRDA:73,0,0,1
BRDA:73,0,1,1
BRF:2
BRH:2
end_of_record
TN:
SF:controllers/account.controllers.js
FN:14,(anonymous_0)
FN:48,(anonymous_1)
FN:95,(anonymous_2)
FN:138,(anonymous_3)
FNF:4
FNH:0
FNDA:0,(anonymous_0)
FNDA:0,(anonymous_1)
FNDA:0,(anonymous_2)
FNDA:0,(anonymous_3)
DA:12,1
DA:14,1
DA:15,0
DA:17,0
DA:18,0
DA:21,0
DA:22,0
DA:27,0
DA:34,0
DA:40,0
DA:44,0
DA:48,1
DA:49,0
DA:50,0
DA:52,0
DA:53,0
DA:56,0
DA:57,0
DA:60,0
DA:61,0
DA:65,0
DA:71,0
DA:72,0
DA:75,0
DA:87,0
DA:91,0
DA:95,1
DA:96,0
DA:98,0
DA:99,0
DA:102,0
DA:103,0
DA:109,0
DA:110,0
DA:113,0
DA:118,0
DA:126,0
DA:132,0
DA:134,0
DA:138,1
DA:139,0
DA:140,0
DA:142,0
DA:143,0
DA:146,0
DA:147,0
DA:153,0
DA:154,0
DA:157,0
DA:163,0
DA:164,0
DA:172,0
DA:178,0
DA:179,0
DA:183,0
DA:184,0
DA:186,0
DA:202,0
DA:204,0
LF:59
LH:5
BRDA:17,0,0,0
BRDA:17,0,1,0
BRDA:52,1,0,0
BRDA:52,1,1,0
BRDA:56,2,0,0
BRDA:56,2,1,0
BRDA:71,3,0,0
BRDA:71,3,1,0
BRDA:98,4,0,0
BRDA:98,4,1,0
BRDA:109,5,0,0
BRDA:109,5,1,0
BRDA:142,6,0,0
BRDA:142,6,1,0
BRDA:153,7,0,0
BRDA:153,7,1,0
BRDA:163,8,0,0
BRDA:163,8,1,0
BRDA:178,9,0,0
BRDA:178,9,1,0
BRF:20
BRH:0
end_of_record
TN:
SF:controllers/address.controllers.js
FN:7,(anonymous_0)
FNF:1
FNH:0
FNDA:0,(anonymous_0)
DA:7,1
DA:8,0
DA:9,0
DA:10,0
DA:11,0
DA:14,0
DA:15,0
DA:19,0
DA:20,0
DA:27,0
DA:30,0
DA:32,0
DA:33,0
DA:36,0
DA:37,0
DA:42,0
DA:43,0
DA:49,0
DA:60,0
DA:66,0
DA:68,0
DA:75,0
DA:78,0
DA:80,0
LF:24
LH:1
BRDA:14,0,0,0
BRDA:14,0,1,0
BRDA:14,1,0,0
BRDA:14,1,1,0
BRDA:19,2,0,0
BRDA:19,2,1,0
BRDA:19,3,0,0
BRDA:19,3,1,0
BRDA:27,4,0,0
BRDA:27,4,1,0
BRDA:27,5,0,0
BRDA:27,5,1,0
BRDA:32,6,0,0
BRDA:32,6,1,0
BRDA:39,7,0,0
BRDA:39,7,1,0
BRDA:50,8,0,0
BRDA:50,8,1,0
BRDA:51,9,0,0
BRDA:51,9,1,0
BRDA:52,10,0,0
BRDA:52,10,1,0
BRDA:54,11,0,0
BRDA:54,11,1,0
BRDA:56,12,0,0
BRDA:56,12,1,0
BRDA:66,13,0,0
BRDA:66,13,1,0
BRF:28
BRH:0
end_of_record
TN:
SF:controllers/auth.controllers.js
FN:12,(anonymous_0)
FN:88,(anonymous_1)
FN:124,(anonymous_2)
FNF:3
FNH:3
FNDA:2,(anonymous_0)
FNDA:5,(anonymous_1)
FNDA:7,(anonymous_2)
DA:12,1
DA:13,2
DA:14,2
DA:16,2
DA:22,2
DA:23,0
DA:27,2
DA:28,2
DA:30,2
DA:31,0
DA:37,2
DA:38,2
DA:40,2
DA:49,2
DA:63,2
DA:71,2
DA:75,2
DA:78,2
DA:80,2
DA:82,0
DA:84,0
DA:88,1
DA:89,5
DA:91,5
DA:93,5
DA:94,0
DA:97,5
DA:99,5
DA:104,5
DA:105,0
DA:109,5
DA:111,5
DA:112,0
DA:115,5
DA:117,5
DA:119,0
DA:120,0
DA:124,1
DA:125,7
DA:127,7
LF:40
LH:31
BRDA:22,0,0,0
BRDA:22,0,1,2
BRDA:30,1,0,0
BRDA:30,1,1,2
BRDA:54,2,0,0
BRDA:54,2,1,2
BRDA:72,3,0,2
BRDA:72,3,1,0
BRDA:93,4,0,0
BRDA:93,4,1,5
BRDA:104,5,0,0
BRDA:104,5,1,5
BRDA:111,6,0,0
BRDA:111,6,1,5
BRF:14
BRH:7
end_of_record
TN:
SF:controllers/business.controllers.js
FN:13,(anonymous_0)
FN:113,(anonymous_1)
FN:150,(anonymous_2)
FN:230,(anonymous_3)
FN:304,(anonymous_4)
FN:343,(anonymous_5)
FN:381,(anonymous_6)
FN:421,(anonymous_7)
FNF:8
FNH:2
FNDA:1,(anonymous_0)
FNDA:0,(anonymous_1)
FNDA:1,(anonymous_2)
FNDA:0,(anonymous_3)
FNDA:0,(anonymous_4)
FNDA:0,(anonymous_5)
FNDA:0,(anonymous_6)
FNDA:0,(anonymous_7)
DA:13,1
DA:14,1
DA:15,1
DA:17,1
DA:19,1
DA:20,0
DA:23,1
DA:24,1
DA:36,1
DA:37,0
DA:43,1
DA:44,0
DA:53,1
DA:54,0
DA:62,1
DA:63,0
DA:71,1
DA:72,1
DA:74,1
DA:85,1
DA:91,1
DA:105,1
DA:109,0
DA:113,1
DA:114,0
DA:115,0
DA:117,0
DA:119,0
DA:121,0
DA:122,0
DA:126,0
DA:129,0
DA:130,0
DA:139,0
DA:140,0
DA:143,0
DA:145,0
DA:150,1
DA:151,1
DA:152,1
DA:153,1
DA:154,1
DA:156,1
DA:158,1
DA:159,0
DA:162,1
DA:163,1
DA:168,0
DA:169,0
DA:177,0
DA:179,0
DA:180,0
DA:190,0
DA:200,0
DA:201,0
DA:204,0
DA:205,0
DA:207,0
DA:213,0
DA:215,0
DA:217,0
DA:223,0
DA:225,0
DA:230,1
DA:231,0
DA:232,0
DA:234,0
DA:236,0
DA:237,0
DA:240,0
DA:241,0
DA:245,0
DA:259,0
DA:260,0
DA:266,0
DA:271,0
DA:273,0
DA:274,0
DA:277,0
DA:278,0
DA:287,0
DA:291,0
DA:299,0
DA:300,0
DA:304,1
DA:305,0
DA:306,0
DA:308,0
DA:309,0
DA:317,0
DA:319,0
DA:320,0
DA:323,0
DA:324,0
DA:326,0
DA:337,0
DA:339,0
DA:343,1
DA:344,0
DA:345,0
DA:346,0
DA:348,0
DA:349,0
DA:354,0
DA:355,0
DA:368,0
DA:370,0
DA:373,0
DA:377,0
DA:381,1
DA:383,0
DA:384,0
DA:385,0
DA:387,0
DA:388,0
DA:391,0
DA:398,0
DA:399,0
DA:414,0
DA:416,0
DA:417,0
DA:421,1
DA:422,0
DA:423,0
DA:432,0
DA:434,0
DA:435,0
LF:127
LH:32
BRDA:19,0,0,0
BRDA:19,0,1,1
BRDA:36,1,0,0
BRDA:36,1,1,1
BRDA:43,2,0,0
BRDA:43,2,1,1
BRDA:53,3,0,0
BRDA:53,3,1,1
BRDA:62,4,0,0
BRDA:62,4,1,1
BRDA:117,5,0,0
BRDA:117,5,1,0
BRDA:121,6,0,0
BRDA:121,6,1,0
BRDA:139,7,0,0
BRDA:139,7,1,0
BRDA:158,8,0,0
BRDA:158,8,1,1
BRDA:162,9,0,1
BRDA:162,9,1,0
BRDA:168,10,0,0
BRDA:168,10,1,0
BRDA:179,11,0,0
BRDA:179,11,1,0
BRDA:207,12,0,0
BRDA:207,12,1,0
BRDA:219,13,0,0
BRDA:219,13,1,0
BRDA:236,14,0,0
BRDA:236,14,1,0
BRDA:241,15,0,0
BRDA:241,15,1,0
BRDA:242,16,0,0
BRDA:242,16,1,0
BRDA:261,17,0,0
BRDA:261,17,1,0
BRDA:263,18,0,0
BRDA:263,18,1,0
BRDA:263,18,2,0
BRDA:271,19,0,0
BRDA:271,19,1,0
BRDA:273,20,0,0
BRDA:273,20,1,0
BRDA:273,21,0,0
BRDA:273,21,1,0
BRDA:277,22,0,0
BRDA:277,22,1,0
BRDA:308,23,0,0
BRDA:308,23,1,0
BRDA:319,24,0,0
BRDA:319,24,1,0
BRDA:331,25,0,0
BRDA:331,25,1,0
BRDA:332,26,0,0
BRDA:332,26,1,0
BRDA:333,27,0,0
BRDA:333,27,1,0
BRDA:348,28,0,0
BRDA:348,28,1,0
BRDA:368,29,0,0
BRDA:368,29,1,0
BRDA:383,30,0,0
BRDA:383,30,1,0
BRDA:384,31,0,0
BRDA:384,31,1,0
BRDA:387,32,0,0
BRDA:387,32,1,0
BRF:67
BRH:7
end_of_record
TN:
SF:controllers/cart.controllers.js
FN:6,(anonymous_0)
FN:27,(anonymous_1)
FN:134,(anonymous_2)
FN:168,(anonymous_3)
FN:205,(anonymous_4)
FN:266,(anonymous_5)
FN:274,(anonymous_6)
FN:293,(anonymous_7)
FN:305,(anonymous_8)
FN:334,(anonymous_9)
FNF:10
FNH:0
FNDA:0,(anonymous_0)
FNDA:0,(anonymous_1)
FNDA:0,(anonymous_2)
FNDA:0,(anonymous_3)
FNDA:0,(anonymous_4)
FNDA:0,(anonymous_5)
FNDA:0,(anonymous_6)
FNDA:0,(anonymous_7)
FNDA:0,(anonymous_8)
FNDA:0,(anonymous_9)
DA:6,1
DA:7,0
DA:8,0
DA:12,0
DA:13,0
DA:21,0
DA:23,0
DA:27,1
DA:31,0
DA:32,0
DA:33,0
DA:34,0
DA:36,0
DA:37,0
DA:38,0
DA:44,0
DA:48,0
DA:49,0
DA:50,0
DA:52,0
DA:76,0
DA:77,0
DA:80,0
DA:81,0
DA:85,0
DA:90,0
DA:92,0
DA:94,0
DA:95,0
DA:103,0
DA:110,0
DA:113,0
DA:114,0
DA:120,0
DA:125,0
DA:126,0
DA:131,0
DA:133,0
DA:134,0
DA:137,0
DA:138,0
DA:142,0
DA:143,0
DA:147,0
DA:148,0
DA:153,0
DA:155,0
DA:156,0
DA:163,0
DA:164,0
DA:167,0
DA:169,0
DA:174,0
DA:175,0
DA:189,0
DA:197,0
DA:200,0
DA:201,0
DA:205,1
DA:206,0
DA:207,0
DA:209,0
DA:210,0
DA:211,0
DA:212,0
DA:218,0
DA:220,0
DA:221,0
DA:225,0
DA:259,0
DA:261,0
DA:262,0
DA:266,1
DA:267,0
DA:268,0
DA:270,0
DA:271,0
DA:274,0
DA:275,0
DA:280,0
DA:281,0
DA:287,0
DA:289,0
DA:293,1
DA:295,0
DA:297,0
DA:298,0
DA:303,0
DA:305,0
DA:306,0
DA:307,0
DA:309,0
DA:310,0
DA:313,0
DA:314,0
DA:317,0
DA:318,0
DA:320,0
DA:326,0
DA:328,0
DA:331,0
DA:333,0
DA:334,0
DA:337,0
DA:338,0
DA:344,0
DA:346,0
DA:347,0
DA:354,0
DA:355,0
DA:359,0
LF:111
LH:5
BRDA:33,0,0,0
BRDA:33,0,1,0
BRDA:36,1,0,0
BRDA:36,1,1,0
BRDA:76,2,0,0
BRDA:76,2,1,0
BRDA:76,3,0,0
BRDA:76,3,1,0
BRDA:80,4,0,0
BRDA:80,4,1,0
BRDA:92,5,0,0
BRDA:92,5,1,0
BRDA:94,6,0,0
BRDA:94,6,1,0
BRDA:113,7,0,0
BRDA:113,7,1,0
BRDA:125,8,0,0
BRDA:125,8,1,0
BRDA:131,9,0,0
BRDA:131,9,1,0
BRDA:137,10,0,0
BRDA:137,10,1,0
BRDA:142,11,0,0
BRDA:142,11,1,0
BRDA:147,12,0,0
BRDA:147,12,1,0
BRDA:155,13,0,0
BRDA:155,13,1,0
BRDA:163,14,0,0
BRDA:163,14,1,0
BRDA:169,15,0,0
BRDA:169,15,1,0
BRDA:174,16,0,0
BRDA:174,16,1,0
BRDA:210,17,0,0
BRDA:210,17,1,0
BRDA:268,18,0,0
BRDA:268,18,1,0
BRDA:270,19,0,0
BRDA:270,19,1,0
BRDA:274,20,0,0
BRDA:274,20,1,0
BRDA:297,21,0,0
BRDA:297,21,1,0
BRDA:309,22,0,0
BRDA:309,22,1,0
BRDA:313,23,0,0
BRDA:313,23,1,0
BRDA:317,24,0,0
BRDA:317,24,1,0
BRDA:318,25,0,0
BRDA:318,25,1,0
BRDA:326,26,0,0
BRDA:326,26,1,0
BRDA:331,27,0,0
BRDA:331,27,1,0
BRDA:337,28,0,0
BRDA:337,28,1,0
BRDA:346,29,0,0
BRDA:346,29,1,0
BRDA:354,30,0,0
BRDA:354,30,1,0
BRF:62
BRH:0
end_of_record
TN:
SF:controllers/category.controllers.js
FN:10,(anonymous_0)
FN:39,(anonymous_1)
FN:63,(anonymous_2)
FN:120,(anonymous_3)
FN:164,(anonymous_4)
FN:181,(anonymous_5)
FN:225,(anonymous_6)
FNF:7
FNH:0
FNDA:0,(anonymous_0)
FNDA:0,(anonymous_1)
FNDA:0,(anonymous_2)
FNDA:0,(anonymous_3)
FNDA:0,(anonymous_4)
FNDA:0,(anonymous_5)
FNDA:0,(anonymous_6)
DA:10,1
DA:11,0
DA:13,0
DA:15,0
DA:16,0
DA:19,0
DA:20,0
DA:24,0
DA:26,0
DA:27,0
DA:35,0
DA:39,1
DA:40,0
DA:41,0
DA:56,0
DA:58,0
DA:59,0
DA:63,1
DA:64,0
DA:65,0
DA:66,0
DA:68,0
DA:70,0
DA:71,0
DA:74,0
DA:75,0
DA:77,0
DA:90,0
DA:91,0
DA:94,0
DA:95,0
DA:100,0
DA:112,0
DA:114,0
DA:116,0
DA:120,1
DA:121,0
DA:122,0
DA:123,0
DA:125,0
DA:126,0
DA:129,0
DA:131,0
DA:132,0
DA:135,0
DA:136,0
DA:142,0
DA:143,0
DA:149,0
DA:152,0
DA:154,0
DA:156,0
DA:157,0
DA:160,0
DA:164,1
DA:165,0
DA:166,0
DA:175,0
DA:177,0
DA:181,1
DA:182,0
DA:184,0
DA:185,0
DA:198,0
DA:199,0
DA:202,0
DA:203,0
DA:211,0
DA:217,0
DA:221,0
DA:225,1
DA:226,0
DA:227,0
DA:239,0
DA:241,0
LF:75
LH:7
BRDA:15,0,0,0
BRDA:15,0,1,0
BRDA:26,1,0,0
BRDA:26,1,1,0
BRDA:70,2,0,0
BRDA:70,2,1,0
BRDA:90,3,0,0
BRDA:90,3,1,0
BRDA:94,4,0,0
BRDA:94,4,1,0
BRDA:125,5,0,0
BRDA:125,5,1,0
BRDA:125,6,0,0
BRDA:125,6,1,0
BRDA:131,7,0,0
BRDA:131,7,1,0
BRDA:142,8,0,0
BRDA:142,8,1,0
BRDA:156,9,0,0
BRDA:156,9,1,0
BRDA:198,10,0,0
BRDA:198,10,1,0
BRDA:202,11,0,0
BRDA:202,11,1,0
BRF:24
BRH:0
end_of_record
TN:
SF:controllers/chat.controllers.js
FN:6,(anonymous_0)
FN:101,(anonymous_1)
FN:127,(anonymous_2)
FN:128,(anonymous_3)
FN:138,(anonymous_4)
FN:159,(anonymous_5)
FN:188,(anonymous_6)
FNF:7
FNH:0
FNDA:0,(anonymous_0)
FNDA:0,(anonymous_1)
FNDA:0,(anonymous_2)
FNDA:0,(anonymous_3)
FNDA:0,(anonymous_4)
FNDA:0,(anonymous_5)
FNDA:0,(anonymous_6)
DA:6,1
DA:7,0
DA:8,0
DA:9,0
DA:12,0
DA:13,0
DA:18,0
DA:20,0
DA:26,0
DA:27,0
DA:36,0
DA:58,0
DA:59,0
DA:63,0
DA:93,0
DA:95,0
DA:97,0
DA:101,1
DA:102,0
DA:104,0
DA:105,0
DA:125,0
DA:127,0
DA:129,0
DA:133,0
DA:134,0
DA:138,1
DA:139,0
DA:140,0
DA:142,0
DA:143,0
DA:154,0
DA:155,0
DA:159,0
DA:160,0
DA:168,0
DA:180,0
DA:182,0
DA:188,1
DA:189,0
DA:191,0
DA:192,0
DA:198,0
DA:200,0
LF:44
LH:4
BRDA:8,0,0,0
BRDA:8,0,1,0
BRDA:12,1,0,0
BRDA:12,1,1,0
BRDA:26,2,0,0
BRDA:26,2,1,0
BRDA:58,3,0,0
BRDA:58,3,1,0
BRDA:154,4,0,0
BRDA:154,4,1,0
BRDA:159,5,0,0
BRDA:159,5,1,0
BRF:12
BRH:0
end_of_record
TN:
SF:controllers/delivery.controllers.js
FN:9,(anonymous_0)
FN:79,(anonymous_1)
FN:103,(anonymous_2)
FN:118,(anonymous_3)
FN:131,(anonymous_4)
FN:178,(anonymous_5)
FNF:6
FNH:0
FNDA:0,(anonymous_0)
FNDA:0,(anonymous_1)
FNDA:0,(anonymous_2)
FNDA:0,(anonymous_3)
FNDA:0,(anonymous_4)
FNDA:0,(anonymous_5)
DA:9,1
DA:10,0
DA:11,0
DA:12,0
DA:13,0
DA:14,0
DA:16,0
DA:17,0
DA:20,0
DA:22,0
DA:23,0
DA:46,0
DA:55,0
DA:56,0
DA:71,0
DA:73,0
DA:75,0
DA:79,1
DA:81,0
DA:82,0
DA:84,0
DA:85,0
DA:96,0
DA:98,0
DA:99,0
DA:103,1
DA:104,0
DA:105,0
DA:112,0
DA:114,0
DA:118,1
DA:119,0
DA:121,0
DA:125,0
DA:126,0
DA:128,0
DA:132,0
DA:148,0
DA:149,0
DA:171,0
DA:173,0
DA:174,0
DA:178,1
DA:179,0
DA:180,0
DA:182,0
DA:183,0
DA:193,0
DA:194,0
DA:198,0
DA:204,0
DA:210,0
DA:212,0
DA:214,0
LF:54
LH:5
BRDA:11,0,0,0
BRDA:11,0,1,0
BRDA:16,1,0,0
BRDA:16,1,1,0
BRDA:22,2,0,0
BRDA:22,2,1,0
BRDA:38,3,0,0
BRDA:38,3,1,0
BRDA:82,4,0,0
BRDA:82,4,1,0
BRDA:119,5,0,0
BRDA:119,5,1,0
BRDA:125,6,0,0
BRDA:125,6,1,0
BRDA:141,7,0,0
BRDA:141,7,1,0
BRDA:179,8,0,0
BRDA:179,8,1,0
BRDA:193,9,0,0
BRDA:193,9,1,0
BRF:20
BRH:0
end_of_record
TN:
SF:controllers/image.controllers.js
FN:4,(anonymous_0)
FNF:1
FNH:0
FNDA:0,(anonymous_0)
DA:4,1
DA:5,0
DA:6,0
DA:8,0
DA:13,0
DA:14,0
DA:17,0
DA:18,0
DA:22,0
DA:23,0
DA:26,0
DA:28,0
LF:12
LH:1
BRDA:13,0,0,0
BRDA:13,0,1,0
BRDA:13,1,0,0
BRDA:13,1,1,0
BRDA:22,2,0,0
BRDA:22,2,1,0
BRF:6
BRH:0
end_of_record
TN:
SF:controllers/message.controllers.js
FN:6,(anonymous_0)
FN:24,(anonymous_1)
FN:26,(anonymous_2)
FN:100,(anonymous_3)
FN:121,(anonymous_4)
FN:164,(anonymous_5)
FNF:6
FNH:0
FNDA:0,(anonymous_0)
FNDA:0,(anonymous_1)
FNDA:0,(anonymous_2)
FNDA:0,(anonymous_3)
FNDA:0,(anonymous_4)
FNDA:0,(anonymous_5)
DA:6,1
DA:7,0
DA:8,0
DA:9,0
DA:10,0
DA:11,0
DA:12,0
DA:14,0
DA:15,0
DA:20,0
DA:21,0
DA:24,0
DA:26,0
DA:27,0
DA:49,0
DA:50,0
DA:52,0
DA:54,0
DA:60,0
DA:74,0
DA:78,0
DA:85,0
DA:90,0
DA:94,0
DA:96,0
DA:100,1
DA:101,0
DA:103,0
DA:104,0
DA:115,0
DA:117,0
DA:121,1
DA:122,0
DA:123,0
DA:124,0
DA:125,0
DA:127,0
DA:128,0
DA:152,0
DA:158,0
DA:160,0
DA:164,1
DA:165,0
DA:166,0
DA:167,0
DA:169,0
DA:170,0
DA:171,0
DA:179,0
DA:192,0
DA:193,0
DA:202,0
DA:204,0
DA:206,0
DA:210,0
LF:55
LH:4
BRDA:17,0,0,0
BRDA:17,0,1,0
BRDA:20,1,0,0
BRDA:20,1,1,0
BRDA:52,2,0,0
BRDA:52,2,1,0
BRDA:144,3,0,0
BRDA:144,3,1,0
BRDA:170,4,0,0
BRDA:170,4,1,0
BRDA:192,5,0,0
BRDA:192,5,1,0
BRF:12
BRH:0
end_of_record
TN:
SF:controllers/notification.controllers.js
FN:6,(anonymous_0)
FN:47,(anonymous_1)
FN:90,(anonymous_2)
FN:126,(anonymous_3)
FN:142,(anonymous_4)
FNF:5
FNH:0
FNDA:0,(anonymous_0)
FNDA:0,(anonymous_1)
FNDA:0,(anonymous_2)
FNDA:0,(anonymous_3)
FNDA:0,(anonymous_4)
DA:6,1
DA:7,0
DA:8,0
DA:9,0
DA:12,0
DA:14,0
DA:15,0
DA:18,0
DA:19,0
DA:22,0
DA:23,0
DA:37,0
DA:39,0
DA:43,0
DA:47,1
DA:48,0
DA:49,0
DA:50,0
DA:51,0
DA:53,0
DA:54,0
DA:57,0
DA:61,0
DA:62,0
DA:84,0
DA:86,0
DA:90,1
DA:91,0
DA:92,0
DA:94,0
DA:96,0
DA:100,0
DA:101,0
DA:104,0
DA:108,0
DA:116,0
DA:120,0
DA:122,0
DA:126,1
DA:127,0
DA:129,0
DA:130,0
DA:136,0
DA:138,0
DA:142,1
DA:143,0
DA:145,0
DA:146,0
DA:151,0
DA:153,0
LF:50
LH:5
BRDA:14,0,0,0
BRDA:14,0,1,0
BRDA:18,1,0,0
BRDA:18,1,1,0
BRDA:49,2,0,0
BRDA:49,2,1,0
BRDA:53,3,0,0
BRDA:53,3,1,0
BRDA:58,4,0,0
BRDA:58,4,1,0
BRDA:92,5,0,0
BRDA:92,5,1,0
BRDA:100,6,0,0
BRDA:100,6,1,0
BRDA:104,7,0,0
BRDA:104,7,1,0
BRDA:105,8,0,0
BRDA:105,8,1,0
BRDA:105,8,2,0
BRDA:147,9,0,0
BRDA:147,9,1,0
BRF:21
BRH:0
end_of_record
TN:
SF:controllers/order.controllers.js
FN:18,(anonymous_0)
FN:151,(anonymous_1)
FN:238,(anonymous_2)
FN:266,(anonymous_3)
FN:375,(anonymous_4)
FN:453,(anonymous_5)
FN:475,(anonymous_6)
FN:579,(anonymous_7)
FN:598,(anonymous_8)
FN:633,(anonymous_9)
FN:693,(anonymous_10)
FN:719,(anonymous_11)
FNF:12
FNH:0
FNDA:0,(anonymous_0)
FNDA:0,(anonymous_1)
FNDA:0,(anonymous_2)
FNDA:0,(anonymous_3)
FNDA:0,(anonymous_4)
FNDA:0,(anonymous_5)
FNDA:0,(anonymous_6)
FNDA:0,(anonymous_7)
FNDA:0,(anonymous_8)
FNDA:0,(anonymous_9)
FNDA:0,(anonymous_10)
FNDA:0,(anonymous_11)
DA:18,1
DA:19,0
DA:20,0
DA:21,0
DA:22,0
DA:23,0
DA:25,0
DA:27,0
DA:65,0
DA:66,0
DA:72,0
DA:73,0
DA:79,0
DA:80,0
DA:89,0
DA:90,0
DA:96,0
DA:103,0
DA:105,0
DA:106,0
DA:109,0
DA:111,0
DA:112,0
DA:116,0
DA:118,0
DA:128,0
DA:131,0
DA:132,0
DA:141,0
DA:143,0
DA:144,0
DA:148,0
DA:150,0
DA:151,0
DA:154,0
DA:155,0
DA:165,0
DA:166,0
DA:167,0
DA:168,0
DA:171,0
DA:172,0
DA:176,0
DA:177,0
DA:187,0
DA:189,0
DA:190,0
DA:194,0
DA:220,0
DA:221,0
DA:222,0
DA:233,0
DA:234,0
DA:236,0
DA:237,0
DA:239,0
DA:243,0
DA:244,0
DA:249,0
DA:254,0
DA:256,0
DA:261,0
DA:262,0
DA:266,1
DA:267,0
DA:268,0
DA:269,0
DA:270,0
DA:271,0
DA:272,0
DA:274,0
DA:275,0
DA:278,0
DA:279,0
DA:286,0
DA:287,0
DA:298,0
DA:300,0
DA:301,0
DA:307,0
DA:308,0
DA:315,0
DA:321,0
DA:328,0
DA:330,0
DA:331,0
DA:350,0
DA:352,0
DA:353,0
DA:368,0
DA:370,0
DA:371,0
DA:375,1
DA:376,0
DA:377,0
DA:378,0
DA:379,0
DA:380,0
DA:382,0
DA:384,0
DA:385,0
DA:388,0
DA:389,0
DA:396,0
DA:405,0
DA:411,0
DA:419,0
DA:420,0
DA:426,0
DA:427,0
DA:429,0
DA:436,0
DA:437,0
DA:446,0
DA:450,0
DA:452,0
DA:453,0
DA:457,0
DA:460,0
DA:461,0
DA:470,0
DA:472,0
DA:473,0
DA:476,0
DA:477,0
DA:484,0
DA:489,0
DA:494,0
DA:506,0
DA:512,0
DA:523,0
DA:526,0
DA:531,0
DA:532,0
DA:547,0
DA:554,0
DA:561,0
DA:562,0
DA:569,0
DA:572,0
DA:574,0
DA:575,0
DA:579,1
DA:580,0
DA:582,0
DA:583,0
DA:592,0
DA:594,0
DA:598,1
DA:599,0
DA:600,0
DA:602,0
DA:603,0
DA:611,0
DA:617,0
DA:620,0
DA:621,0
DA:627,0
DA:629,0
DA:633,1
DA:638,0
DA:639,0
DA:640,0
DA:642,0
DA:646,0
DA:654,0
DA:655,0
DA:658,0
DA:659,0
DA:664,0
DA:665,0
DA:675,0
DA:683,0
DA:687,0
DA:689,0
DA:693,1
DA:694,0
DA:695,0
DA:696,0
DA:697,0
DA:699,0
DA:700,0
DA:703,0
DA:704,0
DA:709,0
DA:710,0
DA:718,0
DA:719,0
DA:722,0
DA:724,0
DA:744,0
DA:746,0
DA:757,0
DA:759,0
DA:771,0
DA:772,0
DA:773,0
DA:777,0
DA:783,0
DA:797,0
DA:798,0
DA:801,0
DA:802,0
DA:807,0
DA:812,0
DA:813,0
LF:206
LH:7
BRDA:20,0,0,0
BRDA:20,0,1,0
BRDA:65,1,0,0
BRDA:65,1,1,0
BRDA:65,2,0,0
BRDA:65,2,1,0
BRDA:72,3,0,0
BRDA:72,3,1,0
BRDA:79,4,0,0
BRDA:79,4,1,0
BRDA:89,5,0,0
BRDA:89,5,1,0
BRDA:98,6,0,0
BRDA:98,6,1,0
BRDA:103,7,0,0
BRDA:103,7,1,0
BRDA:105,8,0,0
BRDA:105,8,1,0
BRDA:111,9,0,0
BRDA:111,9,1,0
BRDA:123,10,0,0
BRDA:123,10,1,0
BRDA:125,11,0,0
BRDA:125,11,1,0
BRDA:128,12,0,0
BRDA:128,12,1,0
BRDA:131,13,0,0
BRDA:131,13,1,0
BRDA:143,14,0,0
BRDA:143,14,1,0
BRDA:148,15,0,0
BRDA:148,15,1,0
BRDA:154,16,0,0
BRDA:154,16,1,0
BRDA:166,17,0,0
BRDA:166,17,1,0
BRDA:167,18,0,0
BRDA:167,18,1,0
BRDA:171,19,0,0
BRDA:171,19,1,0
BRDA:176,20,0,0
BRDA:176,20,1,0
BRDA:179,21,0,0
BRDA:179,21,1,0
BRDA:189,22,0,0
BRDA:189,22,1,0
BRDA:221,23,0,0
BRDA:221,23,1,0
BRDA:233,24,0,0
BRDA:233,24,1,0
BRDA:236,25,0,0
BRDA:236,25,1,0
BRDA:243,26,0,0
BRDA:243,26,1,0
BRDA:269,27,0,0
BRDA:269,27,1,0
BRDA:270,28,0,0
BRDA:270,28,1,0
BRDA:271,29,0,0
BRDA:271,29,1,0
BRDA:274,30,0,0
BRDA:274,30,1,0
BRDA:278,31,0,0
BRDA:278,31,1,0
BRDA:278,32,0,0
BRDA:278,32,1,0
BRDA:278,32,2,0
BRDA:286,33,0,0
BRDA:286,33,1,0
BRDA:286,34,0,0
BRDA:286,34,1,0
BRDA:300,35,0,0
BRDA:300,35,1,0
BRDA:307,36,0,0
BRDA:307,36,1,0
BRDA:309,37,0,0
BRDA:309,37,1,0
BRDA:330,38,0,0
BRDA:330,38,1,0
BRDA:343,39,0,0
BRDA:343,39,1,0
BRDA:384,40,0,0
BRDA:384,40,1,0
BRDA:389,41,0,0
BRDA:389,41,1,0
BRDA:390,42,0,0
BRDA:390,42,1,0
BRDA:390,42,2,0
BRDA:390,42,3,0
BRDA:405,43,0,0
BRDA:405,43,1,0
BRDA:406,44,0,0
BRDA:406,44,1,0
BRDA:406,44,2,0
BRDA:406,44,3,0
BRDA:419,45,0,0
BRDA:419,45,1,0
BRDA:419,46,0,0
BRDA:419,46,1,0
BRDA:426,47,0,0
BRDA:426,47,1,0
BRDA:427,48,0,0
BRDA:427,48,1,0
BRDA:436,49,0,0
BRDA:436,49,1,0
BRDA:450,50,0,0
BRDA:450,50,1,0
BRDA:460,51,0,0
BRDA:460,51,1,0
BRDA:472,52,0,0
BRDA:472,52,1,0
BRDA:476,53,0,0
BRDA:476,53,1,0
BRDA:526,54,0,0
BRDA:526,54,1,0
BRDA:527,55,0,0
BRDA:527,55,1,0
BRDA:527,55,2,0
BRDA:561,56,0,0
BRDA:561,56,1,0
BRDA:561,57,0,0
BRDA:561,57,1,0
BRDA:585,58,0,0
BRDA:585,58,1,0
BRDA:602,59,0,0
BRDA:602,59,1,0
BRDA:602,60,0,0
BRDA:602,60,1,0
BRDA:611,61,0,0
BRDA:611,61,1,0
BRDA:612,62,0,0
BRDA:612,62,1,0
BRDA:612,62,2,0
BRDA:612,62,3,0
BRDA:642,63,0,0
BRDA:642,63,1,0
BRDA:643,64,0,0
BRDA:643,64,1,0
BRDA:643,64,2,0
BRDA:643,64,3,0
BRDA:654,65,0,0
BRDA:654,65,1,0
BRDA:658,66,0,0
BRDA:658,66,1,0
BRDA:668,67,0,0
BRDA:668,67,1,0
BRDA:699,68,0,0
BRDA:699,68,1,0
BRDA:699,69,0,0
BRDA:699,69,1,0
BRDA:703,70,0,0
BRDA:703,70,1,0
BRDA:709,71,0,0
BRDA:709,71,1,0
BRDA:722,72,0,0
BRDA:722,72,1,0
BRDA:744,73,0,0
BRDA:744,73,1,0
BRDA:757,74,0,0
BRDA:757,74,1,0
BRDA:787,75,0,0
BRDA:787,75,1,0
BRDA:797,76,0,0
BRDA:797,76,1,0
BRDA:801,77,0,0
BRDA:801,77,1,0
BRDA:808,78,0,0
BRDA:808,78,1,0
BRF:168
BRH:0
end_of_record
TN:
SF:controllers/product-variation.controllers.js
FN:6,(anonymous_0)
FN:31,(anonymous_1)
FNF:2
FNH:2
FNDA:10,(anonymous_0)
FNDA:2,(anonymous_1)
DA:6,1
DA:7,10
DA:8,10
DA:10,10
DA:11,0
DA:20,10
DA:21,8
DA:24,2
DA:26,2
DA:27,0
DA:31,2
DA:32,2
DA:39,2
DA:40,2
DA:44,2
DA:46,0
DA:47,0
LF:17
LH:13
BRDA:10,0,0,0
BRDA:10,0,1,10
BRDA:10,1,0,10
BRDA:10,1,1,10
BRDA:20,2,0,8
BRDA:20,2,1,2
BRDA:26,3,0,0
BRDA:26,3,1,2
BRF:8
BRH:6
end_of_record
TN:
SF:controllers/product.controllers.js
FN:15,(anonymous_0)
FN:129,(anonymous_1)
FN:145,(anonymous_2)
FN:183,(anonymous_3)
FN:283,(anonymous_4)
FN:338,(anonymous_5)
FN:394,(anonymous_6)
FN:444,(anonymous_7)
FN:449,(anonymous_8)
FN:457,(anonymous_9)
FN:476,(anonymous_10)
FN:527,(anonymous_11)
FN:539,(anonymous_12)
FN:547,(anonymous_13)
FN:571,createPrice
FNF:15
FNH:2
FNDA:5,(anonymous_0)
FNDA:0,(anonymous_1)
FNDA:0,(anonymous_2)
FNDA:0,(anonymous_3)
FNDA:0,(anonymous_4)
FNDA:0,(anonymous_5)
FNDA:0,(anonymous_6)
FNDA:0,(anonymous_7)
FNDA:0,(anonymous_8)
FNDA:0,(anonymous_9)
FNDA:0,(anonymous_10)
FNDA:0,(anonymous_11)
FNDA:0,(anonymous_12)
FNDA:0,(anonymous_13)
FNDA:5,createPrice
DA:13,1
DA:15,1
DA:16,5
DA:17,5
DA:18,5
DA:19,5
DA:21,5
DA:23,5
DA:24,0
DA:28,5
DA:29,0
DA:32,5
DA:33,0
DA:36,5
DA:37,0
DA:45,5
DA:46,0
DA:60,5
DA:61,5
DA:73,5
DA:74,5
DA:92,5
DA:97,5
DA:107,5
DA:112,0
DA:117,0
DA:125,0
DA:129,1
DA:130,0
DA:131,0
DA:132,0
DA:133,0
DA:134,0
DA:135,0
DA:136,0
DA:137,0
DA:138,0
DA:139,0
DA:141,0
DA:142,0
DA:145,0
DA:146,0
DA:172,0
DA:184,0
DA:185,0
DA:190,0
DA:231,0
DA:235,0
DA:237,0
DA:240,0
DA:245,0
DA:274,0
DA:276,0
DA:279,0
DA:280,0
DA:282,0
DA:284,0
DA:293,0
DA:296,0
DA:301,0
DA:302,0
DA:332,0
DA:334,0
DA:338,1
DA:339,0
DA:341,0
DA:342,0
DA:380,0
DA:381,0
DA:384,0
DA:385,0
DA:388,0
DA:390,0
DA:394,1
DA:395,0
DA:396,0
DA:398,0
DA:407,0
DA:408,0
DA:412,0
DA:413,0
DA:421,0
DA:422,0
DA:438,0
DA:440,0
DA:444,1
DA:445,0
DA:446,0
DA:448,0
DA:449,0
DA:450,0
DA:455,0
DA:458,0
DA:468,0
DA:470,0
DA:472,0
DA:476,1
DA:477,0
DA:480,0
DA:481,0
DA:484,0
DA:485,0
DA:494,0
DA:495,0
DA:497,0
DA:498,0
DA:499,0
DA:503,0
DA:510,0
DA:511,0
DA:521,0
DA:523,0
DA:527,1
DA:528,0
DA:529,0
DA:532,0
DA:533,0
DA:539,0
DA:540,0
DA:545,0
DA:546,0
DA:547,0
DA:551,0
DA:563,0
DA:565,0
DA:566,0
DA:567,0
DA:572,5
LF:128
LH:26
BRDA:23,0,0,0
BRDA:23,0,1,5
BRDA:28,1,0,0
BRDA:28,1,1,5
BRDA:32,2,0,0
BRDA:32,2,1,5
BRDA:32,3,0,5
BRDA:32,3,1,4
BRDA:36,4,0,0
BRDA:36,4,1,5
BRDA:36,5,0,5
BRDA:36,5,1,4
BRDA:45,6,0,0
BRDA:45,6,1,5
BRDA:45,7,0,5
BRDA:45,7,1,5
BRDA:79,8,0,4
BRDA:79,8,1,1
BRDA:83,9,0,4
BRDA:83,9,1,1
BRDA:112,10,0,0
BRDA:112,10,1,0
BRDA:131,11,0,0
BRDA:131,11,1,0
BRDA:132,12,0,0
BRDA:132,12,1,0
BRDA:133,13,0,0
BRDA:133,13,1,0
BRDA:134,14,0,0
BRDA:134,14,1,0
BRDA:136,15,0,0
BRDA:136,15,1,0
BRDA:137,16,0,0
BRDA:137,16,1,0
BRDA:141,17,0,0
BRDA:141,17,1,0
BRDA:184,18,0,0
BRDA:184,18,1,0
BRDA:235,19,0,0
BRDA:235,19,1,0
BRDA:240,20,0,0
BRDA:240,20,1,0
BRDA:241,21,0,0
BRDA:241,21,1,0
BRDA:241,21,2,0
BRDA:241,21,3,0
BRDA:241,21,4,0
BRDA:274,22,0,0
BRDA:274,22,1,0
BRDA:279,23,0,0
BRDA:279,23,1,0
BRDA:298,24,0,0
BRDA:298,24,1,0
BRDA:339,25,0,0
BRDA:339,25,1,0
BRDA:380,26,0,0
BRDA:380,26,1,0
BRDA:384,27,0,0
BRDA:384,27,1,0
BRDA:407,28,0,0
BRDA:407,28,1,0
BRDA:427,29,0,0
BRDA:427,29,1,0
BRDA:428,30,0,0
BRDA:428,30,1,0
BRDA:429,31,0,0
BRDA:429,31,1,0
BRDA:430,32,0,0
BRDA:430,32,1,0
BRDA:432,33,0,0
BRDA:432,33,1,0
BRDA:433,34,0,0
BRDA:433,34,1,0
BRDA:434,35,0,0
BRDA:434,35,1,0
BRDA:480,36,0,0
BRDA:480,36,1,0
BRDA:480,37,0,0
BRDA:480,37,1,0
BRDA:484,38,0,0
BRDA:484,38,1,0
BRDA:497,39,0,0
BRDA:497,39,1,0
BRDA:532,40,0,0
BRDA:532,40,1,0
BRDA:539,41,0,0
BRDA:539,41,1,0
BRF:87
BRH:15
end_of_record
TN:
SF:controllers/rating.controllers.js
FN:5,(anonymous_0)
FN:21,(anonymous_1)
FN:28,(anonymous_2)
FN:81,(anonymous_3)
FN:95,(anonymous_4)
FN:131,(anonymous_5)
FN:171,(anonymous_6)
FNF:7
FNH:0
FNDA:0,(anonymous_0)
FNDA:0,(anonymous_1)
FNDA:0,(anonymous_2)
FNDA:0,(anonymous_3)
FNDA:0,(anonymous_4)
FNDA:0,(anonymous_5)
FNDA:0,(anonymous_6)
DA:5,1
DA:6,0
DA:7,0
DA:8,0
DA:9,0
DA:10,0
DA:11,0
DA:13,0
DA:15,0
DA:16,0
DA:19,0
DA:20,0
DA:21,0
DA:27,0
DA:28,0
DA:29,0
DA:30,0
DA:33,0
DA:43,0
DA:50,0
DA:71,0
DA:76,0
DA:81,0
DA:90,0
DA:91,0
DA:95,1
DA:96,0
DA:97,0
DA:98,0
DA:100,0
DA:101,0
DA:107,0
DA:108,0
DA:111,0
DA:112,0
DA:117,0
DA:118,0
DA:120,0
DA:130,0
DA:131,0
DA:132,0
DA:135,0
DA:145,0
DA:161,0
DA:167,0
DA:171,0
DA:176,0
LF:47
LH:2
BRDA:15,0,0,0
BRDA:15,0,1,0
BRDA:20,1,0,0
BRDA:20,1,1,0
BRDA:29,2,0,0
BRDA:29,2,1,0
BRDA:36,3,0,0
BRDA:36,3,1,0
BRDA:87,4,0,0
BRDA:87,4,1,0
BRDA:97,5,0,0
BRDA:97,5,1,0
BRDA:107,6,0,0
BRDA:107,6,1,0
BRDA:111,7,0,0
BRDA:111,7,1,0
BRDA:117,8,0,0
BRDA:117,8,1,0
BRDA:118,9,0,0
BRDA:118,9,1,0
BRDA:135,10,0,0
BRDA:135,10,1,0
BRF:22
BRH:0
end_of_record
TN:
SF:controllers/rec.controllers.js
FN:6,(anonymous_0)
FN:15,(anonymous_1)
FN:33,(anonymous_2)
FNF:3
FNH:0
FNDA:0,(anonymous_0)
FNDA:0,(anonymous_1)
FNDA:0,(anonymous_2)
DA:6,1
DA:7,0
DA:13,0
DA:15,0
DA:16,0
DA:23,0
DA:24,0
DA:33,0
DA:39,0
DA:41,0
DA:43,0
DA:44,0
LF:12
LH:1
BRDA:19,0,0,0
BRDA:19,0,1,0
BRF:2
BRH:0
end_of_record
TN:
SF:controllers/receipt.controllers.js
FN:6,(anonymous_0)
FNF:1
FNH:0
FNDA:0,(anonymous_0)
DA:6,1
DA:8,0
DA:9,0
DA:10,0
DA:12,0
DA:13,0
DA:14,0
DA:17,0
DA:20,0
DA:23,0
DA:26,0
DA:27,0
DA:33,0
DA:36,0
DA:38,0
DA:39,0
LF:16
LH:1
BRF:0
BRH:0
end_of_record
TN:
SF:controllers/reply.controllers.js
FN:7,(anonymous_0)
FN:92,(anonymous_1)
FN:116,(anonymous_2)
FNF:3
FNH:0
FNDA:0,(anonymous_0)
FNDA:0,(anonymous_1)
FNDA:0,(anonymous_2)
DA:7,1
DA:8,0
DA:9,0
DA:10,0
DA:11,0
DA:14,0
DA:16,0
DA:17,0
DA:20,0
DA:26,0
DA:27,0
DA:48,0
DA:50,0
DA:52,0
DA:53,0
DA:55,0
DA:72,0
DA:75,0
DA:82,0
DA:84,0
DA:85,0
DA:88,0
DA:92,1
DA:93,0
DA:95,0
DA:96,0
DA:110,0
DA:112,0
DA:116,1
DA:117,0
DA:118,0
DA:119,0
DA:121,0
DA:122,0
DA:133,0
DA:134,0
DA:138,0
DA:139,0
DA:144,0
DA:150,0
DA:156,0
DA:158,0
LF:42
LH:3
BRDA:16,0,0,0
BRDA:16,0,1,0
BRDA:50,1,0,0
BRDA:50,1,1,0
BRDA:79,2,0,0
BRDA:79,2,1,0
BRDA:84,3,0,0
BRDA:84,3,1,0
BRDA:93,4,0,0
BRDA:93,4,1,0
BRDA:118,5,0,0
BRDA:118,5,1,0
BRDA:133,6,0,0
BRDA:133,6,1,0
BRDA:138,7,0,0
BRDA:138,7,1,0
BRF:16
BRH:0
end_of_record
TN:
SF:controllers/report.controllers.js
FN:12,(anonymous_0)
FN:128,(anonymous_1)
FN:170,(anonymous_2)
FN:194,(anonymous_3)
FNF:4
FNH:0
FNDA:0,(anonymous_0)
FNDA:0,(anonymous_1)
FNDA:0,(anonymous_2)
FNDA:0,(anonymous_3)
DA:12,1
DA:13,0
DA:14,0
DA:15,0
DA:16,0
DA:17,0
DA:20,0
DA:22,0
DA:23,0
DA:26,0
DA:50,0
DA:57,0
DA:58,0
DA:62,0
DA:63,0
DA:64,0
DA:71,0
DA:72,0
DA:73,0
DA:80,0
DA:81,0
DA:82,0
DA:87,0
DA:88,0
DA:89,0
DA:93,0
DA:100,0
DA:101,0
DA:106,0
DA:111,0
DA:113,0
DA:115,0
DA:116,0
DA:124,0
DA:128,1
DA:129,0
DA:130,0
DA:131,0
DA:132,0
DA:134,0
DA:135,0
DA:137,0
DA:138,0
DA:141,0
DA:148,0
DA:149,0
DA:164,0
DA:166,0
DA:170,1
DA:171,0
DA:173,0
DA:174,0
DA:180,0
DA:182,0
DA:187,0
DA:190,0
DA:194,1
DA:195,0
DA:196,0
DA:205,0
DA:207,0
LF:61
LH:4
BRDA:15,0,0,0
BRDA:15,0,1,0
BRDA:22,1,0,0
BRDA:22,1,1,0
BRDA:57,2,0,0
BRDA:57,2,1,0
BRDA:62,3,0,0
BRDA:62,3,1,0
BRDA:63,4,0,0
BRDA:63,4,1,0
BRDA:71,5,0,0
BRDA:71,5,1,0
BRDA:72,6,0,0
BRDA:72,6,1,0
BRDA:80,7,0,0
BRDA:80,7,1,0
BRDA:81,8,0,0
BRDA:81,8,1,0
BRDA:87,9,0,0
BRDA:87,9,1,0
BRDA:88,10,0,0
BRDA:88,10,1,0
BRDA:107,11,0,0
BRDA:107,11,1,0
BRDA:115,12,0,0
BRDA:115,12,1,0
BRDA:129,13,0,0
BRDA:129,13,1,0
BRDA:130,14,0,0
BRDA:130,14,1,0
BRDA:134,15,0,0
BRDA:134,15,1,0
BRDA:137,16,0,0
BRDA:137,16,1,0
BRDA:171,17,0,0
BRDA:171,17,1,0
BRDA:182,18,0,0
BRDA:182,18,1,0
BRF:38
BRH:0
end_of_record
TN:
SF:controllers/review.controllers.js
FN:10,(anonymous_0)
FN:91,(anonymous_1)
FN:120,(anonymous_2)
FNF:3
FNH:0
FNDA:0,(anonymous_0)
FNDA:0,(anonymous_1)
FNDA:0,(anonymous_2)
DA:10,1
DA:11,0
DA:12,0
DA:13,0
DA:14,0
DA:15,0
DA:17,0
DA:19,0
DA:20,0
DA:23,0
DA:37,0
DA:38,0
DA:53,0
DA:55,0
DA:57,0
DA:63,0
DA:76,0
DA:79,0
DA:85,0
DA:87,0
DA:91,1
DA:92,0
DA:93,0
DA:95,0
DA:96,0
DA:99,0
DA:100,0
DA:114,0
DA:116,0
DA:120,1
DA:122,0
DA:123,0
DA:124,0
DA:125,0
DA:127,0
DA:128,0
DA:130,0
DA:131,0
DA:135,0
DA:136,0
DA:155,0
DA:156,0
DA:159,0
DA:160,0
DA:165,0
DA:171,0
DA:173,0
DA:186,0
DA:191,0
DA:195,0
DA:196,0
LF:51
LH:3
BRDA:19,0,0,0
BRDA:19,0,1,0
BRDA:55,1,0,0
BRDA:55,1,1,0
BRDA:92,2,0,0
BRDA:92,2,1,0
BRDA:95,3,0,0
BRDA:95,3,1,0
BRDA:95,4,0,0
BRDA:95,4,1,0
BRDA:123,5,0,0
BRDA:123,5,1,0
BRDA:127,6,0,0
BRDA:127,6,1,0
BRDA:130,7,0,0
BRDA:130,7,1,0
BRDA:155,8,0,0
BRDA:155,8,1,0
BRDA:159,9,0,0
BRDA:159,9,1,0
BRDA:159,10,0,0
BRDA:159,10,1,0
BRDA:171,11,0,0
BRDA:171,11,1,0
BRDA:177,12,0,0
BRDA:177,12,1,0
BRDA:179,13,0,0
BRDA:179,13,1,0
BRF:28
BRH:0
end_of_record
TN:
SF:controllers/stat.controllers.js
FN:4,(anonymous_0)
FN:5,(anonymous_1)
FN:87,(anonymous_2)
FN:113,(anonymous_3)
FNF:4
FNH:0
FNDA:0,(anonymous_0)
FNDA:0,(anonymous_1)
FNDA:0,(anonymous_2)
FNDA:0,(anonymous_3)
DA:4,1
DA:5,0
DA:6,0
DA:7,0
DA:10,0
DA:11,0
DA:16,0
DA:39,0
DA:88,0
DA:114,0
DA:122,0
DA:164,0
LF:12
LH:1
BRDA:6,0,0,0
BRDA:6,0,1,0
BRF:2
BRH:0
end_of_record
TN:
SF:controllers/stock.controllers.js
FN:7,(anonymous_0)
FN:46,(anonymous_1)
FN:57,(anonymous_2)
FN:62,(anonymous_3)
FN:64,(anonymous_4)
FN:78,(anonymous_5)
FN:101,(anonymous_6)
FNF:7
FNH:7
FNDA:18,(anonymous_0)
FNDA:10,(anonymous_1)
FNDA:8,(anonymous_2)
FNDA:16,(anonymous_3)
FNDA:16,(anonymous_4)
FNDA:8,(anonymous_5)
FNDA:2,(anonymous_6)
DA:7,1
DA:8,18
DA:10,18
DA:15,18
DA:16,1
DA:25,17
DA:26,6
DA:27,6
DA:29,6
DA:30,3
DA:33,3
DA:36,11
DA:37,1
DA:45,10
DA:46,10
DA:47,10
DA:50,10
DA:52,10
DA:53,6
DA:57,4
DA:58,8
DA:59,8
DA:60,8
DA:62,8
DA:63,16
DA:64,16
DA:67,16
DA:68,16
DA:72,8
DA:76,4
DA:78,4
DA:79,8
DA:80,8
DA:83,4
DA:84,7
DA:85,1
DA:90,3
DA:91,3
DA:93,3
DA:94,1
DA:96,1
DA:97,3
DA:98,3
DA:101,1
DA:102,2
DA:104,2
DA:105,2
DA:111,3
DA:113,3
DA:114,3
DA:116,1
DA:120,3
DA:123,6
DA:124,6
DA:132,6
DA:134,0
LF:56
LH:55
BRDA:15,0,0,1
BRDA:15,0,1,17
BRDA:25,1,0,6
BRDA:25,1,1,11
BRDA:29,2,0,3
BRDA:29,2,1,3
BRDA:36,3,0,1
BRDA:36,3,1,10
BRDA:52,4,0,6
BRDA:52,4,1,4
BRDA:63,5,0,16
BRDA:63,5,1,0
BRDA:64,6,0,16
BRDA:64,6,1,8
BRDA:80,7,0,1
BRDA:80,7,1,7
BRDA:84,8,0,1
BRDA:84,8,1,6
BRDA:90,9,0,3
BRDA:90,9,1,2
BRDA:93,10,0,1
BRDA:93,10,1,2
BRDA:104,11,0,2
BRDA:104,11,1,0
BRDA:114,12,0,1
BRDA:114,12,1,2
BRF:26
BRH:24
end_of_record
TN:
SF:controllers/store.controllers.js
FN:10,(anonymous_0)
FN:48,(anonymous_1)
FN:98,(anonymous_2)
FN:106,(anonymous_3)
FN:210,(anonymous_4)
FN:235,(anonymous_5)
FN:255,(anonymous_6)
FNF:7
FNH:1
FNDA:2,(anonymous_0)
FNDA:0,(anonymous_1)
FNDA:0,(anonymous_2)
FNDA:0,(anonymous_3)
FNDA:0,(anonymous_4)
FNDA:0,(anonymous_5)
FNDA:0,(anonymous_6)
DA:10,1
DA:11,2
DA:12,2
DA:14,2
DA:16,2
DA:17,0
DA:20,2
DA:22,2
DA:26,2
DA:27,0
DA:35,2
DA:42,2
DA:44,0
DA:48,1
DA:49,0
DA:51,0
DA:52,0
DA:74,0
DA:75,0
DA:78,0
DA:79,0
DA:83,0
DA:84,0
DA:91,0
DA:93,0
DA:94,0
DA:98,1
DA:99,0
DA:100,0
DA:101,0
DA:102,0
DA:103,0
DA:104,0
DA:106,0
DA:107,0
DA:129,0
DA:136,0
DA:138,0
DA:139,0
DA:144,0
DA:162,0
DA:175,0
DA:176,0
DA:203,0
DA:205,0
DA:206,0
DA:210,1
DA:211,0
DA:212,0
DA:213,0
DA:215,0
DA:216,0
DA:219,0
DA:236,0
DA:244,0
DA:245,0
DA:254,0
DA:255,0
DA:256,0
DA:259,0
DA:261,0
DA:263,0
DA:264,0
LF:63
LH:13
BRDA:16,0,0,0
BRDA:16,0,1,2
BRDA:26,1,0,0
BRDA:26,1,1,2
BRDA:49,2,0,0
BRDA:49,2,1,0
BRDA:74,3,0,0
BRDA:74,3,1,0
BRDA:78,4,0,0
BRDA:78,4,1,0
BRDA:83,5,0,0
BRDA:83,5,1,0
BRDA:83,6,0,0
BRDA:83,6,1,0
BRDA:100,7,0,0
BRDA:100,7,1,0
BRDA:101,8,0,0
BRDA:101,8,1,0
BRDA:102,9,0,0
BRDA:102,9,1,0
BRDA:103,10,0,0
BRDA:103,10,1,0
BRDA:138,11,0,0
BRDA:138,11,1,0
BRDA:215,12,0,0
BRDA:215,12,1,0
BRDA:244,13,0,0
BRDA:244,13,1,0
BRF:28
BRH:2
end_of_record
TN:
SF:controllers/suspension.controllers.js
FN:9,(anonymous_0)
FN:163,(anonymous_1)
FNF:2
FNH:0
FNDA:0,(anonymous_0)
FNDA:0,(anonymous_1)
DA:9,1
DA:10,0
DA:11,0
DA:12,0
DA:13,0
DA:14,0
DA:17,0
DA:19,0
DA:20,0
DA:23,0
DA:52,0
DA:63,0
DA:64,0
DA:67,0
DA:68,0
DA:73,0
DA:74,0
DA:77,0
DA:79,0
DA:80,0
DA:90,0
DA:98,0
DA:107,0
DA:108,0
DA:111,0
DA:112,0
DA:113,0
DA:117,0
DA:119,0
DA:120,0
DA:121,0
DA:124,0
DA:126,0
DA:127,0
DA:128,0
DA:129,0
DA:131,0
DA:132,0
DA:133,0
DA:134,0
DA:136,0
DA:137,0
DA:144,0
DA:146,0
DA:147,0
DA:151,0
DA:155,0
DA:157,0
DA:159,0
DA:163,1
DA:164,0
DA:165,0
DA:166,0
DA:168,0
DA:169,0
DA:171,0
DA:172,0
DA:175,0
DA:182,0
DA:184,0
DA:192,0
DA:193,0
DA:201,0
DA:205,0
DA:207,0
LF:65
LH:2
BRDA:11,0,0,0
BRDA:11,0,1,0
BRDA:19,1,0,0
BRDA:19,1,1,0
BRDA:59,2,0,0
BRDA:59,2,1,0
BRDA:63,3,0,0
BRDA:63,3,1,0
BRDA:63,4,0,0
BRDA:63,4,1,0
BRDA:67,5,0,0
BRDA:67,5,1,0
BRDA:67,6,0,0
BRDA:67,6,1,0
BRDA:73,7,0,0
BRDA:73,7,1,0
BRDA:73,8,0,0
BRDA:73,8,1,0
BRDA:79,9,0,0
BRDA:79,9,1,0
BRDA:114,10,0,0
BRDA:114,10,1,0
BRDA:117,11,0,0
BRDA:117,11,1,0
BRDA:117,11,2,0
BRDA:136,12,0,0
BRDA:136,12,1,0
BRDA:138,13,0,0
BRDA:138,13,1,0
BRDA:146,14,0,0
BRDA:146,14,1,0
BRDA:151,15,0,0
BRDA:151,15,1,0
BRDA:164,16,0,0
BRDA:164,16,1,0
BRDA:168,17,0,0
BRDA:168,17,1,0
BRDA:171,18,0,0
BRDA:171,18,1,0
BRDA:182,19,0,0
BRDA:182,19,1,0
BRDA:182,20,0,0
BRDA:182,20,1,0
BRDA:187,21,0,0
BRDA:187,21,1,0
BRF:45
BRH:0
end_of_record
TN:
SF:controllers/transaction.controllers.js
FN:6,(anonymous_0)
FN:106,(anonymous_1)
FN:187,(anonymous_2)
FN:210,getTypeFilter
FNF:4
FNH:0
FNDA:0,(anonymous_0)
FNDA:0,(anonymous_1)
FNDA:0,(anonymous_2)
FNDA:0,getTypeFilter
DA:6,1
DA:7,0
DA:8,0
DA:9,0
DA:10,0
DA:11,0
DA:12,0
DA:13,0
DA:14,0
DA:16,0
DA:17,0
DA:22,0
DA:23,0
DA:25,0
DA:26,0
DA:30,0
DA:32,0
DA:33,0
DA:39,0
DA:41,0
DA:42,0
DA:58,0
DA:65,0
DA:66,0
DA:71,0
DA:77,0
DA:78,0
DA:93,0
DA:101,0
DA:102,0
DA:106,1
DA:110,0
DA:111,0
DA:113,0
DA:114,0
DA:136,0
DA:137,0
DA:145,0
DA:147,0
DA:148,0
DA:156,0
DA:158,0
DA:163,0
DA:168,0
DA:180,0
DA:182,0
DA:183,0
DA:187,1
DA:188,0
DA:190,0
DA:191,0
DA:203,0
DA:205,0
DA:206,0
DA:211,0
DA:213,0
DA:214,0
DA:218,0
DA:223,0
LF:59
LH:3
BRDA:11,0,0,0
BRDA:11,0,1,0
BRDA:12,1,0,0
BRDA:12,1,1,0
BRDA:13,2,0,0
BRDA:13,2,1,0
BRDA:16,3,0,0
BRDA:16,3,1,0
BRDA:16,4,0,0
BRDA:16,4,1,0
BRDA:22,5,0,0
BRDA:22,5,1,0
BRDA:22,6,0,0
BRDA:22,6,1,0
BRDA:25,7,0,0
BRDA:25,7,1,0
BRDA:32,8,0,0
BRDA:32,8,1,0
BRDA:32,9,0,0
BRDA:32,9,1,0
BRDA:41,10,0,0
BRDA:41,10,1,0
BRDA:65,11,0,0
BRDA:65,11,1,0
BRDA:111,12,0,0
BRDA:111,12,1,0
BRDA:136,13,0,0
BRDA:136,13,1,0
BRDA:147,14,0,0
BRDA:147,14,1,0
BRDA:147,15,0,0
BRDA:147,15,1,0
BRDA:158,16,0,0
BRDA:158,16,1,0
BRDA:159,17,0,0
BRDA:159,17,1,0
BRDA:159,17,2,0
BRDA:159,17,3,0
BRDA:159,17,4,0
BRDA:173,18,0,0
BRDA:173,18,1,0
BRDA:173,19,0,0
BRDA:173,19,1,0
BRDA:175,20,0,0
BRDA:175,20,1,0
BRDA:213,21,0,0
BRDA:213,21,1,0
BRF:47
BRH:0
end_of_record
TN:
SF:controllers/user.controllers.js
FN:11,(anonymous_0)
FN:58,(anonymous_1)
FN:100,(anonymous_2)
FN:128,(anonymous_3)
FN:150,(anonymous_4)
FN:158,(anonymous_5)
FN:174,(anonymous_6)
FNF:7
FNH:2
FNDA:0,(anonymous_0)
FNDA:0,(anonymous_1)
FNDA:0,(anonymous_2)
FNDA:0,(anonymous_3)
FNDA:0,(anonymous_4)
FNDA:2,(anonymous_5)
FNDA:2,(anonymous_6)
DA:11,1
DA:13,0
DA:14,0
DA:16,0
DA:22,0
DA:23,0
DA:26,0
DA:27,0
DA:29,0
DA:32,0
DA:33,0
DA:38,0
DA:41,0
DA:50,0
DA:52,0
DA:54,0
DA:58,1
DA:59,0
DA:60,0
DA:62,0
DA:63,0
DA:67,0
DA:69,0
DA:70,0
DA:73,0
DA:74,0
DA:76,0
DA:77,0
DA:81,0
DA:82,0
DA:85,0
DA:92,0
DA:94,0
DA:96,0
DA:100,1
DA:101,0
DA:103,0
DA:104,0
DA:107,0
DA:108,0
DA:116,0
DA:122,0
DA:124,0
DA:128,1
DA:130,0
DA:132,0
DA:133,0
DA:142,0
DA:146,0
DA:150,1
DA:151,0
DA:153,0
DA:158,1
DA:159,2
DA:161,2
DA:162,2
DA:168,2
DA:170,0
DA:174,1
DA:175,2
DA:177,2
DA:178,2
DA:187,2
DA:189,0
LF:64
LH:15
BRDA:22,0,0,0
BRDA:22,0,1,0
BRDA:29,1,0,0
BRDA:29,1,1,0
BRDA:46,2,0,0
BRDA:46,2,1,0
BRDA:47,3,0,0
BRDA:47,3,1,0
BRDA:62,4,0,0
BRDA:62,4,1,0
BRDA:69,5,0,0
BRDA:69,5,1,0
BRDA:76,6,0,0
BRDA:76,6,1,0
BRDA:103,7,0,0
BRDA:103,7,1,0
BRDA:159,8,0,2
BRDA:159,8,1,0
BRDA:175,9,0,2
BRDA:175,9,1,0
BRF:20
BRH:2
end_of_record
TN:
SF:lib/array.lib.js
FN:1,(anonymous_0)
FN:8,(anonymous_1)
FNF:2
FNH:2
FNDA:2,(anonymous_0)
FNDA:6,(anonymous_1)
DA:1,1
DA:2,2
DA:3,0
DA:6,2
DA:8,2
DA:9,6
DA:12,2
LF:7
LH:6
BRDA:2,0,0,0
BRDA:2,0,1,2
BRDA:9,1,0,6
BRDA:9,1,1,0
BRF:4
BRH:2
end_of_record
TN:
SF:lib/cart.lib.js
FN:1,(anonymous_0)
FN:2,(anonymous_1)
FNF:2
FNH:0
FNDA:0,(anonymous_0)
FNDA:0,(anonymous_1)
DA:1,1
DA:2,0
LF:2
LH:1
BRF:0
BRH:0
end_of_record
TN:
SF:lib/chat.lib.js
FN:2,(anonymous_0)
FN:9,(anonymous_1)
FNF:2
FNH:0
FNDA:0,(anonymous_0)
FNDA:0,(anonymous_1)
DA:2,1
DA:3,0
DA:10,0
LF:3
LH:1
BRF:0
BRH:0
end_of_record
TN:
SF:lib/data-source.lib.js
FNF:0
FNH:0
DA:1,1
DA:14,1
DA:30,1
DA:36,1
DA:86,1
DA:97,1
DA:118,1
DA:130,1
DA:161,1
LF:9
LH:9
BRF:0
BRH:0
end_of_record
TN:
SF:lib/delivery.lib.js
FN:3,(anonymous_0)
FN:12,(anonymous_1)
FN:13,(anonymous_2)
FN:21,(anonymous_3)
FNF:4
FNH:0
FNDA:0,(anonymous_0)
FNDA:0,(anonymous_1)
FNDA:0,(anonymous_2)
FNDA:0,(anonymous_3)
DA:1,1
DA:3,1
DA:4,0
DA:8,0
DA:11,0
DA:12,0
DA:13,0
DA:15,0
DA:18,0
DA:21,1
DA:22,0
DA:26,0
DA:29,0
LF:13
LH:3
BRDA:4,0,0,0
BRDA:4,0,1,0
BRDA:5,1,0,0
BRDA:5,1,1,0
BRDA:11,2,0,0
BRDA:11,2,1,0
BRDA:12,3,0,0
BRDA:12,3,1,0
BRDA:22,4,0,0
BRDA:22,4,1,0
BRDA:23,5,0,0
BRDA:23,5,1,0
BRF:12
BRH:0
end_of_record
TN:
SF:lib/email.lib.js
FN:6,(anonymous_0)
FNF:1
FNH:1
FNDA:2,(anonymous_0)
DA:6,1
DA:7,2
DA:9,2
DA:10,2
DA:11,2
DA:13,2
DA:14,2
DA:19,2
DA:23,2
DA:25,2
DA:40,2
DA:46,0
LF:12
LH:11
BRF:0
BRH:0
end_of_record
TN:
SF:lib/errors.lib.js
FN:3,(anonymous_0)
FNF:1
FNH:0
FNDA:0,(anonymous_0)
DA:3,1
DA:4,0
DA:5,0
LF:3
LH:1
BRDA:4,0,0,0
BRDA:4,0,1,0
BRF:2
BRH:0
end_of_record
TN:
SF:lib/image.lib.js
FN:3,(anonymous_0)
FN:17,(anonymous_1)
FN:21,(anonymous_2)
FN:31,(anonymous_3)
FNF:4
FNH:3
FNDA:11,(anonymous_0)
FNDA:5,(anonymous_1)
FNDA:10,(anonymous_2)
FNDA:0,(anonymous_3)
DA:3,1
DA:4,11
DA:6,11
DA:7,11
DA:14,11
DA:17,1
DA:18,5
DA:19,5
DA:21,5
DA:23,10
DA:24,10
DA:25,10
DA:28,5
DA:31,1
DA:32,0
DA:33,0
DA:34,0
DA:36,0
LF:18
LH:14
BRF:0
BRH:0
end_of_record
TN:
SF:lib/prisma.lib.js
FNF:0
FNH:0
DA:3,1
LF:1
LH:1
BRF:0
BRH:0
end_of_record
TN:
SF:lib/stock.lib.js
FN:1,(anonymous_0)
FNF:1
FNH:1
FNDA:8,(anonymous_0)
DA:1,1
DA:2,8
DA:4,8
DA:5,8
DA:8,8
LF:5
LH:5
BRF:0
BRH:0
end_of_record
TN:
SF:lib/strings.lib.js
FN:1,(anonymous_0)
FN:4,(anonymous_1)
FN:11,(anonymous_2)
FN:16,(anonymous_3)
FN:19,(anonymous_4)
FNF:5
FNH:5
FNDA:8,(anonymous_0)
FNDA:53,(anonymous_1)
FNDA:8,(anonymous_2)
FNDA:2,(anonymous_3)
FNDA:4,(anonymous_4)
DA:1,1
DA:2,8
DA:4,8
DA:5,53
DA:8,8
DA:11,1
DA:12,8
DA:13,8
DA:16,1
DA:17,2
DA:19,4
LF:11
LH:11
BRDA:5,0,0,36
BRDA:5,0,1,17
BRDA:11,1,0,0
BRDA:16,2,0,0
BRF:4
BRH:2
end_of_record
TN:
SF:lib/verification.lib.js
FN:1,(anonymous_0)
FNF:1
FNH:1
FNDA:4,(anonymous_0)
DA:1,1
DA:2,4
DA:4,4
DA:6,4
DA:7,32
DA:10,4
LF:6
LH:6
BRF:0
BRH:0
end_of_record
TN:
SF:middleware/auth.middleware.js
FN:6,(anonymous_0)
FNF:1
FNH:1
FNDA:41,(anonymous_0)
DA:6,1
DA:7,41
DA:8,41
DA:9,41
DA:10,41
DA:12,41
DA:13,0
DA:16,41
DA:17,41
DA:19,41
DA:20,41
DA:22,41
DA:24,41
DA:44,41
DA:45,0
DA:48,41
DA:53,0
DA:58,41
DA:60,0
DA:65,41
DA:67,0
DA:75,41
DA:80,0
DA:88,41
DA:92,0
DA:100,41
DA:104,0
DA:112,41
DA:114,0
DA:117,0
DA:118,0
DA:120,0
DA:121,0
DA:122,0
DA:125,0
DA:128,41
LF:36
LH:21
BRDA:12,0,0,0
BRDA:12,0,1,41
BRDA:17,1,0,41
BRDA:17,1,1,0
BRDA:22,2,0,41
BRDA:22,2,1,0
BRDA:40,3,0,41
BRDA:40,3,1,36
BRDA:44,4,0,0
BRDA:44,4,1,41
BRDA:48,5,0,0
BRDA:48,5,1,41
BRDA:49,6,0,41
BRDA:49,6,1,0
BRDA:50,7,0,0
BRDA:50,7,1,0
BRDA:58,8,0,0
BRDA:58,8,1,41
BRDA:58,9,0,41
BRDA:58,9,1,0
BRDA:65,10,0,0
BRDA:65,10,1,41
BRDA:65,11,0,41
BRDA:65,11,1,5
BRDA:75,12,0,0
BRDA:75,12,1,41
BRDA:76,13,0,41
BRDA:76,13,1,0
BRDA:88,14,0,0
BRDA:88,14,1,41
BRDA:89,15,0,41
BRDA:89,15,1,5
BRDA:100,16,0,0
BRDA:100,16,1,41
BRDA:101,17,0,41
BRDA:101,17,1,2
BRDA:101,17,2,2
BRDA:120,18,0,0
BRDA:120,18,1,0
BRF:39
BRH:22
end_of_record
TN:
SF:middleware/business.middleware.js
FN:4,(anonymous_0)
FNF:1
FNH:1
FNDA:1,(anonymous_0)
DA:4,1
DA:5,1
DA:7,1
DA:8,1
DA:24,1
DA:25,0
DA:28,1
DA:29,1
DA:31,0
LF:9
LH:7
BRDA:20,0,0,1
BRDA:20,0,1,0
BRDA:24,1,0,0
BRDA:24,1,1,1
BRF:4
BRH:2
end_of_record
TN:
SF:middleware/error.middleware.js
FN:1,(anonymous_0)
FNF:1
FNH:1
FNDA:21,(anonymous_0)
DA:1,1
DA:2,21
DA:4,21
DA:5,0
DA:8,21
LF:5
LH:4
BRDA:4,0,0,0
BRDA:4,0,1,21
BRDA:8,1,0,21
BRDA:8,1,1,0
BRDA:9,2,0,21
BRDA:9,2,1,0
BRF:6
BRH:3
end_of_record
TN:
SF:middleware/feedback.middleware.js
FN:4,(anonymous_0)
FNF:1
FNH:0
FNDA:0,(anonymous_0)
DA:4,1
DA:5,0
DA:6,0
DA:7,0
DA:9,0
DA:26,0
DA:27,0
DA:38,0
DA:39,0
DA:43,0
DA:44,0
DA:50,0
DA:54,0
DA:60,0
DA:72,0
DA:73,0
DA:86,0
DA:87,0
DA:89,0
DA:90,0
LF:20
LH:1
BRDA:34,0,0,0
BRDA:34,0,1,0
BRDA:38,1,0,0
BRDA:38,1,1,0
BRDA:43,2,0,0
BRDA:43,2,1,0
BRDA:43,3,0,0
BRDA:43,3,1,0
BRDA:50,4,0,0
BRDA:50,4,1,0
BRDA:51,5,0,0
BRDA:51,5,1,0
BRDA:51,5,2,0
BRDA:51,5,3,0
BRDA:72,6,0,0
BRDA:72,6,1,0
BRDA:76,7,0,0
BRDA:76,7,1,0
BRDA:80,8,0,0
BRDA:80,8,1,0
BRF:20
BRH:0
end_of_record
TN:
SF:middleware/message.middleware.js
FN:4,(anonymous_0)
FN:38,(anonymous_1)
FN:55,(anonymous_2)
FNF:3
FNH:0
FNDA:0,(anonymous_0)
FNDA:0,(anonymous_1)
FNDA:0,(anonymous_2)
DA:4,1
DA:5,0
DA:6,0
DA:8,0
DA:9,0
DA:25,0
DA:26,0
DA:29,0
DA:31,0
DA:36,0
DA:38,0
DA:39,0
DA:48,0
DA:49,0
DA:51,0
DA:55,1
DA:56,0
DA:57,0
DA:59,0
DA:60,0
DA:70,0
DA:71,0
DA:74,0
DA:75,0
DA:77,0
LF:25
LH:2
BRDA:6,0,0,0
BRDA:6,0,1,0
BRDA:25,1,0,0
BRDA:25,1,1,0
BRDA:29,2,0,0
BRDA:29,2,1,0
BRDA:36,3,0,0
BRDA:36,3,1,0
BRDA:38,4,0,0
BRDA:38,4,1,0
BRDA:57,5,0,0
BRDA:57,5,1,0
BRDA:70,6,0,0
BRDA:70,6,1,0
BRDA:70,7,0,0
BRDA:70,7,1,0
BRF:16
BRH:0
end_of_record
TN:
SF:middleware/multer.middleware.js
FN:10,(anonymous_0)
FN:16,(anonymous_1)
FNF:2
FNH:2
FNDA:7,(anonymous_0)
FNDA:11,(anonymous_1)
DA:4,1
DA:10,1
DA:12,7
DA:17,11
DA:18,0
DA:26,11
DA:30,7
LF:7
LH:6
BRDA:10,0,0,7
BRDA:17,1,0,0
BRDA:17,1,1,11
BRF:3
BRH:2
end_of_record
TN:
SF:middleware/order.middleware.js
FN:4,(anonymous_0)
FNF:1
FNH:0
FNDA:0,(anonymous_0)
DA:4,1
DA:5,0
DA:7,0
DA:8,0
DA:15,0
DA:16,0
DA:19,0
DA:20,0
DA:22,0
LF:9
LH:1
BRDA:5,0,0,0
BRDA:5,0,1,0
BRDA:15,1,0,0
BRDA:15,1,1,0
BRF:4
BRH:0
end_of_record
TN:
SF:middleware/product.middleware.js
FN:4,(anonymous_0)
FNF:1
FNH:1
FNDA:28,(anonymous_0)
DA:4,1
DA:5,28
DA:6,28
DA:8,28
DA:10,28
DA:25,28
DA:26,0
DA:29,28
DA:31,28
DA:32,0
DA:41,28
DA:42,28
DA:44,0
DA:45,0
LF:14
LH:10
BRDA:6,0,0,28
BRDA:6,0,1,0
BRDA:21,1,0,28
BRDA:21,1,1,0
BRDA:25,2,0,0
BRDA:25,2,1,28
BRDA:25,3,0,28
BRDA:25,3,1,28
BRDA:29,4,0,28
BRDA:29,4,1,0
BRDA:31,5,0,0
BRDA:31,5,1,28
BRF:12
BRH:7
end_of_record
TN:
SF:models/http-error.models.js
FN:2,(anonymous_0)
FNF:1
FNH:1
FNDA:21,(anonymous_0)
DA:3,21
DA:4,21
LF:2
LH:2
BRF:0
BRH:0
end_of_record
TN:
SF:routes/account.routes.js
FN:15,(anonymous_0)
FN:27,(anonymous_1)
FNF:2
FNH:0
FNDA:0,(anonymous_0)
FNDA:0,(anonymous_1)
DA:11,1
DA:13,1
DA:16,0
DA:20,0
DA:25,1
DA:28,0
DA:31,0
DA:36,1
DA:38,1
LF:9
LH:5
BRF:0
BRH:0
end_of_record
TN:
SF:routes/address.routes.js
FN:6,(anonymous_0)
FN:11,(anonymous_1)
FNF:2
FNH:1
FNDA:1,(anonymous_0)
FNDA:0,(anonymous_1)
DA:6,1
DA:7,1
DA:9,1
DA:12,0
DA:13,0
DA:28,0
DA:33,1
LF:7
LH:4
BRF:0
BRH:0
end_of_record
TN:
SF:routes/auth.routes.js
FNF:0
FNH:0
DA:5,1
DA:7,1
DA:9,1
LF:3
LH:3
BRF:0
BRH:0
end_of_record
TN:
SF:routes/business.routes.js
FN:16,(anonymous_0)
FN:23,(anonymous_1)
FN:44,(anonymous_2)
FN:54,(anonymous_3)
FN:68,(anonymous_4)
FN:73,(anonymous_5)
FN:97,(anonymous_6)
FN:109,(anonymous_7)
FNF:8
FNH:3
FNDA:1,(anonymous_0)
FNDA:0,(anonymous_1)
FNDA:0,(anonymous_2)
FNDA:0,(anonymous_3)
FNDA:1,(anonymous_4)
FNDA:1,(anonymous_5)
FNDA:0,(anonymous_6)
FNDA:0,(anonymous_7)
DA:16,1
DA:17,1
DA:19,1
DA:21,1
DA:24,0
DA:37,0
DA:42,1
DA:45,0
DA:46,0
DA:51,1
DA:55,0
DA:61,0
DA:66,1
DA:69,1
DA:70,1
DA:71,1
DA:74,1
DA:89,1
DA:94,1
DA:98,0
DA:99,0
DA:102,0
DA:107,1
DA:110,0
DA:111,0
DA:116,1
LF:26
LH:15
BRF:0
BRH:0
end_of_record
TN:
SF:routes/cart.routes.js
FN:16,(anonymous_0)
FN:25,(anonymous_1)
FN:41,(anonymous_2)
FN:57,(anonymous_3)
FN:78,(anonymous_4)
FNF:5
FNH:0
FNDA:0,(anonymous_0)
FNDA:0,(anonymous_1)
FNDA:0,(anonymous_2)
FNDA:0,(anonymous_3)
FNDA:0,(anonymous_4)
DA:12,1
DA:14,1
DA:17,0
DA:18,0
DA:23,1
DA:26,0
DA:27,0
DA:34,0
DA:39,1
DA:42,0
DA:43,0
DA:50,0
DA:55,1
DA:58,0
DA:59,0
DA:71,0
DA:76,1
DA:79,0
DA:80,0
DA:123,0
LF:20
LH:6
BRF:0
BRH:0
end_of_record
TN:
SF:routes/category.routes.js
FN:14,(anonymous_0)
FN:19,(anonymous_1)
FN:30,(anonymous_2)
FN:34,(anonymous_3)
FN:42,(anonymous_4)
FN:52,(anonymous_5)
FN:61,(anonymous_6)
FN:70,(anonymous_7)
FNF:8
FNH:1
FNDA:1,(anonymous_0)
FNDA:0,(anonymous_1)
FNDA:0,(anonymous_2)
FNDA:0,(anonymous_3)
FNDA:0,(anonymous_4)
FNDA:0,(anonymous_5)
FNDA:0,(anonymous_6)
FNDA:0,(anonymous_7)
DA:14,1
DA:15,1
DA:17,1
DA:20,0
DA:21,0
DA:26,1
DA:28,1
DA:31,0
DA:32,0
DA:35,0
DA:36,0
DA:40,1
DA:43,0
DA:44,0
DA:45,0
DA:50,1
DA:53,0
DA:54,0
DA:59,1
DA:62,0
DA:63,0
DA:68,1
DA:71,0
DA:72,0
DA:77,1
LF:25
LH:10
BRF:0
BRH:0
end_of_record
TN:
SF:routes/chat.routes.js
FN:11,(anonymous_0)
FN:14,(anonymous_1)
FN:19,(anonymous_2)
FN:30,(anonymous_3)
FNF:4
FNH:1
FNDA:1,(anonymous_0)
FNDA:0,(anonymous_1)
FNDA:0,(anonymous_2)
FNDA:0,(anonymous_3)
DA:11,1
DA:12,1
DA:14,1
DA:15,0
DA:16,0
DA:19,1
DA:20,0
DA:21,0
DA:24,1
DA:28,1
DA:31,0
DA:32,0
DA:37,1
LF:13
LH:7
BRF:0
BRH:0
end_of_record
TN:
SF:routes/delivery.routes.js
FN:13,(anonymous_0)
FN:18,(anonymous_1)
FN:22,(anonymous_2)
FN:30,(anonymous_3)
FN:39,(anonymous_4)
FN:50,(anonymous_5)
FN:59,(anonymous_6)
FNF:7
FNH:1
FNDA:1,(anonymous_0)
FNDA:0,(anonymous_1)
FNDA:0,(anonymous_2)
FNDA:0,(anonymous_3)
FNDA:0,(anonymous_4)
FNDA:0,(anonymous_5)
FNDA:0,(anonymous_6)
DA:13,1
DA:14,1
DA:16,1
DA:19,0
DA:20,0
DA:23,0
DA:24,0
DA:28,1
DA:31,0
DA:32,0
DA:37,1
DA:40,0
DA:41,0
DA:46,1
DA:48,1
DA:51,0
DA:52,0
DA:57,1
DA:60,0
DA:61,0
DA:62,0
DA:67,1
LF:22
LH:9
BRF:0
BRH:0
end_of_record
TN:
SF:routes/image.routes.js
FNF:0
FNH:0
DA:5,1
DA:7,1
LF:2
LH:2
BRF:0
BRH:0
end_of_record
TN:
SF:routes/message.routes.js
FN:16,(anonymous_0)
FN:23,(anonymous_1)
FN:34,(anonymous_2)
FN:45,(anonymous_3)
FN:57,(anonymous_4)
FN:66,(anonymous_5)
FN:74,(anonymous_6)
FNF:7
FNH:1
FNDA:1,(anonymous_0)
FNDA:0,(anonymous_1)
FNDA:0,(anonymous_2)
FNDA:0,(anonymous_3)
FNDA:0,(anonymous_4)
FNDA:0,(anonymous_5)
FNDA:0,(anonymous_6)
DA:16,1
DA:17,1
DA:19,1
DA:24,0
DA:25,0
DA:26,0
DA:31,1
DA:35,0
DA:36,0
DA:37,0
DA:42,1
DA:46,0
DA:55,0
DA:58,0
DA:59,0
DA:63,1
DA:67,0
DA:72,0
DA:75,0
DA:76,0
DA:80,1
LF:21
LH:7
BRF:0
BRH:0
end_of_record
TN:
SF:routes/notification.routes.js
FN:12,(anonymous_0)
FN:15,(anonymous_1)
FNF:2
FNH:1
FNDA:1,(anonymous_0)
FNDA:0,(anonymous_1)
DA:12,1
DA:13,1
DA:15,1
DA:16,0
DA:17,0
DA:20,1
DA:22,1
DA:24,1
DA:26,1
DA:28,1
LF:10
LH:8
BRF:0
BRH:0
end_of_record
TN:
SF:routes/order.routes.js
FN:15,(anonymous_0)
FN:20,(anonymous_1)
FN:31,(anonymous_2)
FN:39,(anonymous_3)
FN:55,(anonymous_4)
FN:71,(anonymous_5)
FN:101,(anonymous_6)
FN:110,(anonymous_7)
FN:130,(anonymous_8)
FN:150,(anonymous_9)
FN:159,(anonymous_10)
FNF:11
FNH:1
FNDA:1,(anonymous_0)
FNDA:0,(anonymous_1)
FNDA:0,(anonymous_2)
FNDA:0,(anonymous_3)
FNDA:0,(anonymous_4)
FNDA:0,(anonymous_5)
FNDA:0,(anonymous_6)
FNDA:0,(anonymous_7)
FNDA:0,(anonymous_8)
FNDA:0,(anonymous_9)
FNDA:0,(anonymous_10)
DA:15,1
DA:16,1
DA:18,1
DA:21,0
DA:22,0
DA:29,0
DA:32,0
DA:33,0
DA:37,1
DA:40,0
DA:48,0
DA:53,1
DA:56,0
DA:63,0
DA:68,1
DA:72,0
DA:99,0
DA:102,0
DA:103,0
DA:107,1
DA:111,0
DA:122,0
DA:127,1
DA:131,0
DA:148,0
DA:151,0
DA:152,0
DA:156,1
DA:160,0
DA:161,0
DA:178,0
DA:183,1
LF:32
LH:10
BRF:0
BRH:0
end_of_record
TN:
SF:routes/product-variation.routes.js
FN:11,(anonymous_0)
FNF:1
FNH:1
FNDA:10,(anonymous_0)
DA:6,1
DA:8,1
DA:12,10
DA:13,10
DA:16,10
LF:5
LH:5
BRF:0
BRH:0
end_of_record
TN:
SF:routes/product.routes.js
FN:16,(anonymous_0)
FN:21,(anonymous_1)
FN:50,(anonymous_2)
FN:69,(anonymous_3)
FN:80,(anonymous_4)
FN:90,(anonymous_5)
FN:100,(anonymous_6)
FN:104,(anonymous_7)
FNF:8
FNH:2
FNDA:1,(anonymous_0)
FNDA:5,(anonymous_1)
FNDA:0,(anonymous_2)
FNDA:0,(anonymous_3)
FNDA:0,(anonymous_4)
FNDA:0,(anonymous_5)
FNDA:0,(anonymous_6)
FNDA:0,(anonymous_7)
DA:16,1
DA:17,1
DA:19,1
DA:22,5
DA:41,5
DA:42,5
DA:48,1
DA:51,0
DA:59,0
DA:64,1
DA:66,1
DA:70,0
DA:71,0
DA:76,1
DA:81,0
DA:82,0
DA:87,1
DA:91,0
DA:92,0
DA:97,1
DA:101,0
DA:102,0
DA:105,0
DA:106,0
DA:110,1
LF:25
LH:13
BRF:0
BRH:0
end_of_record
TN:
SF:routes/rating.routes.js
FN:10,(anonymous_0)
FN:15,(anonymous_1)
FN:19,(anonymous_2)
FN:26,(anonymous_3)
FN:32,(anonymous_4)
FNF:5
FNH:1
FNDA:1,(anonymous_0)
FNDA:0,(anonymous_1)
FNDA:0,(anonymous_2)
FNDA:0,(anonymous_3)
FNDA:0,(anonymous_4)
DA:10,1
DA:11,1
DA:13,1
DA:16,0
DA:17,0
DA:20,0
DA:24,0
DA:27,0
DA:28,0
DA:32,1
DA:33,0
DA:34,0
DA:37,1
LF:13
LH:5
BRF:0
BRH:0
end_of_record
TN:
SF:routes/rec.routes.js
FN:5,(anonymous_0)
FNF:1
FNH:1
FNDA:1,(anonymous_0)
DA:5,1
DA:6,1
DA:8,1
DA:10,1
LF:4
LH:4
BRF:0
BRH:0
end_of_record
TN:
SF:routes/receipt.routes.js
FNF:0
FNH:0
DA:5,1
DA:7,1
LF:2
LH:2
BRF:0
BRH:0
end_of_record
TN:
SF:routes/reply.routes.js
FN:11,(anonymous_0)
FN:18,(anonymous_1)
FN:26,(anonymous_2)
FNF:3
FNH:1
FNDA:1,(anonymous_0)
FNDA:0,(anonymous_1)
FNDA:0,(anonymous_2)
DA:11,1
DA:12,1
DA:14,1
DA:19,0
DA:20,0
DA:24,1
DA:26,1
DA:27,0
DA:28,0
DA:31,1
LF:10
LH:6
BRF:0
BRH:0
end_of_record
TN:
SF:routes/report.routes.js
FN:11,(anonymous_0)
FN:16,(anonymous_1)
FN:32,(anonymous_2)
FN:41,(anonymous_3)
FN:50,(anonymous_4)
FNF:5
FNH:1
FNDA:1,(anonymous_0)
FNDA:0,(anonymous_1)
FNDA:0,(anonymous_2)
FNDA:0,(anonymous_3)
FNDA:0,(anonymous_4)
DA:11,1
DA:12,1
DA:14,1
DA:17,0
DA:18,0
DA:25,0
DA:30,1
DA:33,0
DA:34,0
DA:39,1
DA:42,0
DA:43,0
DA:48,1
DA:51,0
DA:52,0
DA:57,1
LF:16
LH:7
BRF:0
BRH:0
end_of_record
TN:
SF:routes/review.routes.js
FN:11,(anonymous_0)
FN:16,(anonymous_1)
FN:22,(anonymous_2)
FN:30,(anonymous_3)
FNF:4
FNH:1
FNDA:1,(anonymous_0)
FNDA:0,(anonymous_1)
FNDA:0,(anonymous_2)
FNDA:0,(anonymous_3)
DA:11,1
DA:12,1
DA:14,1
DA:17,0
DA:18,0
DA:23,0
DA:24,0
DA:28,1
DA:30,1
DA:31,0
DA:32,0
DA:35,1
LF:12
LH:6
BRF:0
BRH:0
end_of_record
TN:
SF:routes/stat.routes.js
FN:6,(anonymous_0)
FN:11,(anonymous_1)
FNF:2
FNH:1
FNDA:1,(anonymous_0)
FNDA:0,(anonymous_1)
DA:6,1
DA:7,1
DA:9,1
DA:12,0
DA:13,0
DA:18,1
LF:6
LH:4
BRF:0
BRH:0
end_of_record
TN:
SF:routes/stock.routes.js
FN:12,(anonymous_0)
FNF:1
FNH:1
FNDA:18,(anonymous_0)
DA:7,1
DA:9,1
DA:13,18
DA:14,18
DA:18,18
LF:5
LH:5
BRF:0
BRH:0
end_of_record
TN:
SF:routes/store.routes.js
FN:11,(anonymous_0)
FN:16,(anonymous_1)
FN:27,(anonymous_2)
FN:38,(anonymous_3)
FN:53,(anonymous_4)
FNF:5
FNH:2
FNDA:1,(anonymous_0)
FNDA:2,(anonymous_1)
FNDA:0,(anonymous_2)
FNDA:0,(anonymous_3)
FNDA:0,(anonymous_4)
DA:11,1
DA:12,1
DA:14,1
DA:17,2
DA:18,2
DA:23,1
DA:25,1
DA:28,0
DA:31,0
DA:36,1
DA:39,0
DA:51,0
DA:54,0
DA:55,0
DA:59,1
LF:15
LH:9
BRF:0
BRH:0
end_of_record
TN:
SF:routes/suspension.routes.js
FN:9,(anonymous_0)
FN:14,(anonymous_1)
FN:24,(anonymous_2)
FNF:3
FNH:1
FNDA:1,(anonymous_0)
FNDA:0,(anonymous_1)
FNDA:0,(anonymous_2)
DA:9,1
DA:10,1
DA:12,1
DA:15,0
DA:16,0
DA:17,0
DA:22,1
DA:25,0
DA:26,0
DA:31,1
LF:10
LH:5
BRF:0
BRH:0
end_of_record
TN:
SF:routes/transaction.routes.js
FN:9,(anonymous_0)
FN:14,(anonymous_1)
FN:31,(anonymous_2)
FNF:3
FNH:1
FNDA:1,(anonymous_0)
FNDA:0,(anonymous_1)
FNDA:0,(anonymous_2)
DA:9,1
DA:10,1
DA:12,1
DA:15,0
DA:22,0
DA:27,1
DA:29,1
DA:32,0
DA:39,0
DA:44,1
LF:10
LH:6
BRF:0
BRH:0
end_of_record
TN:
SF:routes/user.routes.js
FN:22,(anonymous_0)
FN:37,(anonymous_1)
FN:52,(anonymous_2)
FN:61,(anonymous_3)
FNF:4
FNH:2
FNDA:0,(anonymous_0)
FNDA:0,(anonymous_1)
FNDA:2,(anonymous_2)
FNDA:2,(anonymous_3)
DA:16,1
DA:18,1
DA:20,1
DA:23,0
DA:26,0
DA:31,1
DA:33,1
DA:35,1
DA:38,0
DA:43,0
DA:50,1
DA:53,2
DA:54,2
DA:59,1
DA:62,2
DA:63,2
LF:16
LH:12
BRF:0
BRH:0
end_of_record
TN:
SF:validators/account.validators.js
FN:5,(anonymous_0)
FN:20,(anonymous_1)
FN:34,(anonymous_2)
FN:51,(anonymous_3)
FNF:4
FNH:0
FNDA:0,(anonymous_0)
FNDA:0,(anonymous_1)
FNDA:0,(anonymous_2)
FNDA:0,(anonymous_3)
DA:5,1
DA:8,0
DA:9,0
DA:13,0
DA:15,0
DA:16,0
DA:20,1
DA:21,0
DA:23,0
DA:24,0
DA:27,0
DA:28,0
DA:31,0
DA:34,1
DA:35,0
DA:36,0
DA:37,0
DA:38,0
DA:40,0
DA:41,0
DA:44,0
DA:47,1
DA:51,1
DA:52,0
LF:24
LH:5
BRDA:8,0,0,0
BRDA:8,0,1,0
BRDA:15,1,0,0
BRDA:15,1,1,0
BRDA:23,2,0,0
BRDA:23,2,1,0
BRDA:27,3,0,0
BRDA:27,3,1,0
BRDA:40,4,0,0
BRDA:40,4,1,0
BRF:10
BRH:0
end_of_record
TN:
SF:validators/address.validators.js
FN:42,(anonymous_0)
FNF:1
FNH:0
FNDA:0,(anonymous_0)
DA:4,1
DA:42,1
DA:43,0
LF:3
LH:2
BRF:0
BRH:0
end_of_record
TN:
SF:validators/base.validators.js
FN:3,(anonymous_0)
FNF:1
FNH:1
FNDA:46,(anonymous_0)
DA:3,1
DA:4,46
DA:6,46
DA:7,5
LF:4
LH:4
BRDA:6,0,0,5
BRDA:6,0,1,41
BRF:2
BRH:2
end_of_record
TN:
SF:validators/business.validators.js
FN:24,(anonymous_0)
FN:28,(anonymous_1)
FN:36,(anonymous_2)
FNF:3
FNH:2
FNDA:1,(anonymous_0)
FNDA:0,(anonymous_1)
FNDA:1,(anonymous_2)
DA:5,1
DA:12,1
DA:15,1
DA:24,1
DA:25,1
DA:28,1
DA:29,0
DA:33,0
DA:36,1
DA:37,1
LF:10
LH:8
BRF:0
BRH:0
end_of_record
TN:
SF:validators/cart.validators.js
FN:14,(anonymous_0)
FNF:1
FNH:0
FNDA:0,(anonymous_0)
DA:5,1
DA:6,1
DA:9,1
DA:14,1
DA:15,0
LF:5
LH:4
BRDA:17,0,0,0
BRDA:17,0,1,0
BRF:2
BRH:0
end_of_record
TN:
SF:validators/category.validators.js
FN:12,(anonymous_0)
FN:16,(anonymous_1)
FNF:2
FNH:0
FNDA:0,(anonymous_0)
FNDA:0,(anonymous_1)
DA:5,1
DA:8,1
DA:12,1
DA:13,0
DA:16,1
DA:17,0
LF:6
LH:4
BRF:0
BRH:0
end_of_record
TN:
SF:validators/message.validators.js
FN:5,(anonymous_0)
FN:11,(anonymous_1)
FNF:2
FNH:0
FNDA:0,(anonymous_0)
FNDA:0,(anonymous_1)
DA:5,1
DA:6,0
DA:11,1
DA:13,0
LF:4
LH:2
BRDA:7,0,0,0
BRDA:7,0,1,0
BRF:2
BRH:0
end_of_record
TN:
SF:validators/notification.validators.js
FN:11,(anonymous_0)
FNF:1
FNH:0
FNDA:0,(anonymous_0)
DA:5,1
DA:11,1
DA:12,0
LF:3
LH:2
BRF:0
BRH:0
end_of_record
TN:
SF:validators/order.validators.js
FN:20,(anonymous_0)
FN:28,(anonymous_1)
FNF:2
FNH:0
FNDA:0,(anonymous_0)
FNDA:0,(anonymous_1)
DA:6,1
DA:9,1
DA:13,1
DA:20,1
DA:21,0
DA:22,0
DA:25,0
DA:28,1
DA:29,0
LF:9
LH:5
BRDA:21,0,0,0
BRDA:21,0,1,0
BRF:2
BRH:0
end_of_record
TN:
SF:validators/product-variation.validators.js
FN:11,(anonymous_0)
FN:15,(anonymous_1)
FN:19,(anonymous_2)
FNF:3
FNH:3
FNDA:2,(anonymous_0)
FNDA:6,(anonymous_1)
FNDA:2,(anonymous_2)
DA:4,1
DA:7,1
DA:11,1
DA:12,2
DA:15,1
DA:16,6
DA:19,1
DA:21,2
DA:22,0
DA:25,2
DA:26,0
DA:29,2
DA:30,2
DA:35,2
DA:37,2
DA:38,0
DA:42,2
DA:43,0
DA:46,2
DA:47,0
DA:51,2
DA:52,6
DA:54,6
DA:55,0
LF:24
LH:18
BRDA:21,0,0,0
BRDA:21,0,1,2
BRDA:25,1,0,0
BRDA:25,1,1,2
BRDA:37,2,0,0
BRDA:37,2,1,2
BRDA:42,3,0,0
BRDA:42,3,1,2
BRDA:46,4,0,0
BRDA:46,4,1,2
BRDA:54,5,0,0
BRDA:54,5,1,6
BRF:12
BRH:6
end_of_record
TN:
SF:validators/product.validators.js
FN:18,(anonymous_0)
FNF:1
FNH:1
FNDA:5,(anonymous_0)
DA:5,1
DA:6,1
DA:18,1
DA:19,5
DA:23,5
DA:24,4
DA:26,4
DA:27,0
DA:31,5
LF:9
LH:8
BRDA:23,0,0,4
BRDA:23,0,1,1
BRDA:26,1,0,0
BRDA:26,1,1,4
BRF:4
BRH:3
end_of_record
TN:
SF:validators/rating.validators.js
FN:16,(anonymous_0)
FNF:1
FNH:0
FNDA:0,(anonymous_0)
DA:6,1
DA:16,1
DA:17,0
LF:3
LH:2
BRF:0
BRH:0
end_of_record
TN:
SF:validators/reply.validators.js
FN:11,(anonymous_0)
FNF:1
FNH:0
FNDA:0,(anonymous_0)
DA:6,1
DA:11,1
DA:12,0
LF:3
LH:2
BRF:0
BRH:0
end_of_record
TN:
SF:validators/report.validators.js
FN:15,(anonymous_0)
FN:19,(anonymous_1)
FN:27,(anonymous_2)
FNF:3
FNH:0
FNDA:0,(anonymous_0)
FNDA:0,(anonymous_1)
FNDA:0,(anonymous_2)
DA:5,1
DA:9,1
DA:10,1
DA:15,1
DA:16,0
DA:19,1
DA:20,0
DA:24,0
DA:27,1
DA:28,0
DA:32,0
LF:11
LH:6
BRF:0
BRH:0
end_of_record
TN:
SF:validators/review.validators.js
FN:12,(anonymous_0)
FNF:1
FNH:0
FNDA:0,(anonymous_0)
DA:6,1
DA:12,1
DA:13,0
LF:3
LH:2
BRF:0
BRH:0
end_of_record
TN:
SF:validators/stock.validators.js
FN:9,(anonymous_0)
FN:13,(anonymous_1)
FN:19,(anonymous_2)
FN:25,(anonymous_3)
FN:33,(anonymous_4)
FN:42,(anonymous_5)
FN:45,(anonymous_6)
FNF:7
FNH:7
FNDA:6,(anonymous_0)
FNDA:10,(anonymous_1)
FNDA:8,(anonymous_2)
FNDA:12,(anonymous_3)
FNDA:10,(anonymous_4)
FNDA:9,(anonymous_5)
FNDA:15,(anonymous_6)
DA:5,1
DA:9,1
DA:10,6
DA:13,1
DA:15,10
DA:16,2
DA:19,8
DA:20,8
DA:23,8
DA:25,8
DA:27,12
DA:29,12
DA:30,2
DA:33,10
DA:35,10
DA:36,1
DA:41,9
DA:42,9
DA:45,15
DA:46,1
DA:51,8
LF:21
LH:21
BRDA:15,0,0,2
BRDA:15,0,1,8
BRDA:15,1,0,10
BRDA:15,1,1,9
BRDA:29,2,0,2
BRDA:29,2,1,10
BRDA:35,3,0,1
BRDA:35,3,1,9
BRDA:45,4,0,1
BRDA:45,4,1,8
BRF:10
BRH:10
end_of_record
TN:
SF:validators/store.validators.js
FN:9,(anonymous_0)
FNF:1
FNH:1
FNDA:2,(anonymous_0)
DA:5,1
DA:9,1
DA:10,2
LF:3
LH:3
BRF:0
BRH:0
end_of_record
TN:
SF:validators/suspension.validators.js
FN:16,(anonymous_0)
FNF:1
FNH:0
FNDA:0,(anonymous_0)
DA:6,1
DA:16,1
DA:17,0
LF:3
LH:2
BRF:0
BRH:0
end_of_record
TN:
SF:validators/transaction.validators.js
FN:10,(anonymous_0)
FNF:1
FNH:0
FNDA:0,(anonymous_0)
DA:5,1
DA:10,1
DA:11,0
LF:3
LH:2
BRF:0
BRH:0
end_of_record
TN:
SF:validators/user.validators.js
FN:4,(anonymous_0)
FN:21,(anonymous_1)
FN:36,(anonymous_2)
FN:56,(anonymous_3)
FN:66,(anonymous_4)
FN:87,(anonymous_5)
FNF:6
FNH:4
FNDA:2,(anonymous_0)
FNDA:7,(anonymous_1)
FNDA:7,(anonymous_2)
FNDA:0,(anonymous_3)
FNDA:7,(anonymous_4)
FNDA:0,(anonymous_5)
DA:4,1
DA:5,2
DA:13,1
DA:14,1
DA:15,1
DA:16,1
DA:21,1
DA:22,7
DA:29,7
DA:30,0
DA:33,7
DA:36,1
DA:37,7
DA:42,7
DA:43,0
DA:46,7
DA:49,1
DA:56,1
DA:57,0
DA:66,1
DA:71,7
DA:78,7
DA:80,7
DA:81,0
DA:84,7
DA:87,1
DA:88,0
DA:92,0
LF:28
LH:22
BRDA:29,0,0,0
BRDA:29,0,1,7
BRDA:42,1,0,0
BRDA:42,1,1,7
BRDA:68,2,0,0
BRDA:80,3,0,0
BRDA:80,3,1,7
BRF:7
BRH:3
end_of_record
TN:
SF:validators/utils.js
FN:6,(anonymous_0)
FN:19,(anonymous_1)
FN:59,(anonymous_2)
FNF:3
FNH:2
FNDA:4,(anonymous_0)
FNDA:5,(anonymous_1)
FNDA:0,(anonymous_2)
DA:4,1
DA:6,1
DA:7,4
DA:9,0
DA:10,0
DA:12,0
DA:13,0
DA:16,4
DA:19,1
DA:24,5
DA:26,5
DA:27,0
DA:28,0
DA:32,5
DA:33,1
DA:36,4
DA:37,0
DA:42,4
DA:43,3
DA:46,1
DA:47,0
DA:50,1
DA:51,0
DA:54,1
DA:57,1
DA:59,1
DA:60,0
DA:64,0
LF:28
LH:17
BRDA:7,0,0,0
BRDA:7,0,1,0
BRDA:26,1,0,0
BRDA:26,1,1,5
BRDA:27,2,0,0
BRDA:27,2,1,0
BRDA:32,3,0,1
BRDA:32,3,1,4
BRDA:36,4,0,0
BRDA:36,4,1,4
BRDA:42,5,0,3
BRDA:42,5,1,1
BRDA:42,6,0,4
BRDA:42,6,1,4
BRDA:46,7,0,0
BRDA:46,7,1,1
BRDA:50,8,0,0
BRDA:50,8,1,1
BRF:18
BRH:10
end_of_record
