TN:
SF:index.js
FN:73,(anonymous_0)
FNF:1
FNH:0
FNDA:0,(anonymous_0)
DA:34,22
DA:36,22
DA:37,22
DA:38,22
DA:40,22
DA:41,22
DA:42,22
DA:43,22
DA:44,22
DA:45,22
DA:46,22
DA:47,22
DA:48,22
DA:49,22
DA:50,22
DA:51,22
DA:52,22
DA:53,22
DA:54,22
DA:55,22
DA:56,22
DA:57,22
DA:58,22
DA:59,22
DA:60,22
DA:61,22
DA:62,22
DA:63,22
DA:64,22
DA:65,22
DA:66,22
DA:69,22
DA:71,22
DA:72,0
DA:73,0
DA:74,0
LF:36
LH:33
BRDA:71,0,0,0
BRDA:71,0,1,22
BRDA:72,1,0,0
BRDA:72,1,1,0
BRF:4
BRH:1
end_of_record
TN:
SF:__tests__/utils.js
FN:11,(anonymous_0)
FN:42,(anonymous_1)
FN:49,(anonymous_2)
FN:55,(anonymous_3)
FN:61,(anonymous_4)
FN:80,(anonymous_5)
FN:90,(anonymous_6)
FN:98,(anonymous_7)
FN:137,(anonymous_8)
FN:177,(anonymous_9)
FN:211,(anonymous_10)
FN:229,(anonymous_11)
FN:250,(anonymous_12)
FNF:13
FNH:13
FNDA:121,(anonymous_0)
FNDA:122,(anonymous_1)
FNDA:285,(anonymous_2)
FNDA:9,(anonymous_3)
FNDA:294,(anonymous_4)
FNDA:120,(anonymous_5)
FNDA:2,(anonymous_6)
FNDA:35,(anonymous_7)
FNDA:79,(anonymous_8)
FNDA:48,(anonymous_9)
FNDA:62,(anonymous_10)
FNDA:19,(anonymous_11)
FNDA:3,(anonymous_12)
DA:5,22
DA:11,22
DA:17,121
DA:24,121
DA:25,119
DA:28,121
DA:29,118
DA:36,118
DA:39,121
DA:42,22
DA:43,122
DA:44,122
DA:49,22
DA:50,285
DA:52,285
DA:55,22
DA:56,9
DA:58,9
DA:61,22
DA:62,294
DA:73,294
DA:77,294
DA:80,22
DA:81,120
DA:82,106
DA:85,120
DA:90,22
DA:91,2
DA:95,2
DA:98,22
DA:104,35
DA:108,35
DA:116,35
DA:118,35
DA:124,35
DA:126,35
DA:127,34
DA:134,35
DA:137,22
DA:144,79
DA:145,0
DA:148,79
DA:149,23
DA:154,79
DA:168,79
DA:169,157
DA:172,79
DA:174,79
DA:177,22
DA:189,48
DA:190,4
DA:193,48
DA:194,4
DA:198,4
DA:201,48
DA:208,48
DA:211,22
DA:212,62
DA:213,41
DA:221,62
DA:226,62
DA:229,22
DA:238,19
DA:243,19
DA:244,3
DA:247,19
DA:250,22
DA:251,3
DA:255,3
LF:69
LH:68
BRDA:13,0,0,70
BRDA:15,1,0,119
BRDA:24,2,0,119
BRDA:24,2,1,2
BRDA:28,3,0,118
BRDA:28,3,1,3
BRDA:61,4,0,285
BRDA:64,5,0,285
BRDA:64,5,1,9
BRDA:68,6,0,285
BRDA:68,6,1,9
BRDA:81,7,0,106
BRDA:81,7,1,14
BRDA:102,8,0,34
BRDA:126,9,0,34
BRDA:126,9,1,1
BRDA:140,10,0,8
BRDA:141,11,0,47
BRDA:142,12,0,48
BRDA:144,13,0,0
BRDA:144,13,1,79
BRDA:148,14,0,23
BRDA:148,14,1,56
BRDA:181,15,0,1
BRDA:182,16,0,4
BRDA:189,17,0,4
BRDA:189,17,1,44
BRDA:193,18,0,4
BRDA:193,18,1,44
BRDA:212,19,0,41
BRDA:212,19,1,21
BRDA:232,20,0,4
BRDA:243,21,0,3
BRDA:243,21,1,16
BRF:34
BRH:33
end_of_record
TN:
SF:__tests__/utils/address.utils.js
FN:3,(anonymous_0)
FNF:1
FNH:1
FNDA:155,(anonymous_0)
DA:3,22
DA:9,155
DA:18,155
LF:3
LH:3
BRDA:6,0,0,1
BRDA:7,1,0,90
BRDA:13,2,0,141
BRDA:13,2,1,14
BRDA:14,3,0,141
BRDA:14,3,1,14
BRDA:15,4,0,141
BRDA:15,4,1,14
BRF:8
BRH:8
end_of_record
TN:
SF:__tests__/utils/business.utils.js
FN:3,(anonymous_0)
FN:27,(anonymous_1)
FN:44,(anonymous_2)
FNF:3
FNH:3
FNDA:14,(anonymous_0)
FNDA:12,(anonymous_1)
FNDA:3,(anonymous_2)
DA:3,1
DA:11,14
DA:18,14
DA:19,6
DA:22,14
DA:24,14
DA:27,1
DA:34,12
DA:41,12
DA:44,1
DA:45,3
DA:49,3
LF:12
LH:12
BRDA:6,0,0,1
BRDA:7,1,0,2
BRDA:8,2,0,5
BRDA:18,3,0,6
BRDA:18,3,1,8
BRF:5
BRH:5
end_of_record
TN:
SF:__tests__/utils/order.utils.js
FN:9,(anonymous_0)
FN:18,(anonymous_1)
FN:26,(anonymous_2)
FN:34,(anonymous_3)
FN:42,(anonymous_4)
FN:49,(anonymous_5)
FN:57,(anonymous_6)
FNF:7
FNH:7
FNDA:42,(anonymous_0)
FNDA:50,(anonymous_1)
FNDA:7,(anonymous_2)
FNDA:20,(anonymous_3)
FNDA:14,(anonymous_4)
FNDA:15,(anonymous_5)
FNDA:9,(anonymous_6)
DA:9,7
DA:10,42
DA:15,42
DA:18,7
DA:19,50
DA:23,50
DA:26,7
DA:27,7
DA:31,7
DA:34,7
DA:35,20
DA:39,20
DA:42,7
DA:43,14
DA:44,14
DA:46,14
DA:49,7
DA:50,15
DA:54,15
DA:57,7
DA:58,9
DA:60,9
DA:61,9
DA:64,9
DA:65,9
DA:66,9
DA:73,9
DA:74,9
DA:75,9
DA:76,9
DA:78,9
DA:79,9
DA:98,9
LF:33
LH:33
BRF:0
BRH:0
end_of_record
TN:
SF:__tests__/utils/product.utils.js
FN:8,(anonymous_0)
FNF:1
FNH:1
FNDA:8,(anonymous_0)
DA:8,5
DA:9,8
DA:14,8
DA:15,8
DA:16,8
DA:23,8
LF:6
LH:6
BRF:0
BRH:0
end_of_record
TN:
SF:__tests__/utils/report.utils.js
FN:3,(anonymous_0)
FN:14,(anonymous_1)
FNF:2
FNH:2
FNDA:4,(anonymous_0)
FNDA:6,(anonymous_1)
DA:3,1
DA:4,4
DA:11,4
DA:14,1
DA:15,6
DA:19,6
LF:6
LH:6
BRF:0
BRH:0
end_of_record
TN:
SF:__tests__/utils/review.utils.js
FN:3,(anonymous_0)
FN:25,(anonymous_1)
FNF:2
FNH:2
FNDA:22,(anonymous_0)
FNDA:3,(anonymous_1)
DA:3,3
DA:11,22
DA:16,22
DA:17,4
DA:20,22
DA:22,22
DA:25,3
DA:26,3
DA:30,3
LF:9
LH:9
BRDA:14,0,0,22
BRDA:14,0,1,10
BRDA:16,1,0,4
BRDA:16,1,1,18
BRF:4
BRH:4
end_of_record
TN:
SF:__tests__/utils/suspension.utils.js
FN:3,(anonymous_0)
FNF:1
FNH:1
FNDA:19,(anonymous_0)
DA:3,2
DA:11,19
DA:18,19
LF:3
LH:3
BRF:0
BRH:0
end_of_record
TN:
SF:controllers/account.controllers.js
FN:14,(anonymous_0)
FN:48,(anonymous_1)
FN:95,(anonymous_2)
FN:138,(anonymous_3)
FNF:4
FNH:4
FNDA:2,(anonymous_0)
FNDA:3,(anonymous_1)
FNDA:4,(anonymous_2)
FNDA:6,(anonymous_3)
DA:12,22
DA:14,22
DA:15,2
DA:17,2
DA:18,1
DA:21,1
DA:22,1
DA:27,1
DA:34,1
DA:40,1
DA:44,0
DA:48,22
DA:49,3
DA:50,3
DA:52,3
DA:53,1
DA:56,2
DA:57,1
DA:60,1
DA:61,1
DA:65,1
DA:71,1
DA:72,1
DA:75,0
DA:87,0
DA:91,0
DA:95,22
DA:96,4
DA:98,4
DA:99,1
DA:102,3
DA:103,3
DA:109,3
DA:110,1
DA:113,2
DA:118,2
DA:126,2
DA:132,2
DA:134,0
DA:138,22
DA:139,6
DA:140,6
DA:142,6
DA:143,4
DA:146,2
DA:147,2
DA:153,2
DA:154,1
DA:157,1
DA:163,1
DA:164,0
DA:172,1
DA:178,1
DA:179,1
DA:183,0
DA:184,0
DA:186,0
DA:202,0
DA:204,0
LF:59
LH:48
BRDA:17,0,0,1
BRDA:17,0,1,1
BRDA:52,1,0,1
BRDA:52,1,1,2
BRDA:56,2,0,1
BRDA:56,2,1,1
BRDA:71,3,0,1
BRDA:71,3,1,0
BRDA:98,4,0,1
BRDA:98,4,1,3
BRDA:109,5,0,1
BRDA:109,5,1,2
BRDA:142,6,0,4
BRDA:142,6,1,2
BRDA:153,7,0,1
BRDA:153,7,1,1
BRDA:163,8,0,0
BRDA:163,8,1,1
BRDA:178,9,0,1
BRDA:178,9,1,0
BRF:20
BRH:17
end_of_record
TN:
SF:controllers/report.controllers.js
FN:12,(anonymous_0)
FN:130,(anonymous_1)
FN:172,(anonymous_2)
FN:196,(anonymous_3)
FNF:4
FNH:2
FNDA:4,(anonymous_0)
FNDA:0,(anonymous_1)
FNDA:5,(anonymous_2)
FNDA:0,(anonymous_3)
DA:12,22
DA:13,4
DA:14,4
DA:15,4
DA:16,4
DA:17,4
DA:20,4
DA:22,4
DA:23,0
DA:26,4
DA:50,4
DA:57,4
DA:58,0
DA:62,4
DA:63,1
DA:64,0
DA:71,4
DA:72,1
DA:73,0
DA:80,4
DA:81,1
DA:82,0
DA:87,4
DA:88,1
DA:89,0
DA:95,4
DA:102,4
DA:103,4
DA:108,4
DA:113,4
DA:115,0
DA:117,0
DA:118,0
DA:126,0
DA:130,22
DA:131,0
DA:132,0
DA:133,0
DA:134,0
DA:136,0
DA:137,0
DA:139,0
DA:140,0
DA:143,0
DA:150,0
DA:151,0
DA:166,0
DA:168,0
DA:172,22
DA:173,5
DA:175,5
DA:176,5
DA:182,4
DA:184,1
DA:189,1
DA:192,0
DA:196,22
DA:197,0
DA:198,0
DA:207,0
DA:209,0
LF:61
LH:33
BRDA:15,0,0,4
BRDA:15,0,1,0
BRDA:22,1,0,0
BRDA:22,1,1,4
BRDA:57,2,0,0
BRDA:57,2,1,4
BRDA:62,3,0,1
BRDA:62,3,1,3
BRDA:63,4,0,0
BRDA:63,4,1,1
BRDA:71,5,0,1
BRDA:71,5,1,3
BRDA:72,6,0,0
BRDA:72,6,1,1
BRDA:80,7,0,1
BRDA:80,7,1,3
BRDA:81,8,0,0
BRDA:81,8,1,1
BRDA:87,9,0,1
BRDA:87,9,1,3
BRDA:88,10,0,0
BRDA:88,10,1,1
BRDA:109,11,0,1
BRDA:109,11,1,3
BRDA:117,12,0,0
BRDA:117,12,1,0
BRDA:131,13,0,0
BRDA:131,13,1,0
BRDA:132,14,0,0
BRDA:132,14,1,0
BRDA:136,15,0,0
BRDA:136,15,1,0
BRDA:139,16,0,0
BRDA:139,16,1,0
BRDA:173,17,0,5
BRDA:173,17,1,0
BRDA:184,18,0,1
BRDA:184,18,1,0
BRF:38
BRH:19
end_of_record
TN:
SF:controllers/store.controllers.js
FN:9,(anonymous_0)
FN:51,(anonymous_1)
FN:101,(anonymous_2)
FN:109,(anonymous_3)
FN:213,(anonymous_4)
FN:238,(anonymous_5)
FN:258,(anonymous_6)
FNF:7
FNH:4
FNDA:76,(anonymous_0)
FNDA:0,(anonymous_1)
FNDA:0,(anonymous_2)
FNDA:0,(anonymous_3)
FNDA:3,(anonymous_4)
FNDA:4,(anonymous_5)
FNDA:2,(anonymous_6)
DA:9,22
DA:10,76
DA:11,76
DA:13,76
DA:15,76
DA:16,2
DA:19,74
DA:20,2
DA:23,72
DA:25,72
DA:29,72
DA:30,5
DA:38,67
DA:45,67
DA:47,0
DA:51,22
DA:52,0
DA:54,0
DA:55,0
DA:77,0
DA:78,0
DA:81,0
DA:82,0
DA:86,0
DA:87,0
DA:94,0
DA:96,0
DA:97,0
DA:101,22
DA:102,0
DA:103,0
DA:104,0
DA:105,0
DA:106,0
DA:107,0
DA:109,0
DA:110,0
DA:132,0
DA:139,0
DA:141,0
DA:142,0
DA:147,0
DA:165,0
DA:178,0
DA:179,0
DA:206,0
DA:208,0
DA:209,0
DA:213,22
DA:214,3
DA:215,3
DA:216,3
DA:218,3
DA:219,1
DA:222,2
DA:239,4
DA:247,2
DA:248,0
DA:257,2
DA:258,2
DA:259,2
DA:262,2
DA:264,2
DA:266,0
LF:64
LH:30
BRDA:15,0,0,2
BRDA:15,0,1,74
BRDA:19,1,0,2
BRDA:19,1,1,72
BRDA:29,2,0,5
BRDA:29,2,1,67
BRDA:52,3,0,0
BRDA:52,3,1,0
BRDA:77,4,0,0
BRDA:77,4,1,0
BRDA:81,5,0,0
BRDA:81,5,1,0
BRDA:86,6,0,0
BRDA:86,6,1,0
BRDA:86,7,0,0
BRDA:86,7,1,0
BRDA:103,8,0,0
BRDA:103,8,1,0
BRDA:104,9,0,0
BRDA:104,9,1,0
BRDA:105,10,0,0
BRDA:105,10,1,0
BRDA:106,11,0,0
BRDA:106,11,1,0
BRDA:141,12,0,0
BRDA:141,12,1,0
BRDA:218,13,0,1
BRDA:218,13,1,2
BRDA:247,14,0,0
BRDA:247,14,1,2
BRF:30
BRH:9
end_of_record
TN:
SF:controllers/user.controllers.js
FN:11,(anonymous_0)
FN:58,(anonymous_1)
FN:100,(anonymous_2)
FN:128,(anonymous_3)
FN:150,(anonymous_4)
FN:158,(anonymous_5)
FN:181,(anonymous_6)
FNF:7
FNH:6
FNDA:9,(anonymous_0)
FNDA:5,(anonymous_1)
FNDA:2,(anonymous_2)
FNDA:0,(anonymous_3)
FNDA:4,(anonymous_4)
FNDA:120,(anonymous_5)
FNDA:122,(anonymous_6)
DA:11,22
DA:13,9
DA:14,9
DA:16,9
DA:22,9
DA:23,6
DA:26,3
DA:27,3
DA:29,3
DA:32,3
DA:33,3
DA:38,3
DA:41,3
DA:50,3
DA:52,0
DA:54,0
DA:58,22
DA:59,5
DA:60,5
DA:62,5
DA:63,1
DA:67,4
DA:69,4
DA:70,2
DA:73,2
DA:74,2
DA:76,2
DA:77,1
DA:81,1
DA:82,1
DA:85,1
DA:92,1
DA:94,0
DA:96,0
DA:100,22
DA:101,2
DA:103,2
DA:104,1
DA:107,1
DA:108,1
DA:116,1
DA:122,1
DA:124,0
DA:128,22
DA:130,0
DA:132,0
DA:133,0
DA:142,0
DA:146,0
DA:150,22
DA:151,4
DA:153,4
DA:158,22
DA:159,120
DA:161,120
DA:162,120
DA:175,118
DA:177,2
DA:181,22
DA:182,122
DA:184,122
DA:185,122
DA:195,0
LF:63
LH:52
BRDA:22,0,0,6
BRDA:22,0,1,3
BRDA:29,1,0,3
BRDA:29,1,1,0
BRDA:46,2,0,0
BRDA:46,2,1,3
BRDA:47,3,0,3
BRDA:47,3,1,0
BRDA:62,4,0,1
BRDA:62,4,1,4
BRDA:69,5,0,2
BRDA:69,5,1,2
BRDA:76,6,0,1
BRDA:76,6,1,1
BRDA:103,7,0,1
BRDA:103,7,1,1
BRDA:159,8,0,120
BRDA:159,8,1,2
BRDA:182,9,0,122
BRDA:182,9,1,0
BRF:20
BRH:16
end_of_record
TN:
SF:middleware/auth.middleware.js
FN:6,(anonymous_0)
FNF:1
FNH:1
FNDA:1182,(anonymous_0)
DA:6,22
DA:7,1182
DA:8,1182
DA:9,1182
DA:11,1182
DA:12,1
DA:15,1181
DA:16,1181
DA:18,1181
DA:19,1181
DA:21,1177
DA:23,1177
DA:43,1177
DA:44,0
DA:47,1177
DA:52,0
DA:57,1177
DA:59,0
DA:64,1177
DA:66,6
DA:74,1171
DA:79,0
DA:87,1171
DA:91,0
DA:99,1171
DA:103,9
DA:111,1162
DA:113,0
DA:116,4
DA:117,4
DA:119,4
DA:120,4
DA:121,4
DA:124,4
DA:127,1162
LF:35
LH:29
BRDA:11,0,0,1
BRDA:11,0,1,1181
BRDA:16,1,0,1181
BRDA:16,1,1,0
BRDA:21,2,0,1177
BRDA:21,2,1,0
BRDA:39,3,0,1177
BRDA:39,3,1,735
BRDA:43,4,0,0
BRDA:43,4,1,1177
BRDA:47,5,0,0
BRDA:47,5,1,1177
BRDA:48,6,0,1177
BRDA:48,6,1,3
BRDA:49,7,0,3
BRDA:49,7,1,0
BRDA:57,8,0,0
BRDA:57,8,1,1177
BRDA:57,9,0,1177
BRDA:57,9,1,0
BRDA:64,10,0,6
BRDA:64,10,1,1171
BRDA:64,11,0,1177
BRDA:64,11,1,355
BRDA:74,12,0,0
BRDA:74,12,1,1171
BRDA:75,13,0,1171
BRDA:75,13,1,0
BRDA:87,14,0,0
BRDA:87,14,1,1171
BRDA:88,15,0,1171
BRDA:88,15,1,97
BRDA:99,16,0,9
BRDA:99,16,1,1162
BRDA:100,17,0,1171
BRDA:100,17,1,198
BRDA:100,17,2,193
BRDA:119,18,0,4
BRDA:119,18,1,0
BRF:39
BRH:28
end_of_record
TN:
SF:routes/report.routes.js
FN:11,(anonymous_0)
FN:16,(anonymous_1)
FN:33,(anonymous_2)
FN:42,(anonymous_3)
FN:51,(anonymous_4)
FNF:5
FNH:3
FNDA:22,(anonymous_0)
FNDA:4,(anonymous_1)
FNDA:0,(anonymous_2)
FNDA:6,(anonymous_3)
FNDA:0,(anonymous_4)
DA:11,22
DA:12,22
DA:14,22
DA:17,4
DA:18,4
DA:19,4
DA:26,4
DA:31,22
DA:34,0
DA:35,0
DA:40,22
DA:43,6
DA:44,6
DA:49,22
DA:52,0
DA:53,0
DA:58,22
LF:17
LH:13
BRF:0
BRH:0
end_of_record
TN:
SF:routes/store.routes.js
FN:11,(anonymous_0)
FN:16,(anonymous_1)
FN:30,(anonymous_2)
FN:41,(anonymous_3)
FN:56,(anonymous_4)
FNF:5
FNH:4
FNDA:22,(anonymous_0)
FNDA:78,(anonymous_1)
FNDA:0,(anonymous_2)
FNDA:3,(anonymous_3)
FNDA:3,(anonymous_4)
DA:11,22
DA:12,22
DA:14,22
DA:17,78
DA:18,78
DA:21,78
DA:26,22
DA:28,22
DA:31,0
DA:34,0
DA:39,22
DA:42,3
DA:54,3
DA:57,3
DA:58,3
DA:62,22
LF:16
LH:14
BRF:0
BRH:0
end_of_record
TN:
SF:routes/user.routes.js
FN:20,(anonymous_0)
FN:34,(anonymous_1)
FN:45,(anonymous_2)
FN:58,(anonymous_3)
FN:73,(anonymous_4)
FN:82,(anonymous_5)
FNF:6
FNH:6
FNDA:12,(anonymous_0)
FNDA:5,(anonymous_1)
FNDA:2,(anonymous_2)
FNDA:4,(anonymous_3)
FNDA:120,(anonymous_4)
FNDA:122,(anonymous_5)
DA:16,22
DA:18,22
DA:21,12
DA:26,12
DA:32,22
DA:35,5
DA:38,5
DA:43,22
DA:46,2
DA:49,2
DA:54,22
DA:56,22
DA:59,4
DA:64,4
DA:71,22
DA:74,120
DA:75,120
DA:80,22
DA:83,122
DA:84,122
LF:20
LH:20
BRF:0
BRH:0
end_of_record
